#! /usr/bin/vvp
:ivl_version "12.0 (stable)";
:ivl_delay_selection "TYPICAL";
:vpi_time_precision - 12;
:vpi_module "/usr/lib/x86_64-linux-gnu/ivl/system.vpi";
:vpi_module "/usr/lib/x86_64-linux-gnu/ivl/vhdl_sys.vpi";
:vpi_module "/usr/lib/x86_64-linux-gnu/ivl/vhdl_textio.vpi";
:vpi_module "/usr/lib/x86_64-linux-gnu/ivl/v2005_math.vpi";
:vpi_module "/usr/lib/x86_64-linux-gnu/ivl/va_math.vpi";
S_0x5fd641daa860 .scope module, "pipe_top" "pipe_top" 2 2;
 .timescale -9 -12;
    .port_info 0 /INPUT 1 "clk";
    .port_info 1 /INPUT 1 "rst_n";
    .port_info 2 /INPUT 1 "mac_rx_valid";
    .port_info 3 /INPUT 8 "mac_rx_data";
    .port_info 4 /INPUT 1 "mac_rx_last";
    .port_info 5 /OUTPUT 1 "mac_rx_ready";
    .port_info 6 /INPUT 1 "tcam_wr_en";
    .port_info 7 /INPUT 1 "tcam_wr_is_mask";
    .port_info 8 /INPUT 4 "tcam_wr_addr";
    .port_info 9 /INPUT 128 "tcam_wr_data";
    .port_info 10 /INPUT 1 "action_wr_en";
    .port_info 11 /INPUT 4 "action_wr_addr";
    .port_info 12 /INPUT 64 "action_wr_data";
    .port_info 13 /INPUT 1 "action_wr_default";
    .port_info 14 /INPUT 64 "action_default_data";
    .port_info 15 /OUTPUT 1 "action_valid";
    .port_info 16 /OUTPUT 64 "action";
P_0x5fd641d0eb70 .param/l "ACTION_W" 0 2 7, +C4<00000000000000000000000001000000>;
P_0x5fd641d0ebb0 .param/l "FIFO_ADDR_W" 0 2 5, +C4<00000000000000000000000000000100>;
P_0x5fd641d0ebf0 .param/l "FIFO_DEPTH" 0 2 4, +C4<00000000000000000000000000010000>;
P_0x5fd641d0ec30 .param/l "HEADER_BYTES" 0 2 3, +C4<00000000000000000000000011000000>;
P_0x5fd641d0ec70 .param/l "TCAM_ENTRIES" 0 2 6, +C4<00000000000000000000000000010000>;
v0x5fd641def760_0 .net "action", 63 0, v0x5fd641da5f70_0;  1 drivers
o0x742f760830d8 .functor BUFZ 64, C4<zzzzzzzzzzzzzzzzzzzzzzzzzzzzzzzzzzzzzzzzzzzzzzzzzzzzzzzzzzzzzzzz>; HiZ drive
v0x5fd641def840_0 .net "action_default_data", 63 0, o0x742f760830d8;  0 drivers
v0x5fd641def910_0 .net "action_hit", 0 0, v0x5fd641deeee0_0;  1 drivers
v0x5fd641defa30_0 .net "action_index", 3 0, v0x5fd641deefa0_0;  1 drivers
v0x5fd641defb20_0 .net "action_pipe_valid", 0 0, v0x5fd641def0e0_0;  1 drivers
v0x5fd641defc60_0 .net "action_valid", 0 0, v0x5fd641d92ba0_0;  1 drivers
o0x742f760831c8 .functor BUFZ 4, C4<zzzz>; HiZ drive
v0x5fd641defd00_0 .net "action_wr_addr", 3 0, o0x742f760831c8;  0 drivers
o0x742f760831f8 .functor BUFZ 64, C4<zzzzzzzzzzzzzzzzzzzzzzzzzzzzzzzzzzzzzzzzzzzzzzzzzzzzzzzzzzzzzzzz>; HiZ drive
v0x5fd641defda0_0 .net "action_wr_data", 63 0, o0x742f760831f8;  0 drivers
o0x742f76083228 .functor BUFZ 1, C4<z>; HiZ drive
v0x5fd641defe40_0 .net "action_wr_default", 0 0, o0x742f76083228;  0 drivers
o0x742f76083258 .functor BUFZ 1, C4<z>; HiZ drive
v0x5fd641deff70_0 .net "action_wr_en", 0 0, o0x742f76083258;  0 drivers
o0x742f76083078 .functor BUFZ 1, C4<z>; HiZ drive
v0x5fd641df0040_0 .net "clk", 0 0, o0x742f76083078;  0 drivers
v0x5fd641df01f0_0 .net "dscp", 5 0, v0x5fd641de2660_0;  1 drivers
v0x5fd641df0290_0 .net "dst_ip", 31 0, v0x5fd641de2720_0;  1 drivers
v0x5fd641df0330_0 .net "dst_port", 15 0, v0x5fd641de28b0_0;  1 drivers
v0x5fd641df03d0_0 .net "fifo_data", 7 0, v0x5fd641de0380_0;  1 drivers
v0x5fd641df0470_0 .net "fifo_last", 0 0, v0x5fd641de0440_0;  1 drivers
v0x5fd641df0560_0 .net "fifo_ready", 0 0, L_0x5fd641e02700;  1 drivers
v0x5fd641df0760_0 .net "fifo_valid", 0 0, v0x5fd641de0670_0;  1 drivers
v0x5fd641df0850_0 .net "hdr_flat", 1535 0, v0x5fd641dddef0_0;  1 drivers
v0x5fd641df0960_0 .net "hdr_ready", 0 0, L_0x5fd641d7a5f0;  1 drivers
v0x5fd641df0a50_0 .net "hdr_valid", 0 0, v0x5fd641dde050_0;  1 drivers
v0x5fd641df0b40_0 .net "header_flat", 1535 0, v0x5fd641ddd0f0_0;  1 drivers
v0x5fd641df0c50_0 .net "header_len", 8 0, v0x5fd641ddd1d0_0;  1 drivers
v0x5fd641df0d60_0 .net "header_ready", 0 0, L_0x5fd641d69cc0;  1 drivers
v0x5fd641df0e50_0 .net "header_valid", 0 0, v0x5fd641ddd370_0;  1 drivers
v0x5fd641df0f40_0 .net "ip_proto", 7 0, v0x5fd641de2fc0_0;  1 drivers
v0x5fd641df1000_0 .net "is_arp", 0 0, v0x5fd641de31a0_0;  1 drivers
v0x5fd641df10a0_0 .net "is_fragmented", 0 0, v0x5fd641de3270_0;  1 drivers
v0x5fd641df1140_0 .net "is_ipv4", 0 0, v0x5fd641de3340_0;  1 drivers
v0x5fd641df11e0_0 .net "is_ipv6", 0 0, v0x5fd641de3410_0;  1 drivers
L_0x742f75db7180 .functor BUFT 1, C4<1>, C4<0>, C4<0>, C4<0>;
v0x5fd641df1280_0 .net "key_ready", 0 0, L_0x742f75db7180;  1 drivers
v0x5fd641df1320_0 .net "key_valid", 0 0, v0x5fd641de5700_0;  1 drivers
o0x742f76084728 .functor BUFZ 8, C4<zzzzzzzz>; HiZ drive
v0x5fd641df13c0_0 .net "mac_rx_data", 7 0, o0x742f76084728;  0 drivers
o0x742f76084758 .functor BUFZ 1, C4<z>; HiZ drive
v0x5fd641df1670_0 .net "mac_rx_last", 0 0, o0x742f76084758;  0 drivers
v0x5fd641df1710_0 .net "mac_rx_ready", 0 0, L_0x5fd641e02520;  1 drivers
o0x742f760847b8 .functor BUFZ 1, C4<z>; HiZ drive
v0x5fd641df17b0_0 .net "mac_rx_valid", 0 0, o0x742f760847b8;  0 drivers
v0x5fd641df1850_0 .net "parser_ready", 0 0, L_0x5fd641e02ab0;  1 drivers
v0x5fd641df1940_0 .net "parser_valid", 0 0, L_0x5fd641e02880;  1 drivers
o0x742f76083168 .functor BUFZ 1, C4<z>; HiZ drive
v0x5fd641df1a30_0 .net "rst_n", 0 0, o0x742f76083168;  0 drivers
v0x5fd641df1ad0_0 .net "src_ip", 31 0, v0x5fd641de3820_0;  1 drivers
v0x5fd641df1b70_0 .net "src_port", 15 0, v0x5fd641de39d0_0;  1 drivers
v0x5fd641df1c10_0 .net "tcam_hit", 0 0, v0x5fd641dedac0_0;  1 drivers
v0x5fd641df1d00_0 .net "tcam_hit_index", 3 0, v0x5fd641dedb80_0;  1 drivers
v0x5fd641df1df0_0 .net "tcam_key", 127 0, L_0x5fd641e02be0;  1 drivers
o0x742f76086f78 .functor BUFZ 4, C4<zzzz>; HiZ drive
v0x5fd641df1ee0_0 .net "tcam_wr_addr", 3 0, o0x742f76086f78;  0 drivers
o0x742f76086fa8 .functor BUFZ 128, C4<zzzzzzzzzzzzzzzzzzzzzzzzzzzzzzzzzzzzzzzzzzzzzzzzzzzzzzzzzzzzzzzzzzzzzzzzzzzzzzzzzzzzzzzzzzzzzzzzzzzzzzzzzzzzzzzzzzzzzzzzzzzzzzzz>; HiZ drive
v0x5fd641df1fa0_0 .net "tcam_wr_data", 127 0, o0x742f76086fa8;  0 drivers
o0x742f76086fd8 .functor BUFZ 1, C4<z>; HiZ drive
v0x5fd641df2040_0 .net "tcam_wr_en", 0 0, o0x742f76086fd8;  0 drivers
o0x742f76087008 .functor BUFZ 1, C4<z>; HiZ drive
v0x5fd641df20e0_0 .net "tcam_wr_is_mask", 0 0, o0x742f76087008;  0 drivers
v0x5fd641df2180_0 .net "vlan_id", 11 0, v0x5fd641de3d40_0;  1 drivers
S_0x5fd641da7e90 .scope module, "u_action_pipe" "action_pipe" 2 241, 3 2 0, S_0x5fd641daa860;
 .timescale -9 -12;
    .port_info 0 /INPUT 1 "clk";
    .port_info 1 /INPUT 1 "rst_n";
    .port_info 2 /INPUT 1 "tcam_valid";
    .port_info 3 /INPUT 1 "hit";
    .port_info 4 /INPUT 4 "hit_index";
    .port_info 5 /OUTPUT 1 "action_valid";
    .port_info 6 /OUTPUT 64 "action";
    .port_info 7 /INPUT 1 "wr_en";
    .port_info 8 /INPUT 4 "wr_addr";
    .port_info 9 /INPUT 64 "wr_data";
    .port_info 10 /INPUT 1 "wr_default";
    .port_info 11 /INPUT 64 "default_data";
P_0x5fd641dc82f0 .param/l "ACTION_W" 0 3 4, +C4<00000000000000000000000001000000>;
P_0x5fd641dc8330 .param/l "ENTRIES" 0 3 3, +C4<00000000000000000000000000010000>;
v0x5fd641da5f70_0 .var "action", 63 0;
v0x5fd641d92ba0_0 .var "action_valid", 0 0;
v0x5fd641d92c40_0 .net "clk", 0 0, o0x742f76083078;  alias, 0 drivers
v0x5fd641d97190_0 .var "default_action", 63 0;
v0x5fd641d97230_0 .net "default_data", 63 0, o0x742f760830d8;  alias, 0 drivers
v0x5fd641d95c90_0 .net "hit", 0 0, v0x5fd641deeee0_0;  alias, 1 drivers
v0x5fd641d95d30_0 .net "hit_index", 3 0, v0x5fd641deefa0_0;  alias, 1 drivers
v0x5fd641ddc120 .array "mem", 15 0, 63 0;
v0x5fd641ddc1e0_0 .net "rst_n", 0 0, o0x742f76083168;  alias, 0 drivers
v0x5fd641ddc330_0 .net "tcam_valid", 0 0, v0x5fd641def0e0_0;  alias, 1 drivers
v0x5fd641ddc3f0_0 .net "wr_addr", 3 0, o0x742f760831c8;  alias, 0 drivers
v0x5fd641ddc4d0_0 .net "wr_data", 63 0, o0x742f760831f8;  alias, 0 drivers
v0x5fd641ddc5b0_0 .net "wr_default", 0 0, o0x742f76083228;  alias, 0 drivers
v0x5fd641ddc670_0 .net "wr_en", 0 0, o0x742f76083258;  alias, 0 drivers
E_0x5fd641d7a060/0 .event negedge, v0x5fd641ddc1e0_0;
E_0x5fd641d7a060/1 .event posedge, v0x5fd641d92c40_0;
E_0x5fd641d7a060 .event/or E_0x5fd641d7a060/0, E_0x5fd641d7a060/1;
E_0x5fd641d79210 .event posedge, v0x5fd641d92c40_0;
S_0x5fd641ddc8b0 .scope module, "u_header_buffer_pipe_fifo" "header_buffer_pipe_fifo" 2 67, 4 2 0, S_0x5fd641daa860;
 .timescale -9 -12;
    .port_info 0 /INPUT 1 "clk";
    .port_info 1 /INPUT 1 "rst_n";
    .port_info 2 /INPUT 1 "fifo_valid";
    .port_info 3 /INPUT 8 "fifo_data";
    .port_info 4 /INPUT 1 "fifo_last";
    .port_info 5 /OUTPUT 1 "fifo_ready";
    .port_info 6 /OUTPUT 1536 "header_flat";
    .port_info 7 /OUTPUT 9 "header_len";
    .port_info 8 /OUTPUT 1 "header_valid";
    .port_info 9 /INPUT 1 "header_ready";
P_0x5fd641ddca60 .param/l "HEADER_BYTES" 0 4 3, +C4<00000000000000000000000011000000>;
P_0x5fd641ddcaa0 .param/l "PTR_W" 0 4 4, +C4<00000000000000000000000000001000>;
v0x5fd641ddcd20_0 .net "clk", 0 0, o0x742f76083078;  alias, 0 drivers
v0x5fd641ddcdc0_0 .net "fifo_data", 7 0, v0x5fd641de0380_0;  alias, 1 drivers
v0x5fd641ddce80_0 .net "fifo_last", 0 0, v0x5fd641de0440_0;  alias, 1 drivers
v0x5fd641ddcf20_0 .net "fifo_ready", 0 0, L_0x5fd641e02700;  alias, 1 drivers
v0x5fd641ddcfe0_0 .net "fifo_valid", 0 0, v0x5fd641de0670_0;  alias, 1 drivers
v0x5fd641ddd0f0_0 .var "header_flat", 1535 0;
v0x5fd641ddd1d0_0 .var "header_len", 8 0;
v0x5fd641ddd2b0_0 .net "header_ready", 0 0, L_0x5fd641d69cc0;  alias, 1 drivers
v0x5fd641ddd370_0 .var "header_valid", 0 0;
v0x5fd641ddd430_0 .var/i "i", 31 0;
v0x5fd641ddd510_0 .var "in_packet", 0 0;
v0x5fd641ddd5d0_0 .net "rst_n", 0 0, o0x742f76083168;  alias, 0 drivers
v0x5fd641ddd670_0 .var "wr_ptr", 8 0;
L_0x5fd641e02700 .reduce/nor v0x5fd641ddd370_0;
S_0x5fd641ddd870 .scope module, "u_header_to_parser_pipe_reg" "header_to_parser_pipe_reg" 2 88, 5 2 0, S_0x5fd641daa860;
 .timescale -9 -12;
    .port_info 0 /INPUT 1 "clk";
    .port_info 1 /INPUT 1 "rst_n";
    .port_info 2 /INPUT 1 "header_valid";
    .port_info 3 /INPUT 1536 "header_flat";
    .port_info 4 /INPUT 9 "header_len";
    .port_info 5 /OUTPUT 1 "header_ready";
    .port_info 6 /OUTPUT 1 "hdr_valid";
    .port_info 7 /OUTPUT 1536 "hdr_flat";
    .port_info 8 /INPUT 1 "hdr_ready";
P_0x5fd641ddda00 .param/l "HEADER_BYTES" 0 5 3, +C4<00000000000000000000000011000000>;
P_0x5fd641ddda40 .param/l "PTR_W" 0 5 4, +C4<00000000000000000000000000001000>;
L_0x5fd641d69cc0 .functor OR 1, L_0x5fd641e027a0, L_0x5fd641d7a5f0, C4<0>, C4<0>;
v0x5fd641dddd20_0 .net *"_ivl_1", 0 0, L_0x5fd641e027a0;  1 drivers
v0x5fd641dddde0_0 .net "clk", 0 0, o0x742f76083078;  alias, 0 drivers
v0x5fd641dddef0_0 .var "hdr_flat", 1535 0;
v0x5fd641dddf90_0 .net "hdr_ready", 0 0, L_0x5fd641d7a5f0;  alias, 1 drivers
v0x5fd641dde050_0 .var "hdr_valid", 0 0;
v0x5fd641dde160_0 .net "header_flat", 1535 0, v0x5fd641ddd0f0_0;  alias, 1 drivers
v0x5fd641dde220_0 .net "header_len", 8 0, v0x5fd641ddd1d0_0;  alias, 1 drivers
v0x5fd641dde2f0_0 .net "header_ready", 0 0, L_0x5fd641d69cc0;  alias, 1 drivers
v0x5fd641dde3c0_0 .net "header_valid", 0 0, v0x5fd641ddd370_0;  alias, 1 drivers
v0x5fd641dde490_0 .net "rst_n", 0 0, o0x742f76083168;  alias, 0 drivers
L_0x5fd641e027a0 .reduce/nor v0x5fd641dde050_0;
S_0x5fd641dde640 .scope module, "u_key_builder_pipe" "key_builder_pipe" 2 177, 6 3 0, S_0x5fd641daa860;
 .timescale -9 -12;
    .port_info 0 /INPUT 32 "src_ip";
    .port_info 1 /INPUT 32 "dst_ip";
    .port_info 2 /INPUT 8 "ip_proto";
    .port_info 3 /INPUT 16 "src_port";
    .port_info 4 /INPUT 16 "dst_port";
    .port_info 5 /INPUT 12 "vlan_id";
    .port_info 6 /INPUT 6 "dscp";
    .port_info 7 /INPUT 1 "is_ipv4";
    .port_info 8 /INPUT 1 "is_ipv6";
    .port_info 9 /INPUT 1 "is_arp";
    .port_info 10 /INPUT 1 "is_fragmented";
    .port_info 11 /OUTPUT 128 "tcam_key";
L_0x742f75db7138 .functor BUFT 1, C4<00>, C4<0>, C4<0>, C4<0>;
v0x5fd641dde900_0 .net/2u *"_ivl_0", 1 0, L_0x742f75db7138;  1 drivers
v0x5fd641ddea00_0 .net "dscp", 5 0, v0x5fd641de2660_0;  alias, 1 drivers
v0x5fd641ddeae0_0 .net "dst_ip", 31 0, v0x5fd641de2720_0;  alias, 1 drivers
v0x5fd641ddeba0_0 .net "dst_port", 15 0, v0x5fd641de28b0_0;  alias, 1 drivers
v0x5fd641ddec80_0 .net "ip_proto", 7 0, v0x5fd641de2fc0_0;  alias, 1 drivers
v0x5fd641ddedb0_0 .net "is_arp", 0 0, v0x5fd641de31a0_0;  alias, 1 drivers
v0x5fd641ddee70_0 .net "is_fragmented", 0 0, v0x5fd641de3270_0;  alias, 1 drivers
v0x5fd641ddef30_0 .net "is_ipv4", 0 0, v0x5fd641de3340_0;  alias, 1 drivers
v0x5fd641ddeff0_0 .net "is_ipv6", 0 0, v0x5fd641de3410_0;  alias, 1 drivers
v0x5fd641ddf140_0 .net "src_ip", 31 0, v0x5fd641de3820_0;  alias, 1 drivers
v0x5fd641ddf220_0 .net "src_port", 15 0, v0x5fd641de39d0_0;  alias, 1 drivers
v0x5fd641ddf300_0 .net "tcam_key", 127 0, L_0x5fd641e02be0;  alias, 1 drivers
v0x5fd641ddf3e0_0 .net "vlan_id", 11 0, v0x5fd641de3d40_0;  alias, 1 drivers
LS_0x5fd641e02be0_0_0 .concat [ 2 1 1 1], L_0x742f75db7138, v0x5fd641de3270_0, v0x5fd641de31a0_0, v0x5fd641de3410_0;
LS_0x5fd641e02be0_0_4 .concat [ 1 6 12 16], v0x5fd641de3340_0, v0x5fd641de2660_0, v0x5fd641de3d40_0, v0x5fd641de28b0_0;
LS_0x5fd641e02be0_0_8 .concat [ 16 8 32 32], v0x5fd641de39d0_0, v0x5fd641de2fc0_0, v0x5fd641de2720_0, v0x5fd641de3820_0;
L_0x5fd641e02be0 .concat [ 5 35 88 0], LS_0x5fd641e02be0_0_0, LS_0x5fd641e02be0_0_4, LS_0x5fd641e02be0_0_8;
S_0x5fd641ddf640 .scope module, "u_mac_rx_fifo" "mac_rx_fifo" 2 44, 7 2 0, S_0x5fd641daa860;
 .timescale -9 -12;
    .port_info 0 /INPUT 1 "clk";
    .port_info 1 /INPUT 1 "rst_n";
    .port_info 2 /INPUT 1 "rx_valid";
    .port_info 3 /INPUT 8 "rx_data";
    .port_info 4 /INPUT 1 "rx_last";
    .port_info 5 /OUTPUT 1 "rx_ready";
    .port_info 6 /OUTPUT 1 "fifo_valid";
    .port_info 7 /OUTPUT 8 "fifo_data";
    .port_info 8 /OUTPUT 1 "fifo_last";
    .port_info 9 /INPUT 1 "fifo_ready";
P_0x5fd641ddf820 .param/l "ADDR_W" 0 7 4, +C4<00000000000000000000000000000100>;
P_0x5fd641ddf860 .param/l "DEPTH" 0 7 3, +C4<00000000000000000000000000010000>;
L_0x5fd641da5db0 .functor AND 1, o0x742f760847b8, L_0x5fd641e02520, C4<1>, C4<1>;
L_0x5fd641d95b30 .functor AND 1, v0x5fd641de0670_0, L_0x5fd641e02700, C4<1>, C4<1>;
v0x5fd641ddfc20_0 .net *"_ivl_0", 31 0, L_0x5fd641df2400;  1 drivers
L_0x742f75db7018 .functor BUFT 1, C4<000000000000000000000000000>, C4<0>, C4<0>, C4<0>;
v0x5fd641ddfd20_0 .net *"_ivl_3", 26 0, L_0x742f75db7018;  1 drivers
L_0x742f75db7060 .functor BUFT 1, C4<00000000000000000000000000010000>, C4<0>, C4<0>, C4<0>;
v0x5fd641ddfe00_0 .net/2u *"_ivl_4", 31 0, L_0x742f75db7060;  1 drivers
v0x5fd641ddfef0_0 .net "clk", 0 0, o0x742f76083078;  alias, 0 drivers
v0x5fd641ddff90_0 .var "count", 4 0;
v0x5fd641de00c0 .array "data_mem", 15 0, 7 0;
v0x5fd641de0380_0 .var "fifo_data", 7 0;
v0x5fd641de0440_0 .var "fifo_last", 0 0;
v0x5fd641de0510_0 .net "fifo_ready", 0 0, L_0x5fd641e02700;  alias, 1 drivers
v0x5fd641de0670_0 .var "fifo_valid", 0 0;
v0x5fd641de0740_0 .var/i "i", 31 0;
v0x5fd641de07e0 .array "last_mem", 15 0, 0 0;
v0x5fd641de0ad0_0 .var "rd_ptr", 4 0;
v0x5fd641de0bb0_0 .net "read_en", 0 0, L_0x5fd641d95b30;  1 drivers
v0x5fd641de0c70_0 .net "rst_n", 0 0, o0x742f76083168;  alias, 0 drivers
v0x5fd641de0d10_0 .net "rx_data", 7 0, o0x742f76084728;  alias, 0 drivers
v0x5fd641de0df0_0 .net "rx_last", 0 0, o0x742f76084758;  alias, 0 drivers
v0x5fd641de0fc0_0 .net "rx_ready", 0 0, L_0x5fd641e02520;  alias, 1 drivers
v0x5fd641de1080_0 .net "rx_valid", 0 0, o0x742f760847b8;  alias, 0 drivers
v0x5fd641de1140_0 .var "wr_ptr", 4 0;
v0x5fd641de1220_0 .net "write_en", 0 0, L_0x5fd641da5db0;  1 drivers
v0x5fd641de00c0_0 .array/port v0x5fd641de00c0, 0;
v0x5fd641de00c0_1 .array/port v0x5fd641de00c0, 1;
E_0x5fd641d03330/0 .event anyedge, v0x5fd641ddff90_0, v0x5fd641de0ad0_0, v0x5fd641de00c0_0, v0x5fd641de00c0_1;
v0x5fd641de00c0_2 .array/port v0x5fd641de00c0, 2;
v0x5fd641de00c0_3 .array/port v0x5fd641de00c0, 3;
v0x5fd641de00c0_4 .array/port v0x5fd641de00c0, 4;
v0x5fd641de00c0_5 .array/port v0x5fd641de00c0, 5;
E_0x5fd641d03330/1 .event anyedge, v0x5fd641de00c0_2, v0x5fd641de00c0_3, v0x5fd641de00c0_4, v0x5fd641de00c0_5;
v0x5fd641de00c0_6 .array/port v0x5fd641de00c0, 6;
v0x5fd641de00c0_7 .array/port v0x5fd641de00c0, 7;
v0x5fd641de00c0_8 .array/port v0x5fd641de00c0, 8;
v0x5fd641de00c0_9 .array/port v0x5fd641de00c0, 9;
E_0x5fd641d03330/2 .event anyedge, v0x5fd641de00c0_6, v0x5fd641de00c0_7, v0x5fd641de00c0_8, v0x5fd641de00c0_9;
v0x5fd641de00c0_10 .array/port v0x5fd641de00c0, 10;
v0x5fd641de00c0_11 .array/port v0x5fd641de00c0, 11;
v0x5fd641de00c0_12 .array/port v0x5fd641de00c0, 12;
v0x5fd641de00c0_13 .array/port v0x5fd641de00c0, 13;
E_0x5fd641d03330/3 .event anyedge, v0x5fd641de00c0_10, v0x5fd641de00c0_11, v0x5fd641de00c0_12, v0x5fd641de00c0_13;
v0x5fd641de00c0_14 .array/port v0x5fd641de00c0, 14;
v0x5fd641de00c0_15 .array/port v0x5fd641de00c0, 15;
v0x5fd641de07e0_0 .array/port v0x5fd641de07e0, 0;
v0x5fd641de07e0_1 .array/port v0x5fd641de07e0, 1;
E_0x5fd641d03330/4 .event anyedge, v0x5fd641de00c0_14, v0x5fd641de00c0_15, v0x5fd641de07e0_0, v0x5fd641de07e0_1;
v0x5fd641de07e0_2 .array/port v0x5fd641de07e0, 2;
v0x5fd641de07e0_3 .array/port v0x5fd641de07e0, 3;
v0x5fd641de07e0_4 .array/port v0x5fd641de07e0, 4;
v0x5fd641de07e0_5 .array/port v0x5fd641de07e0, 5;
E_0x5fd641d03330/5 .event anyedge, v0x5fd641de07e0_2, v0x5fd641de07e0_3, v0x5fd641de07e0_4, v0x5fd641de07e0_5;
v0x5fd641de07e0_6 .array/port v0x5fd641de07e0, 6;
v0x5fd641de07e0_7 .array/port v0x5fd641de07e0, 7;
v0x5fd641de07e0_8 .array/port v0x5fd641de07e0, 8;
v0x5fd641de07e0_9 .array/port v0x5fd641de07e0, 9;
E_0x5fd641d03330/6 .event anyedge, v0x5fd641de07e0_6, v0x5fd641de07e0_7, v0x5fd641de07e0_8, v0x5fd641de07e0_9;
v0x5fd641de07e0_10 .array/port v0x5fd641de07e0, 10;
v0x5fd641de07e0_11 .array/port v0x5fd641de07e0, 11;
v0x5fd641de07e0_12 .array/port v0x5fd641de07e0, 12;
v0x5fd641de07e0_13 .array/port v0x5fd641de07e0, 13;
E_0x5fd641d03330/7 .event anyedge, v0x5fd641de07e0_10, v0x5fd641de07e0_11, v0x5fd641de07e0_12, v0x5fd641de07e0_13;
v0x5fd641de07e0_14 .array/port v0x5fd641de07e0, 14;
v0x5fd641de07e0_15 .array/port v0x5fd641de07e0, 15;
E_0x5fd641d03330/8 .event anyedge, v0x5fd641de07e0_14, v0x5fd641de07e0_15;
E_0x5fd641d03330 .event/or E_0x5fd641d03330/0, E_0x5fd641d03330/1, E_0x5fd641d03330/2, E_0x5fd641d03330/3, E_0x5fd641d03330/4, E_0x5fd641d03330/5, E_0x5fd641d03330/6, E_0x5fd641d03330/7, E_0x5fd641d03330/8;
L_0x5fd641df2400 .concat [ 5 27 0 0], v0x5fd641ddff90_0, L_0x742f75db7018;
L_0x5fd641e02520 .cmp/gt 32, L_0x742f75db7060, L_0x5fd641df2400;
S_0x5fd641de1420 .scope module, "u_parser_fsm_pipe" "parser_fsm_pipe" 2 113, 8 3 0, S_0x5fd641daa860;
 .timescale -9 -12;
    .port_info 0 /INPUT 1 "clk";
    .port_info 1 /INPUT 1 "rst_n";
    .port_info 2 /INPUT 1 "hdr_valid";
    .port_info 3 /INPUT 1536 "hdr_flat";
    .port_info 4 /OUTPUT 1 "hdr_ready";
    .port_info 5 /OUTPUT 1 "parser_valid";
    .port_info 6 /INPUT 1 "parser_ready";
    .port_info 7 /OUTPUT 48 "src_mac";
    .port_info 8 /OUTPUT 48 "dst_mac";
    .port_info 9 /OUTPUT 1 "has_vlan";
    .port_info 10 /OUTPUT 12 "vlan_id";
    .port_info 11 /OUTPUT 1 "is_ipv4";
    .port_info 12 /OUTPUT 1 "is_ipv6";
    .port_info 13 /OUTPUT 1 "is_arp";
    .port_info 14 /OUTPUT 32 "src_ip";
    .port_info 15 /OUTPUT 32 "dst_ip";
    .port_info 16 /OUTPUT 8 "ttl";
    .port_info 17 /OUTPUT 6 "dscp";
    .port_info 18 /OUTPUT 2 "ecn";
    .port_info 19 /OUTPUT 1 "is_fragmented";
    .port_info 20 /OUTPUT 8 "ip_proto";
    .port_info 21 /OUTPUT 16 "src_port";
    .port_info 22 /OUTPUT 16 "dst_port";
    .port_info 23 /OUTPUT 8 "tcp_flags";
    .port_info 24 /OUTPUT 8 "icmp_type";
P_0x5fd641de15b0 .param/l "HEADER_BYTES" 0 8 5, +C4<00000000000000000000000011000000>;
P_0x5fd641de15f0 .param/l "PTR_W" 0 8 6, +C4<00000000000000000000000000001000>;
P_0x5fd641de1630 .param/l "S_DONE" 1 8 70, C4<1011>;
P_0x5fd641de1670 .param/l "S_ETH" 1 8 59, C4<0010>;
P_0x5fd641de16b0 .param/l "S_IDLE" 1 8 57, C4<0000>;
P_0x5fd641de16f0 .param/l "S_IPV4_1" 1 8 62, C4<0100>;
P_0x5fd641de1730 .param/l "S_IPV4_2" 1 8 63, C4<0101>;
P_0x5fd641de1770 .param/l "S_IPV4_3" 1 8 64, C4<0110>;
P_0x5fd641de17b0 .param/l "S_IPV4_4" 1 8 65, C4<0111>;
P_0x5fd641de17f0 .param/l "S_IPV4_5" 1 8 66, C4<1000>;
P_0x5fd641de1830 .param/l "S_IPV6" 1 8 68, C4<1001>;
P_0x5fd641de1870 .param/l "S_L4" 1 8 69, C4<1010>;
P_0x5fd641de18b0 .param/l "S_VLAN" 1 8 60, C4<0011>;
P_0x5fd641de18f0 .param/l "S_WAIT" 1 8 58, C4<0001>;
L_0x5fd641d7a5f0 .functor AND 1, L_0x5fd641e02970, L_0x5fd641e02ab0, C4<1>, C4<1>;
L_0x742f75db70a8 .functor BUFT 1, C4<1011>, C4<0>, C4<0>, C4<0>;
v0x5fd641de2200_0 .net/2u *"_ivl_0", 3 0, L_0x742f75db70a8;  1 drivers
L_0x742f75db70f0 .functor BUFT 1, C4<0000>, C4<0>, C4<0>, C4<0>;
v0x5fd641de22e0_0 .net/2u *"_ivl_4", 3 0, L_0x742f75db70f0;  1 drivers
v0x5fd641de23c0_0 .net *"_ivl_6", 0 0, L_0x5fd641e02970;  1 drivers
v0x5fd641de2490_0 .var "byte_tmp", 7 0;
v0x5fd641de2570_0 .net "clk", 0 0, o0x742f76083078;  alias, 0 drivers
v0x5fd641de2660_0 .var "dscp", 5 0;
v0x5fd641de2720_0 .var "dst_ip", 31 0;
v0x5fd641de27f0_0 .var "dst_mac", 47 0;
v0x5fd641de28b0_0 .var "dst_port", 15 0;
v0x5fd641de2a30_0 .var "ecn", 1 0;
v0x5fd641de2af0_0 .var "ethertype", 15 0;
v0x5fd641de2bd0_0 .var "has_vlan", 0 0;
v0x5fd641de2c90_0 .net "hdr_flat", 1535 0, v0x5fd641dddef0_0;  alias, 1 drivers
v0x5fd641de2d80_0 .net "hdr_ready", 0 0, L_0x5fd641d7a5f0;  alias, 1 drivers
v0x5fd641de2e50_0 .net "hdr_valid", 0 0, v0x5fd641dde050_0;  alias, 1 drivers
v0x5fd641de2f20_0 .var "icmp_type", 7 0;
v0x5fd641de2fc0_0 .var "ip_proto", 7 0;
v0x5fd641de31a0_0 .var "is_arp", 0 0;
v0x5fd641de3270_0 .var "is_fragmented", 0 0;
v0x5fd641de3340_0 .var "is_ipv4", 0 0;
v0x5fd641de3410_0 .var "is_ipv6", 0 0;
v0x5fd641de34e0_0 .var "l3_offset", 15 0;
v0x5fd641de3580_0 .var "l4_offset", 15 0;
v0x5fd641de3620_0 .net "parser_ready", 0 0, L_0x5fd641e02ab0;  alias, 1 drivers
v0x5fd641de36c0_0 .net "parser_valid", 0 0, L_0x5fd641e02880;  alias, 1 drivers
v0x5fd641de3780_0 .net "rst_n", 0 0, o0x742f76083168;  alias, 0 drivers
v0x5fd641de3820_0 .var "src_ip", 31 0;
v0x5fd641de3910_0 .var "src_mac", 47 0;
v0x5fd641de39d0_0 .var "src_port", 15 0;
v0x5fd641de3ac0_0 .var "state", 3 0;
v0x5fd641de3b80_0 .var "tcp_flags", 7 0;
v0x5fd641de3c60_0 .var "ttl", 7 0;
v0x5fd641de3d40_0 .var "vlan_id", 11 0;
L_0x5fd641e02880 .cmp/eq 4, v0x5fd641de3ac0_0, L_0x742f75db70a8;
L_0x5fd641e02970 .cmp/eq 4, v0x5fd641de3ac0_0, L_0x742f75db70f0;
S_0x5fd641de4130 .scope module, "u_parser_to_key_pipe" "parser_to_key_pipe" 2 141, 9 2 0, S_0x5fd641daa860;
 .timescale -9 -12;
    .port_info 0 /INPUT 1 "clk";
    .port_info 1 /INPUT 1 "rst_n";
    .port_info 2 /INPUT 1 "parser_valid";
    .port_info 3 /OUTPUT 1 "parser_ready";
    .port_info 4 /INPUT 32 "src_ip";
    .port_info 5 /INPUT 32 "dst_ip";
    .port_info 6 /INPUT 8 "ip_proto";
    .port_info 7 /INPUT 16 "src_port";
    .port_info 8 /INPUT 16 "dst_port";
    .port_info 9 /INPUT 12 "vlan_id";
    .port_info 10 /INPUT 6 "dscp";
    .port_info 11 /INPUT 1 "is_ipv4";
    .port_info 12 /INPUT 1 "is_ipv6";
    .port_info 13 /INPUT 1 "is_arp";
    .port_info 14 /INPUT 1 "is_fragmented";
    .port_info 15 /OUTPUT 1 "key_valid";
    .port_info 16 /INPUT 1 "key_ready";
    .port_info 17 /OUTPUT 32 "key_src_ip";
    .port_info 18 /OUTPUT 32 "key_dst_ip";
    .port_info 19 /OUTPUT 8 "key_ip_proto";
    .port_info 20 /OUTPUT 16 "key_src_port";
    .port_info 21 /OUTPUT 16 "key_dst_port";
    .port_info 22 /OUTPUT 12 "key_vlan_id";
    .port_info 23 /OUTPUT 6 "key_dscp";
    .port_info 24 /OUTPUT 1 "key_is_ipv4";
    .port_info 25 /OUTPUT 1 "key_is_ipv6";
    .port_info 26 /OUTPUT 1 "key_is_arp";
    .port_info 27 /OUTPUT 1 "key_is_fragmented";
v0x5fd641de4570_0 .net "clk", 0 0, o0x742f76083078;  alias, 0 drivers
v0x5fd641de4630_0 .net "dscp", 5 0, v0x5fd641de2660_0;  alias, 1 drivers
v0x5fd641de46f0_0 .net "dst_ip", 31 0, v0x5fd641de2720_0;  alias, 1 drivers
v0x5fd641de4790_0 .net "dst_port", 15 0, v0x5fd641de28b0_0;  alias, 1 drivers
v0x5fd641de48a0_0 .net "ip_proto", 7 0, v0x5fd641de2fc0_0;  alias, 1 drivers
v0x5fd641de4a00_0 .net "is_arp", 0 0, v0x5fd641de31a0_0;  alias, 1 drivers
v0x5fd641de4af0_0 .net "is_fragmented", 0 0, v0x5fd641de3270_0;  alias, 1 drivers
v0x5fd641de4be0_0 .net "is_ipv4", 0 0, v0x5fd641de3340_0;  alias, 1 drivers
v0x5fd641de4cd0_0 .net "is_ipv6", 0 0, v0x5fd641de3410_0;  alias, 1 drivers
v0x5fd641de4e00_0 .var "key_dscp", 5 0;
v0x5fd641de4ee0_0 .var "key_dst_ip", 31 0;
v0x5fd641de4fc0_0 .var "key_dst_port", 15 0;
v0x5fd641de50a0_0 .var "key_ip_proto", 7 0;
v0x5fd641de5180_0 .var "key_is_arp", 0 0;
v0x5fd641de5240_0 .var "key_is_fragmented", 0 0;
v0x5fd641de5300_0 .var "key_is_ipv4", 0 0;
v0x5fd641de53c0_0 .var "key_is_ipv6", 0 0;
v0x5fd641de5480_0 .net "key_ready", 0 0, L_0x742f75db7180;  alias, 1 drivers
v0x5fd641de5540_0 .var "key_src_ip", 31 0;
v0x5fd641de5620_0 .var "key_src_port", 15 0;
v0x5fd641de5700_0 .var "key_valid", 0 0;
v0x5fd641de57c0_0 .var "key_vlan_id", 11 0;
v0x5fd641de58a0_0 .net "parser_ready", 0 0, L_0x5fd641e02ab0;  alias, 1 drivers
v0x5fd641de5940_0 .net "parser_valid", 0 0, L_0x5fd641e02880;  alias, 1 drivers
v0x5fd641de59e0_0 .net "rst_n", 0 0, o0x742f76083168;  alias, 0 drivers
v0x5fd641de5a80_0 .net "src_ip", 31 0, v0x5fd641de3820_0;  alias, 1 drivers
v0x5fd641de5b70_0 .net "src_port", 15 0, v0x5fd641de39d0_0;  alias, 1 drivers
v0x5fd641de5c60_0 .net "vlan_id", 11 0, v0x5fd641de3d40_0;  alias, 1 drivers
L_0x5fd641e02ab0 .reduce/nor v0x5fd641de5700_0;
S_0x5fd641de60f0 .scope module, "u_tcam_ctrl_pipe" "tcam_ctrl_pipe" 2 201, 10 3 0, S_0x5fd641daa860;
 .timescale -9 -12;
    .port_info 0 /INPUT 1 "clk";
    .port_info 1 /INPUT 1 "rst_n";
    .port_info 2 /INPUT 128 "key";
    .port_info 3 /INPUT 1 "key_valid";
    .port_info 4 /INPUT 1 "wr_en";
    .port_info 5 /INPUT 1 "wr_is_mask";
    .port_info 6 /INPUT 4 "wr_addr";
    .port_info 7 /INPUT 128 "wr_data";
    .port_info 8 /OUTPUT 1 "hit";
    .port_info 9 /OUTPUT 4 "hit_index";
P_0x5fd641d46300 .param/l "ENTRIES" 0 10 5, +C4<00000000000000000000000000010000>;
P_0x5fd641d46340 .param/l "IDX_W" 1 10 25, +C4<00000000000000000000000000000100>;
P_0x5fd641d46380 .param/l "KEY_W" 0 10 4, +C4<00000000000000000000000010000000>;
v0x5fd641deda00_0 .net "clk", 0 0, o0x742f76083078;  alias, 0 drivers
v0x5fd641dedac0_0 .var "hit", 0 0;
v0x5fd641dedb80_0 .var "hit_index", 3 0;
v0x5fd641dedc40_0 .var/i "j", 31 0;
v0x5fd641dedd20_0 .net "key", 127 0, L_0x5fd641e02be0;  alias, 1 drivers
v0x5fd641dede30_0 .net "key_valid", 0 0, v0x5fd641de5700_0;  alias, 1 drivers
v0x5fd641deded0_0 .net "match", 15 0, L_0x5fd641e075b0;  1 drivers
v0x5fd641dedf70_0 .net "rst_n", 0 0, o0x742f76083168;  alias, 0 drivers
v0x5fd641dee010 .array "tcam_mask", 15 0, 127 0;
v0x5fd641dee3f0 .array "tcam_value", 15 0, 127 0;
v0x5fd641dee740_0 .net "wr_addr", 3 0, o0x742f76086f78;  alias, 0 drivers
v0x5fd641dee820_0 .net "wr_data", 127 0, o0x742f76086fa8;  alias, 0 drivers
v0x5fd641dee900_0 .net "wr_en", 0 0, o0x742f76086fd8;  alias, 0 drivers
v0x5fd641dee9c0_0 .net "wr_is_mask", 0 0, o0x742f76087008;  alias, 0 drivers
E_0x5fd641dca9c0 .event anyedge, v0x5fd641de5700_0, v0x5fd641deded0_0, v0x5fd641dedac0_0;
LS_0x5fd641e075b0_0_0 .concat8 [ 1 1 1 1], L_0x5fd641e03530, L_0x5fd641e037c0, L_0x5fd641e03b50, L_0x5fd641e03fd0;
LS_0x5fd641e075b0_0_4 .concat8 [ 1 1 1 1], L_0x5fd641e04560, L_0x5fd641e049e0, L_0x5fd641e04e60, L_0x5fd641e052e0;
LS_0x5fd641e075b0_0_8 .concat8 [ 1 1 1 1], L_0x5fd641e05760, L_0x5fd641e05be0, L_0x5fd641e06060, L_0x5fd641e064e0;
LS_0x5fd641e075b0_0_12 .concat8 [ 1 1 1 1], L_0x5fd641e06b70, L_0x5fd641e06ff0, L_0x5fd641e07470, L_0x5fd641e07db0;
L_0x5fd641e075b0 .concat8 [ 4 4 4 4], LS_0x5fd641e075b0_0_0, LS_0x5fd641e075b0_0_4, LS_0x5fd641e075b0_0_8, LS_0x5fd641e075b0_0_12;
S_0x5fd641de6500 .scope generate, "TCAM_COMPARE[0]" "TCAM_COMPARE[0]" 10 49, 10 49 0, S_0x5fd641de60f0;
 .timescale -9 -12;
P_0x5fd641de6720 .param/l "i" 1 10 49, +C4<00>;
v0x5fd641dee010_0 .array/port v0x5fd641dee010, 0;
L_0x5fd641e032b0 .functor NOT 128, v0x5fd641dee010_0, C4<00000000000000000000000000000000000000000000000000000000000000000000000000000000000000000000000000000000000000000000000000000000>, C4<00000000000000000000000000000000000000000000000000000000000000000000000000000000000000000000000000000000000000000000000000000000>, C4<00000000000000000000000000000000000000000000000000000000000000000000000000000000000000000000000000000000000000000000000000000000>;
L_0x5fd641e03320 .functor AND 128, L_0x5fd641e02be0, L_0x5fd641e032b0, C4<11111111111111111111111111111111111111111111111111111111111111111111111111111111111111111111111111111111111111111111111111111111>, C4<11111111111111111111111111111111111111111111111111111111111111111111111111111111111111111111111111111111111111111111111111111111>;
L_0x5fd641e03420 .functor NOT 128, v0x5fd641dee010_0, C4<00000000000000000000000000000000000000000000000000000000000000000000000000000000000000000000000000000000000000000000000000000000>, C4<00000000000000000000000000000000000000000000000000000000000000000000000000000000000000000000000000000000000000000000000000000000>, C4<00000000000000000000000000000000000000000000000000000000000000000000000000000000000000000000000000000000000000000000000000000000>;
v0x5fd641dee3f0_0 .array/port v0x5fd641dee3f0, 0;
L_0x5fd641e03490 .functor AND 128, v0x5fd641dee3f0_0, L_0x5fd641e03420, C4<11111111111111111111111111111111111111111111111111111111111111111111111111111111111111111111111111111111111111111111111111111111>, C4<11111111111111111111111111111111111111111111111111111111111111111111111111111111111111111111111111111111111111111111111111111111>;
v0x5fd641de6800_0 .net *"_ivl_1", 127 0, L_0x5fd641e032b0;  1 drivers
v0x5fd641de68e0_0 .net *"_ivl_11", 0 0, L_0x5fd641e03530;  1 drivers
v0x5fd641de69a0_0 .net *"_ivl_3", 127 0, L_0x5fd641e03320;  1 drivers
v0x5fd641de6a60_0 .net *"_ivl_7", 127 0, L_0x5fd641e03420;  1 drivers
v0x5fd641de6b40_0 .net *"_ivl_9", 127 0, L_0x5fd641e03490;  1 drivers
L_0x5fd641e03530 .cmp/eq 128, L_0x5fd641e03320, L_0x5fd641e03490;
S_0x5fd641de6c70 .scope generate, "TCAM_COMPARE[1]" "TCAM_COMPARE[1]" 10 49, 10 49 0, S_0x5fd641de60f0;
 .timescale -9 -12;
P_0x5fd641de6e90 .param/l "i" 1 10 49, +C4<01>;
v0x5fd641dee010_1 .array/port v0x5fd641dee010, 1;
L_0x5fd641e035d0 .functor NOT 128, v0x5fd641dee010_1, C4<00000000000000000000000000000000000000000000000000000000000000000000000000000000000000000000000000000000000000000000000000000000>, C4<00000000000000000000000000000000000000000000000000000000000000000000000000000000000000000000000000000000000000000000000000000000>, C4<00000000000000000000000000000000000000000000000000000000000000000000000000000000000000000000000000000000000000000000000000000000>;
L_0x5fd641e03640 .functor AND 128, L_0x5fd641e02be0, L_0x5fd641e035d0, C4<11111111111111111111111111111111111111111111111111111111111111111111111111111111111111111111111111111111111111111111111111111111>, C4<11111111111111111111111111111111111111111111111111111111111111111111111111111111111111111111111111111111111111111111111111111111>;
L_0x5fd641e036b0 .functor NOT 128, v0x5fd641dee010_1, C4<00000000000000000000000000000000000000000000000000000000000000000000000000000000000000000000000000000000000000000000000000000000>, C4<00000000000000000000000000000000000000000000000000000000000000000000000000000000000000000000000000000000000000000000000000000000>, C4<00000000000000000000000000000000000000000000000000000000000000000000000000000000000000000000000000000000000000000000000000000000>;
v0x5fd641dee3f0_1 .array/port v0x5fd641dee3f0, 1;
L_0x5fd641e03720 .functor AND 128, v0x5fd641dee3f0_1, L_0x5fd641e036b0, C4<11111111111111111111111111111111111111111111111111111111111111111111111111111111111111111111111111111111111111111111111111111111>, C4<11111111111111111111111111111111111111111111111111111111111111111111111111111111111111111111111111111111111111111111111111111111>;
v0x5fd641de6f50_0 .net *"_ivl_1", 127 0, L_0x5fd641e035d0;  1 drivers
v0x5fd641de7030_0 .net *"_ivl_11", 0 0, L_0x5fd641e037c0;  1 drivers
v0x5fd641de70f0_0 .net *"_ivl_3", 127 0, L_0x5fd641e03640;  1 drivers
v0x5fd641de71b0_0 .net *"_ivl_7", 127 0, L_0x5fd641e036b0;  1 drivers
v0x5fd641de7290_0 .net *"_ivl_9", 127 0, L_0x5fd641e03720;  1 drivers
L_0x5fd641e037c0 .cmp/eq 128, L_0x5fd641e03640, L_0x5fd641e03720;
S_0x5fd641de73c0 .scope generate, "TCAM_COMPARE[2]" "TCAM_COMPARE[2]" 10 49, 10 49 0, S_0x5fd641de60f0;
 .timescale -9 -12;
P_0x5fd641de75c0 .param/l "i" 1 10 49, +C4<010>;
v0x5fd641dee010_2 .array/port v0x5fd641dee010, 2;
L_0x5fd641e03860 .functor NOT 128, v0x5fd641dee010_2, C4<00000000000000000000000000000000000000000000000000000000000000000000000000000000000000000000000000000000000000000000000000000000>, C4<00000000000000000000000000000000000000000000000000000000000000000000000000000000000000000000000000000000000000000000000000000000>, C4<00000000000000000000000000000000000000000000000000000000000000000000000000000000000000000000000000000000000000000000000000000000>;
L_0x5fd641e038d0 .functor AND 128, L_0x5fd641e02be0, L_0x5fd641e03860, C4<11111111111111111111111111111111111111111111111111111111111111111111111111111111111111111111111111111111111111111111111111111111>, C4<11111111111111111111111111111111111111111111111111111111111111111111111111111111111111111111111111111111111111111111111111111111>;
L_0x5fd641e03970 .functor NOT 128, v0x5fd641dee010_2, C4<00000000000000000000000000000000000000000000000000000000000000000000000000000000000000000000000000000000000000000000000000000000>, C4<00000000000000000000000000000000000000000000000000000000000000000000000000000000000000000000000000000000000000000000000000000000>, C4<00000000000000000000000000000000000000000000000000000000000000000000000000000000000000000000000000000000000000000000000000000000>;
v0x5fd641dee3f0_2 .array/port v0x5fd641dee3f0, 2;
L_0x5fd641e03a30 .functor AND 128, v0x5fd641dee3f0_2, L_0x5fd641e03970, C4<11111111111111111111111111111111111111111111111111111111111111111111111111111111111111111111111111111111111111111111111111111111>, C4<11111111111111111111111111111111111111111111111111111111111111111111111111111111111111111111111111111111111111111111111111111111>;
v0x5fd641de7680_0 .net *"_ivl_1", 127 0, L_0x5fd641e03860;  1 drivers
v0x5fd641de7760_0 .net *"_ivl_11", 0 0, L_0x5fd641e03b50;  1 drivers
v0x5fd641de7820_0 .net *"_ivl_3", 127 0, L_0x5fd641e038d0;  1 drivers
v0x5fd641de78e0_0 .net *"_ivl_7", 127 0, L_0x5fd641e03970;  1 drivers
v0x5fd641de79c0_0 .net *"_ivl_9", 127 0, L_0x5fd641e03a30;  1 drivers
L_0x5fd641e03b50 .cmp/eq 128, L_0x5fd641e038d0, L_0x5fd641e03a30;
S_0x5fd641de7af0 .scope generate, "TCAM_COMPARE[3]" "TCAM_COMPARE[3]" 10 49, 10 49 0, S_0x5fd641de60f0;
 .timescale -9 -12;
P_0x5fd641de7cf0 .param/l "i" 1 10 49, +C4<011>;
v0x5fd641dee010_3 .array/port v0x5fd641dee010, 3;
L_0x5fd641e03c90 .functor NOT 128, v0x5fd641dee010_3, C4<00000000000000000000000000000000000000000000000000000000000000000000000000000000000000000000000000000000000000000000000000000000>, C4<00000000000000000000000000000000000000000000000000000000000000000000000000000000000000000000000000000000000000000000000000000000>, C4<00000000000000000000000000000000000000000000000000000000000000000000000000000000000000000000000000000000000000000000000000000000>;
L_0x5fd641e03d00 .functor AND 128, L_0x5fd641e02be0, L_0x5fd641e03c90, C4<11111111111111111111111111111111111111111111111111111111111111111111111111111111111111111111111111111111111111111111111111111111>, C4<11111111111111111111111111111111111111111111111111111111111111111111111111111111111111111111111111111111111111111111111111111111>;
L_0x5fd641e03df0 .functor NOT 128, v0x5fd641dee010_3, C4<00000000000000000000000000000000000000000000000000000000000000000000000000000000000000000000000000000000000000000000000000000000>, C4<00000000000000000000000000000000000000000000000000000000000000000000000000000000000000000000000000000000000000000000000000000000>, C4<00000000000000000000000000000000000000000000000000000000000000000000000000000000000000000000000000000000000000000000000000000000>;
v0x5fd641dee3f0_3 .array/port v0x5fd641dee3f0, 3;
L_0x5fd641e03eb0 .functor AND 128, v0x5fd641dee3f0_3, L_0x5fd641e03df0, C4<11111111111111111111111111111111111111111111111111111111111111111111111111111111111111111111111111111111111111111111111111111111>, C4<11111111111111111111111111111111111111111111111111111111111111111111111111111111111111111111111111111111111111111111111111111111>;
v0x5fd641de7dd0_0 .net *"_ivl_1", 127 0, L_0x5fd641e03c90;  1 drivers
v0x5fd641de7eb0_0 .net *"_ivl_11", 0 0, L_0x5fd641e03fd0;  1 drivers
v0x5fd641de7f70_0 .net *"_ivl_3", 127 0, L_0x5fd641e03d00;  1 drivers
v0x5fd641de8030_0 .net *"_ivl_7", 127 0, L_0x5fd641e03df0;  1 drivers
v0x5fd641de8110_0 .net *"_ivl_9", 127 0, L_0x5fd641e03eb0;  1 drivers
L_0x5fd641e03fd0 .cmp/eq 128, L_0x5fd641e03d00, L_0x5fd641e03eb0;
S_0x5fd641de8240 .scope generate, "TCAM_COMPARE[4]" "TCAM_COMPARE[4]" 10 49, 10 49 0, S_0x5fd641de60f0;
 .timescale -9 -12;
P_0x5fd641de8490 .param/l "i" 1 10 49, +C4<0100>;
v0x5fd641dee010_4 .array/port v0x5fd641dee010, 4;
L_0x5fd641e04110 .functor NOT 128, v0x5fd641dee010_4, C4<00000000000000000000000000000000000000000000000000000000000000000000000000000000000000000000000000000000000000000000000000000000>, C4<00000000000000000000000000000000000000000000000000000000000000000000000000000000000000000000000000000000000000000000000000000000>, C4<00000000000000000000000000000000000000000000000000000000000000000000000000000000000000000000000000000000000000000000000000000000>;
L_0x5fd641e04180 .functor AND 128, L_0x5fd641e02be0, L_0x5fd641e04110, C4<11111111111111111111111111111111111111111111111111111111111111111111111111111111111111111111111111111111111111111111111111111111>, C4<11111111111111111111111111111111111111111111111111111111111111111111111111111111111111111111111111111111111111111111111111111111>;
L_0x5fd641e04380 .functor NOT 128, v0x5fd641dee010_4, C4<00000000000000000000000000000000000000000000000000000000000000000000000000000000000000000000000000000000000000000000000000000000>, C4<00000000000000000000000000000000000000000000000000000000000000000000000000000000000000000000000000000000000000000000000000000000>, C4<00000000000000000000000000000000000000000000000000000000000000000000000000000000000000000000000000000000000000000000000000000000>;
v0x5fd641dee3f0_4 .array/port v0x5fd641dee3f0, 4;
L_0x5fd641e04440 .functor AND 128, v0x5fd641dee3f0_4, L_0x5fd641e04380, C4<11111111111111111111111111111111111111111111111111111111111111111111111111111111111111111111111111111111111111111111111111111111>, C4<11111111111111111111111111111111111111111111111111111111111111111111111111111111111111111111111111111111111111111111111111111111>;
v0x5fd641de8570_0 .net *"_ivl_1", 127 0, L_0x5fd641e04110;  1 drivers
v0x5fd641de8650_0 .net *"_ivl_11", 0 0, L_0x5fd641e04560;  1 drivers
v0x5fd641de8710_0 .net *"_ivl_3", 127 0, L_0x5fd641e04180;  1 drivers
v0x5fd641de87d0_0 .net *"_ivl_7", 127 0, L_0x5fd641e04380;  1 drivers
v0x5fd641de88b0_0 .net *"_ivl_9", 127 0, L_0x5fd641e04440;  1 drivers
L_0x5fd641e04560 .cmp/eq 128, L_0x5fd641e04180, L_0x5fd641e04440;
S_0x5fd641de89e0 .scope generate, "TCAM_COMPARE[5]" "TCAM_COMPARE[5]" 10 49, 10 49 0, S_0x5fd641de60f0;
 .timescale -9 -12;
P_0x5fd641de8be0 .param/l "i" 1 10 49, +C4<0101>;
v0x5fd641dee010_5 .array/port v0x5fd641dee010, 5;
L_0x5fd641e046a0 .functor NOT 128, v0x5fd641dee010_5, C4<00000000000000000000000000000000000000000000000000000000000000000000000000000000000000000000000000000000000000000000000000000000>, C4<00000000000000000000000000000000000000000000000000000000000000000000000000000000000000000000000000000000000000000000000000000000>, C4<00000000000000000000000000000000000000000000000000000000000000000000000000000000000000000000000000000000000000000000000000000000>;
L_0x5fd641e04710 .functor AND 128, L_0x5fd641e02be0, L_0x5fd641e046a0, C4<11111111111111111111111111111111111111111111111111111111111111111111111111111111111111111111111111111111111111111111111111111111>, C4<11111111111111111111111111111111111111111111111111111111111111111111111111111111111111111111111111111111111111111111111111111111>;
L_0x5fd641e04800 .functor NOT 128, v0x5fd641dee010_5, C4<00000000000000000000000000000000000000000000000000000000000000000000000000000000000000000000000000000000000000000000000000000000>, C4<00000000000000000000000000000000000000000000000000000000000000000000000000000000000000000000000000000000000000000000000000000000>, C4<00000000000000000000000000000000000000000000000000000000000000000000000000000000000000000000000000000000000000000000000000000000>;
v0x5fd641dee3f0_5 .array/port v0x5fd641dee3f0, 5;
L_0x5fd641e048c0 .functor AND 128, v0x5fd641dee3f0_5, L_0x5fd641e04800, C4<11111111111111111111111111111111111111111111111111111111111111111111111111111111111111111111111111111111111111111111111111111111>, C4<11111111111111111111111111111111111111111111111111111111111111111111111111111111111111111111111111111111111111111111111111111111>;
v0x5fd641de8cc0_0 .net *"_ivl_1", 127 0, L_0x5fd641e046a0;  1 drivers
v0x5fd641de8da0_0 .net *"_ivl_11", 0 0, L_0x5fd641e049e0;  1 drivers
v0x5fd641de8e60_0 .net *"_ivl_3", 127 0, L_0x5fd641e04710;  1 drivers
v0x5fd641de8f20_0 .net *"_ivl_7", 127 0, L_0x5fd641e04800;  1 drivers
v0x5fd641de9000_0 .net *"_ivl_9", 127 0, L_0x5fd641e048c0;  1 drivers
L_0x5fd641e049e0 .cmp/eq 128, L_0x5fd641e04710, L_0x5fd641e048c0;
S_0x5fd641de9130 .scope generate, "TCAM_COMPARE[6]" "TCAM_COMPARE[6]" 10 49, 10 49 0, S_0x5fd641de60f0;
 .timescale -9 -12;
P_0x5fd641de9330 .param/l "i" 1 10 49, +C4<0110>;
v0x5fd641dee010_6 .array/port v0x5fd641dee010, 6;
L_0x5fd641e04b20 .functor NOT 128, v0x5fd641dee010_6, C4<00000000000000000000000000000000000000000000000000000000000000000000000000000000000000000000000000000000000000000000000000000000>, C4<00000000000000000000000000000000000000000000000000000000000000000000000000000000000000000000000000000000000000000000000000000000>, C4<00000000000000000000000000000000000000000000000000000000000000000000000000000000000000000000000000000000000000000000000000000000>;
L_0x5fd641e04b90 .functor AND 128, L_0x5fd641e02be0, L_0x5fd641e04b20, C4<11111111111111111111111111111111111111111111111111111111111111111111111111111111111111111111111111111111111111111111111111111111>, C4<11111111111111111111111111111111111111111111111111111111111111111111111111111111111111111111111111111111111111111111111111111111>;
L_0x5fd641e04c80 .functor NOT 128, v0x5fd641dee010_6, C4<00000000000000000000000000000000000000000000000000000000000000000000000000000000000000000000000000000000000000000000000000000000>, C4<00000000000000000000000000000000000000000000000000000000000000000000000000000000000000000000000000000000000000000000000000000000>, C4<00000000000000000000000000000000000000000000000000000000000000000000000000000000000000000000000000000000000000000000000000000000>;
v0x5fd641dee3f0_6 .array/port v0x5fd641dee3f0, 6;
L_0x5fd641e04d40 .functor AND 128, v0x5fd641dee3f0_6, L_0x5fd641e04c80, C4<11111111111111111111111111111111111111111111111111111111111111111111111111111111111111111111111111111111111111111111111111111111>, C4<11111111111111111111111111111111111111111111111111111111111111111111111111111111111111111111111111111111111111111111111111111111>;
v0x5fd641de9410_0 .net *"_ivl_1", 127 0, L_0x5fd641e04b20;  1 drivers
v0x5fd641de94f0_0 .net *"_ivl_11", 0 0, L_0x5fd641e04e60;  1 drivers
v0x5fd641de95b0_0 .net *"_ivl_3", 127 0, L_0x5fd641e04b90;  1 drivers
v0x5fd641de9670_0 .net *"_ivl_7", 127 0, L_0x5fd641e04c80;  1 drivers
v0x5fd641de9750_0 .net *"_ivl_9", 127 0, L_0x5fd641e04d40;  1 drivers
L_0x5fd641e04e60 .cmp/eq 128, L_0x5fd641e04b90, L_0x5fd641e04d40;
S_0x5fd641de9880 .scope generate, "TCAM_COMPARE[7]" "TCAM_COMPARE[7]" 10 49, 10 49 0, S_0x5fd641de60f0;
 .timescale -9 -12;
P_0x5fd641de9a80 .param/l "i" 1 10 49, +C4<0111>;
v0x5fd641dee010_7 .array/port v0x5fd641dee010, 7;
L_0x5fd641e04fa0 .functor NOT 128, v0x5fd641dee010_7, C4<00000000000000000000000000000000000000000000000000000000000000000000000000000000000000000000000000000000000000000000000000000000>, C4<00000000000000000000000000000000000000000000000000000000000000000000000000000000000000000000000000000000000000000000000000000000>, C4<00000000000000000000000000000000000000000000000000000000000000000000000000000000000000000000000000000000000000000000000000000000>;
L_0x5fd641e05010 .functor AND 128, L_0x5fd641e02be0, L_0x5fd641e04fa0, C4<11111111111111111111111111111111111111111111111111111111111111111111111111111111111111111111111111111111111111111111111111111111>, C4<11111111111111111111111111111111111111111111111111111111111111111111111111111111111111111111111111111111111111111111111111111111>;
L_0x5fd641e05100 .functor NOT 128, v0x5fd641dee010_7, C4<00000000000000000000000000000000000000000000000000000000000000000000000000000000000000000000000000000000000000000000000000000000>, C4<00000000000000000000000000000000000000000000000000000000000000000000000000000000000000000000000000000000000000000000000000000000>, C4<00000000000000000000000000000000000000000000000000000000000000000000000000000000000000000000000000000000000000000000000000000000>;
v0x5fd641dee3f0_7 .array/port v0x5fd641dee3f0, 7;
L_0x5fd641e051c0 .functor AND 128, v0x5fd641dee3f0_7, L_0x5fd641e05100, C4<11111111111111111111111111111111111111111111111111111111111111111111111111111111111111111111111111111111111111111111111111111111>, C4<11111111111111111111111111111111111111111111111111111111111111111111111111111111111111111111111111111111111111111111111111111111>;
v0x5fd641de9b60_0 .net *"_ivl_1", 127 0, L_0x5fd641e04fa0;  1 drivers
v0x5fd641de9c40_0 .net *"_ivl_11", 0 0, L_0x5fd641e052e0;  1 drivers
v0x5fd641de9d00_0 .net *"_ivl_3", 127 0, L_0x5fd641e05010;  1 drivers
v0x5fd641de9dc0_0 .net *"_ivl_7", 127 0, L_0x5fd641e05100;  1 drivers
v0x5fd641de9ea0_0 .net *"_ivl_9", 127 0, L_0x5fd641e051c0;  1 drivers
L_0x5fd641e052e0 .cmp/eq 128, L_0x5fd641e05010, L_0x5fd641e051c0;
S_0x5fd641de9fd0 .scope generate, "TCAM_COMPARE[8]" "TCAM_COMPARE[8]" 10 49, 10 49 0, S_0x5fd641de60f0;
 .timescale -9 -12;
P_0x5fd641de8440 .param/l "i" 1 10 49, +C4<01000>;
v0x5fd641dee010_8 .array/port v0x5fd641dee010, 8;
L_0x5fd641e05420 .functor NOT 128, v0x5fd641dee010_8, C4<00000000000000000000000000000000000000000000000000000000000000000000000000000000000000000000000000000000000000000000000000000000>, C4<00000000000000000000000000000000000000000000000000000000000000000000000000000000000000000000000000000000000000000000000000000000>, C4<00000000000000000000000000000000000000000000000000000000000000000000000000000000000000000000000000000000000000000000000000000000>;
L_0x5fd641e05490 .functor AND 128, L_0x5fd641e02be0, L_0x5fd641e05420, C4<11111111111111111111111111111111111111111111111111111111111111111111111111111111111111111111111111111111111111111111111111111111>, C4<11111111111111111111111111111111111111111111111111111111111111111111111111111111111111111111111111111111111111111111111111111111>;
L_0x5fd641e05580 .functor NOT 128, v0x5fd641dee010_8, C4<00000000000000000000000000000000000000000000000000000000000000000000000000000000000000000000000000000000000000000000000000000000>, C4<00000000000000000000000000000000000000000000000000000000000000000000000000000000000000000000000000000000000000000000000000000000>, C4<00000000000000000000000000000000000000000000000000000000000000000000000000000000000000000000000000000000000000000000000000000000>;
v0x5fd641dee3f0_8 .array/port v0x5fd641dee3f0, 8;
L_0x5fd641e05640 .functor AND 128, v0x5fd641dee3f0_8, L_0x5fd641e05580, C4<11111111111111111111111111111111111111111111111111111111111111111111111111111111111111111111111111111111111111111111111111111111>, C4<11111111111111111111111111111111111111111111111111111111111111111111111111111111111111111111111111111111111111111111111111111111>;
v0x5fd641dea260_0 .net *"_ivl_1", 127 0, L_0x5fd641e05420;  1 drivers
v0x5fd641dea340_0 .net *"_ivl_11", 0 0, L_0x5fd641e05760;  1 drivers
v0x5fd641dea400_0 .net *"_ivl_3", 127 0, L_0x5fd641e05490;  1 drivers
v0x5fd641dea4c0_0 .net *"_ivl_7", 127 0, L_0x5fd641e05580;  1 drivers
v0x5fd641dea5a0_0 .net *"_ivl_9", 127 0, L_0x5fd641e05640;  1 drivers
L_0x5fd641e05760 .cmp/eq 128, L_0x5fd641e05490, L_0x5fd641e05640;
S_0x5fd641dea6d0 .scope generate, "TCAM_COMPARE[9]" "TCAM_COMPARE[9]" 10 49, 10 49 0, S_0x5fd641de60f0;
 .timescale -9 -12;
P_0x5fd641dea8d0 .param/l "i" 1 10 49, +C4<01001>;
v0x5fd641dee010_9 .array/port v0x5fd641dee010, 9;
L_0x5fd641e058a0 .functor NOT 128, v0x5fd641dee010_9, C4<00000000000000000000000000000000000000000000000000000000000000000000000000000000000000000000000000000000000000000000000000000000>, C4<00000000000000000000000000000000000000000000000000000000000000000000000000000000000000000000000000000000000000000000000000000000>, C4<00000000000000000000000000000000000000000000000000000000000000000000000000000000000000000000000000000000000000000000000000000000>;
L_0x5fd641e05910 .functor AND 128, L_0x5fd641e02be0, L_0x5fd641e058a0, C4<11111111111111111111111111111111111111111111111111111111111111111111111111111111111111111111111111111111111111111111111111111111>, C4<11111111111111111111111111111111111111111111111111111111111111111111111111111111111111111111111111111111111111111111111111111111>;
L_0x5fd641e05a00 .functor NOT 128, v0x5fd641dee010_9, C4<00000000000000000000000000000000000000000000000000000000000000000000000000000000000000000000000000000000000000000000000000000000>, C4<00000000000000000000000000000000000000000000000000000000000000000000000000000000000000000000000000000000000000000000000000000000>, C4<00000000000000000000000000000000000000000000000000000000000000000000000000000000000000000000000000000000000000000000000000000000>;
v0x5fd641dee3f0_9 .array/port v0x5fd641dee3f0, 9;
L_0x5fd641e05ac0 .functor AND 128, v0x5fd641dee3f0_9, L_0x5fd641e05a00, C4<11111111111111111111111111111111111111111111111111111111111111111111111111111111111111111111111111111111111111111111111111111111>, C4<11111111111111111111111111111111111111111111111111111111111111111111111111111111111111111111111111111111111111111111111111111111>;
v0x5fd641dea9b0_0 .net *"_ivl_1", 127 0, L_0x5fd641e058a0;  1 drivers
v0x5fd641deaa90_0 .net *"_ivl_11", 0 0, L_0x5fd641e05be0;  1 drivers
v0x5fd641deab50_0 .net *"_ivl_3", 127 0, L_0x5fd641e05910;  1 drivers
v0x5fd641deac10_0 .net *"_ivl_7", 127 0, L_0x5fd641e05a00;  1 drivers
v0x5fd641deacf0_0 .net *"_ivl_9", 127 0, L_0x5fd641e05ac0;  1 drivers
L_0x5fd641e05be0 .cmp/eq 128, L_0x5fd641e05910, L_0x5fd641e05ac0;
S_0x5fd641deae20 .scope generate, "TCAM_COMPARE[10]" "TCAM_COMPARE[10]" 10 49, 10 49 0, S_0x5fd641de60f0;
 .timescale -9 -12;
P_0x5fd641deb020 .param/l "i" 1 10 49, +C4<01010>;
v0x5fd641dee010_10 .array/port v0x5fd641dee010, 10;
L_0x5fd641e05d20 .functor NOT 128, v0x5fd641dee010_10, C4<00000000000000000000000000000000000000000000000000000000000000000000000000000000000000000000000000000000000000000000000000000000>, C4<00000000000000000000000000000000000000000000000000000000000000000000000000000000000000000000000000000000000000000000000000000000>, C4<00000000000000000000000000000000000000000000000000000000000000000000000000000000000000000000000000000000000000000000000000000000>;
L_0x5fd641e05d90 .functor AND 128, L_0x5fd641e02be0, L_0x5fd641e05d20, C4<11111111111111111111111111111111111111111111111111111111111111111111111111111111111111111111111111111111111111111111111111111111>, C4<11111111111111111111111111111111111111111111111111111111111111111111111111111111111111111111111111111111111111111111111111111111>;
L_0x5fd641e05e80 .functor NOT 128, v0x5fd641dee010_10, C4<00000000000000000000000000000000000000000000000000000000000000000000000000000000000000000000000000000000000000000000000000000000>, C4<00000000000000000000000000000000000000000000000000000000000000000000000000000000000000000000000000000000000000000000000000000000>, C4<00000000000000000000000000000000000000000000000000000000000000000000000000000000000000000000000000000000000000000000000000000000>;
v0x5fd641dee3f0_10 .array/port v0x5fd641dee3f0, 10;
L_0x5fd641e05f40 .functor AND 128, v0x5fd641dee3f0_10, L_0x5fd641e05e80, C4<11111111111111111111111111111111111111111111111111111111111111111111111111111111111111111111111111111111111111111111111111111111>, C4<11111111111111111111111111111111111111111111111111111111111111111111111111111111111111111111111111111111111111111111111111111111>;
v0x5fd641deb100_0 .net *"_ivl_1", 127 0, L_0x5fd641e05d20;  1 drivers
v0x5fd641deb1e0_0 .net *"_ivl_11", 0 0, L_0x5fd641e06060;  1 drivers
v0x5fd641deb2a0_0 .net *"_ivl_3", 127 0, L_0x5fd641e05d90;  1 drivers
v0x5fd641deb360_0 .net *"_ivl_7", 127 0, L_0x5fd641e05e80;  1 drivers
v0x5fd641deb440_0 .net *"_ivl_9", 127 0, L_0x5fd641e05f40;  1 drivers
L_0x5fd641e06060 .cmp/eq 128, L_0x5fd641e05d90, L_0x5fd641e05f40;
S_0x5fd641deb570 .scope generate, "TCAM_COMPARE[11]" "TCAM_COMPARE[11]" 10 49, 10 49 0, S_0x5fd641de60f0;
 .timescale -9 -12;
P_0x5fd641deb770 .param/l "i" 1 10 49, +C4<01011>;
v0x5fd641dee010_11 .array/port v0x5fd641dee010, 11;
L_0x5fd641e061a0 .functor NOT 128, v0x5fd641dee010_11, C4<00000000000000000000000000000000000000000000000000000000000000000000000000000000000000000000000000000000000000000000000000000000>, C4<00000000000000000000000000000000000000000000000000000000000000000000000000000000000000000000000000000000000000000000000000000000>, C4<00000000000000000000000000000000000000000000000000000000000000000000000000000000000000000000000000000000000000000000000000000000>;
L_0x5fd641e06210 .functor AND 128, L_0x5fd641e02be0, L_0x5fd641e061a0, C4<11111111111111111111111111111111111111111111111111111111111111111111111111111111111111111111111111111111111111111111111111111111>, C4<11111111111111111111111111111111111111111111111111111111111111111111111111111111111111111111111111111111111111111111111111111111>;
L_0x5fd641e06300 .functor NOT 128, v0x5fd641dee010_11, C4<00000000000000000000000000000000000000000000000000000000000000000000000000000000000000000000000000000000000000000000000000000000>, C4<00000000000000000000000000000000000000000000000000000000000000000000000000000000000000000000000000000000000000000000000000000000>, C4<00000000000000000000000000000000000000000000000000000000000000000000000000000000000000000000000000000000000000000000000000000000>;
v0x5fd641dee3f0_11 .array/port v0x5fd641dee3f0, 11;
L_0x5fd641e063c0 .functor AND 128, v0x5fd641dee3f0_11, L_0x5fd641e06300, C4<11111111111111111111111111111111111111111111111111111111111111111111111111111111111111111111111111111111111111111111111111111111>, C4<11111111111111111111111111111111111111111111111111111111111111111111111111111111111111111111111111111111111111111111111111111111>;
v0x5fd641deb850_0 .net *"_ivl_1", 127 0, L_0x5fd641e061a0;  1 drivers
v0x5fd641deb930_0 .net *"_ivl_11", 0 0, L_0x5fd641e064e0;  1 drivers
v0x5fd641deb9f0_0 .net *"_ivl_3", 127 0, L_0x5fd641e06210;  1 drivers
v0x5fd641debab0_0 .net *"_ivl_7", 127 0, L_0x5fd641e06300;  1 drivers
v0x5fd641debb90_0 .net *"_ivl_9", 127 0, L_0x5fd641e063c0;  1 drivers
L_0x5fd641e064e0 .cmp/eq 128, L_0x5fd641e06210, L_0x5fd641e063c0;
S_0x5fd641debcc0 .scope generate, "TCAM_COMPARE[12]" "TCAM_COMPARE[12]" 10 49, 10 49 0, S_0x5fd641de60f0;
 .timescale -9 -12;
P_0x5fd641debec0 .param/l "i" 1 10 49, +C4<01100>;
v0x5fd641dee010_12 .array/port v0x5fd641dee010, 12;
L_0x5fd641e06620 .functor NOT 128, v0x5fd641dee010_12, C4<00000000000000000000000000000000000000000000000000000000000000000000000000000000000000000000000000000000000000000000000000000000>, C4<00000000000000000000000000000000000000000000000000000000000000000000000000000000000000000000000000000000000000000000000000000000>, C4<00000000000000000000000000000000000000000000000000000000000000000000000000000000000000000000000000000000000000000000000000000000>;
L_0x5fd641e06690 .functor AND 128, L_0x5fd641e02be0, L_0x5fd641e06620, C4<11111111111111111111111111111111111111111111111111111111111111111111111111111111111111111111111111111111111111111111111111111111>, C4<11111111111111111111111111111111111111111111111111111111111111111111111111111111111111111111111111111111111111111111111111111111>;
L_0x5fd641e06990 .functor NOT 128, v0x5fd641dee010_12, C4<00000000000000000000000000000000000000000000000000000000000000000000000000000000000000000000000000000000000000000000000000000000>, C4<00000000000000000000000000000000000000000000000000000000000000000000000000000000000000000000000000000000000000000000000000000000>, C4<00000000000000000000000000000000000000000000000000000000000000000000000000000000000000000000000000000000000000000000000000000000>;
v0x5fd641dee3f0_12 .array/port v0x5fd641dee3f0, 12;
L_0x5fd641e06a50 .functor AND 128, v0x5fd641dee3f0_12, L_0x5fd641e06990, C4<11111111111111111111111111111111111111111111111111111111111111111111111111111111111111111111111111111111111111111111111111111111>, C4<11111111111111111111111111111111111111111111111111111111111111111111111111111111111111111111111111111111111111111111111111111111>;
v0x5fd641debfa0_0 .net *"_ivl_1", 127 0, L_0x5fd641e06620;  1 drivers
v0x5fd641dec080_0 .net *"_ivl_11", 0 0, L_0x5fd641e06b70;  1 drivers
v0x5fd641dec140_0 .net *"_ivl_3", 127 0, L_0x5fd641e06690;  1 drivers
v0x5fd641dec200_0 .net *"_ivl_7", 127 0, L_0x5fd641e06990;  1 drivers
v0x5fd641dec2e0_0 .net *"_ivl_9", 127 0, L_0x5fd641e06a50;  1 drivers
L_0x5fd641e06b70 .cmp/eq 128, L_0x5fd641e06690, L_0x5fd641e06a50;
S_0x5fd641dec410 .scope generate, "TCAM_COMPARE[13]" "TCAM_COMPARE[13]" 10 49, 10 49 0, S_0x5fd641de60f0;
 .timescale -9 -12;
P_0x5fd641dec610 .param/l "i" 1 10 49, +C4<01101>;
v0x5fd641dee010_13 .array/port v0x5fd641dee010, 13;
L_0x5fd641e06cb0 .functor NOT 128, v0x5fd641dee010_13, C4<00000000000000000000000000000000000000000000000000000000000000000000000000000000000000000000000000000000000000000000000000000000>, C4<00000000000000000000000000000000000000000000000000000000000000000000000000000000000000000000000000000000000000000000000000000000>, C4<00000000000000000000000000000000000000000000000000000000000000000000000000000000000000000000000000000000000000000000000000000000>;
L_0x5fd641e06d20 .functor AND 128, L_0x5fd641e02be0, L_0x5fd641e06cb0, C4<11111111111111111111111111111111111111111111111111111111111111111111111111111111111111111111111111111111111111111111111111111111>, C4<11111111111111111111111111111111111111111111111111111111111111111111111111111111111111111111111111111111111111111111111111111111>;
L_0x5fd641e06e10 .functor NOT 128, v0x5fd641dee010_13, C4<00000000000000000000000000000000000000000000000000000000000000000000000000000000000000000000000000000000000000000000000000000000>, C4<00000000000000000000000000000000000000000000000000000000000000000000000000000000000000000000000000000000000000000000000000000000>, C4<00000000000000000000000000000000000000000000000000000000000000000000000000000000000000000000000000000000000000000000000000000000>;
v0x5fd641dee3f0_13 .array/port v0x5fd641dee3f0, 13;
L_0x5fd641e06ed0 .functor AND 128, v0x5fd641dee3f0_13, L_0x5fd641e06e10, C4<11111111111111111111111111111111111111111111111111111111111111111111111111111111111111111111111111111111111111111111111111111111>, C4<11111111111111111111111111111111111111111111111111111111111111111111111111111111111111111111111111111111111111111111111111111111>;
v0x5fd641dec6f0_0 .net *"_ivl_1", 127 0, L_0x5fd641e06cb0;  1 drivers
v0x5fd641dec7d0_0 .net *"_ivl_11", 0 0, L_0x5fd641e06ff0;  1 drivers
v0x5fd641dec890_0 .net *"_ivl_3", 127 0, L_0x5fd641e06d20;  1 drivers
v0x5fd641dec950_0 .net *"_ivl_7", 127 0, L_0x5fd641e06e10;  1 drivers
v0x5fd641deca30_0 .net *"_ivl_9", 127 0, L_0x5fd641e06ed0;  1 drivers
L_0x5fd641e06ff0 .cmp/eq 128, L_0x5fd641e06d20, L_0x5fd641e06ed0;
S_0x5fd641decb60 .scope generate, "TCAM_COMPARE[14]" "TCAM_COMPARE[14]" 10 49, 10 49 0, S_0x5fd641de60f0;
 .timescale -9 -12;
P_0x5fd641decd60 .param/l "i" 1 10 49, +C4<01110>;
v0x5fd641dee010_14 .array/port v0x5fd641dee010, 14;
L_0x5fd641e07130 .functor NOT 128, v0x5fd641dee010_14, C4<00000000000000000000000000000000000000000000000000000000000000000000000000000000000000000000000000000000000000000000000000000000>, C4<00000000000000000000000000000000000000000000000000000000000000000000000000000000000000000000000000000000000000000000000000000000>, C4<00000000000000000000000000000000000000000000000000000000000000000000000000000000000000000000000000000000000000000000000000000000>;
L_0x5fd641e071a0 .functor AND 128, L_0x5fd641e02be0, L_0x5fd641e07130, C4<11111111111111111111111111111111111111111111111111111111111111111111111111111111111111111111111111111111111111111111111111111111>, C4<11111111111111111111111111111111111111111111111111111111111111111111111111111111111111111111111111111111111111111111111111111111>;
L_0x5fd641e07290 .functor NOT 128, v0x5fd641dee010_14, C4<00000000000000000000000000000000000000000000000000000000000000000000000000000000000000000000000000000000000000000000000000000000>, C4<00000000000000000000000000000000000000000000000000000000000000000000000000000000000000000000000000000000000000000000000000000000>, C4<00000000000000000000000000000000000000000000000000000000000000000000000000000000000000000000000000000000000000000000000000000000>;
v0x5fd641dee3f0_14 .array/port v0x5fd641dee3f0, 14;
L_0x5fd641e07350 .functor AND 128, v0x5fd641dee3f0_14, L_0x5fd641e07290, C4<11111111111111111111111111111111111111111111111111111111111111111111111111111111111111111111111111111111111111111111111111111111>, C4<11111111111111111111111111111111111111111111111111111111111111111111111111111111111111111111111111111111111111111111111111111111>;
v0x5fd641dece40_0 .net *"_ivl_1", 127 0, L_0x5fd641e07130;  1 drivers
v0x5fd641decf20_0 .net *"_ivl_11", 0 0, L_0x5fd641e07470;  1 drivers
v0x5fd641decfe0_0 .net *"_ivl_3", 127 0, L_0x5fd641e071a0;  1 drivers
v0x5fd641ded0a0_0 .net *"_ivl_7", 127 0, L_0x5fd641e07290;  1 drivers
v0x5fd641ded180_0 .net *"_ivl_9", 127 0, L_0x5fd641e07350;  1 drivers
L_0x5fd641e07470 .cmp/eq 128, L_0x5fd641e071a0, L_0x5fd641e07350;
S_0x5fd641ded2b0 .scope generate, "TCAM_COMPARE[15]" "TCAM_COMPARE[15]" 10 49, 10 49 0, S_0x5fd641de60f0;
 .timescale -9 -12;
P_0x5fd641ded4b0 .param/l "i" 1 10 49, +C4<01111>;
v0x5fd641dee010_15 .array/port v0x5fd641dee010, 15;
L_0x5fd641e07b00 .functor NOT 128, v0x5fd641dee010_15, C4<00000000000000000000000000000000000000000000000000000000000000000000000000000000000000000000000000000000000000000000000000000000>, C4<00000000000000000000000000000000000000000000000000000000000000000000000000000000000000000000000000000000000000000000000000000000>, C4<00000000000000000000000000000000000000000000000000000000000000000000000000000000000000000000000000000000000000000000000000000000>;
L_0x5fd641e07b70 .functor AND 128, L_0x5fd641e02be0, L_0x5fd641e07b00, C4<11111111111111111111111111111111111111111111111111111111111111111111111111111111111111111111111111111111111111111111111111111111>, C4<11111111111111111111111111111111111111111111111111111111111111111111111111111111111111111111111111111111111111111111111111111111>;
L_0x5fd641e07c30 .functor NOT 128, v0x5fd641dee010_15, C4<00000000000000000000000000000000000000000000000000000000000000000000000000000000000000000000000000000000000000000000000000000000>, C4<00000000000000000000000000000000000000000000000000000000000000000000000000000000000000000000000000000000000000000000000000000000>, C4<00000000000000000000000000000000000000000000000000000000000000000000000000000000000000000000000000000000000000000000000000000000>;
v0x5fd641dee3f0_15 .array/port v0x5fd641dee3f0, 15;
L_0x5fd641e07cf0 .functor AND 128, v0x5fd641dee3f0_15, L_0x5fd641e07c30, C4<11111111111111111111111111111111111111111111111111111111111111111111111111111111111111111111111111111111111111111111111111111111>, C4<11111111111111111111111111111111111111111111111111111111111111111111111111111111111111111111111111111111111111111111111111111111>;
v0x5fd641ded590_0 .net *"_ivl_1", 127 0, L_0x5fd641e07b00;  1 drivers
v0x5fd641ded670_0 .net *"_ivl_11", 0 0, L_0x5fd641e07db0;  1 drivers
v0x5fd641ded730_0 .net *"_ivl_3", 127 0, L_0x5fd641e07b70;  1 drivers
v0x5fd641ded7f0_0 .net *"_ivl_7", 127 0, L_0x5fd641e07c30;  1 drivers
v0x5fd641ded8d0_0 .net *"_ivl_9", 127 0, L_0x5fd641e07cf0;  1 drivers
L_0x5fd641e07db0 .cmp/eq 128, L_0x5fd641e07b70, L_0x5fd641e07cf0;
S_0x5fd641deebc0 .scope module, "u_tcam_to_action_pipe" "tcam_to_action_pipe" 2 222, 11 2 0, S_0x5fd641daa860;
 .timescale -9 -12;
    .port_info 0 /INPUT 1 "clk";
    .port_info 1 /INPUT 1 "rst_n";
    .port_info 2 /INPUT 1 "tcam_valid";
    .port_info 3 /INPUT 1 "tcam_hit";
    .port_info 4 /INPUT 4 "tcam_hit_index";
    .port_info 5 /OUTPUT 1 "tcam_ready";
    .port_info 6 /OUTPUT 1 "action_valid";
    .port_info 7 /INPUT 1 "action_ready";
    .port_info 8 /OUTPUT 1 "action_hit";
    .port_info 9 /OUTPUT 4 "action_index";
v0x5fd641deeee0_0 .var "action_hit", 0 0;
v0x5fd641deefa0_0 .var "action_index", 3 0;
L_0x742f75db71c8 .functor BUFT 1, C4<1>, C4<0>, C4<0>, C4<0>;
v0x5fd641def040_0 .net "action_ready", 0 0, L_0x742f75db71c8;  1 drivers
v0x5fd641def0e0_0 .var "action_valid", 0 0;
v0x5fd641def180_0 .net "clk", 0 0, o0x742f76083078;  alias, 0 drivers
v0x5fd641def220_0 .net "rst_n", 0 0, o0x742f76083168;  alias, 0 drivers
v0x5fd641def2c0_0 .net "tcam_hit", 0 0, v0x5fd641dedac0_0;  alias, 1 drivers
v0x5fd641def360_0 .net "tcam_hit_index", 3 0, v0x5fd641dedb80_0;  alias, 1 drivers
v0x5fd641def430_0 .net "tcam_ready", 0 0, L_0x5fd641e07f40;  1 drivers
v0x5fd641def560_0 .net "tcam_valid", 0 0, v0x5fd641de5700_0;  alias, 1 drivers
L_0x5fd641e07f40 .reduce/nor v0x5fd641def0e0_0;
    .scope S_0x5fd641ddf640;
T_0 ;
    %wait E_0x5fd641d03330;
    %load/vec4 v0x5fd641ddff90_0;
    %pad/u 32;
    %pushi/vec4 0, 0, 32;
    %cmp/ne;
    %flag_get/vec4 4;
    %store/vec4 v0x5fd641de0670_0, 0, 1;
    %load/vec4 v0x5fd641de0ad0_0;
    %parti/s 4, 0, 2;
    %pad/u 6;
    %ix/vec4 4;
    %load/vec4a v0x5fd641de00c0, 4;
    %store/vec4 v0x5fd641de0380_0, 0, 8;
    %load/vec4 v0x5fd641de0ad0_0;
    %parti/s 4, 0, 2;
    %pad/u 6;
    %ix/vec4 4;
    %load/vec4a v0x5fd641de07e0, 4;
    %store/vec4 v0x5fd641de0440_0, 0, 1;
    %jmp T_0;
    .thread T_0, $push;
    .scope S_0x5fd641ddf640;
T_1 ;
    %wait E_0x5fd641d7a060;
    %load/vec4 v0x5fd641de0c70_0;
    %nor/r;
    %flag_set/vec4 8;
    %jmp/0xz  T_1.0, 8;
    %pushi/vec4 0, 0, 5;
    %assign/vec4 v0x5fd641de1140_0, 0;
    %pushi/vec4 0, 0, 5;
    %assign/vec4 v0x5fd641de0ad0_0, 0;
    %pushi/vec4 0, 0, 5;
    %assign/vec4 v0x5fd641ddff90_0, 0;
    %pushi/vec4 0, 0, 32;
    %store/vec4 v0x5fd641de0740_0, 0, 32;
T_1.2 ;
    %load/vec4 v0x5fd641de0740_0;
    %cmpi/s 16, 0, 32;
    %jmp/0xz T_1.3, 5;
    %pushi/vec4 0, 0, 8;
    %ix/getv/s 3, v0x5fd641de0740_0;
    %ix/load 4, 0, 0; Constant delay
    %assign/vec4/a/d v0x5fd641de00c0, 0, 4;
    %pushi/vec4 0, 0, 1;
    %ix/getv/s 3, v0x5fd641de0740_0;
    %ix/load 4, 0, 0; Constant delay
    %assign/vec4/a/d v0x5fd641de07e0, 0, 4;
    %load/vec4 v0x5fd641de0740_0;
    %addi 1, 0, 32;
    %store/vec4 v0x5fd641de0740_0, 0, 32;
    %jmp T_1.2;
T_1.3 ;
    %jmp T_1.1;
T_1.0 ;
    %load/vec4 v0x5fd641de1220_0;
    %load/vec4 v0x5fd641de0bb0_0;
    %concat/vec4; draw_concat_vec4
    %dup/vec4;
    %pushi/vec4 2, 0, 2;
    %cmp/u;
    %jmp/1 T_1.4, 6;
    %dup/vec4;
    %pushi/vec4 1, 0, 2;
    %cmp/u;
    %jmp/1 T_1.5, 6;
    %dup/vec4;
    %pushi/vec4 3, 0, 2;
    %cmp/u;
    %jmp/1 T_1.6, 6;
    %jmp T_1.8;
T_1.4 ;
    %load/vec4 v0x5fd641de0d10_0;
    %load/vec4 v0x5fd641de1140_0;
    %parti/s 4, 0, 2;
    %pad/u 6;
    %ix/vec4 3;
    %ix/load 4, 0, 0; Constant delay
    %assign/vec4/a/d v0x5fd641de00c0, 0, 4;
    %load/vec4 v0x5fd641de0df0_0;
    %load/vec4 v0x5fd641de1140_0;
    %parti/s 4, 0, 2;
    %pad/u 6;
    %ix/vec4 3;
    %ix/load 4, 0, 0; Constant delay
    %assign/vec4/a/d v0x5fd641de07e0, 0, 4;
    %load/vec4 v0x5fd641de1140_0;
    %addi 1, 0, 5;
    %assign/vec4 v0x5fd641de1140_0, 0;
    %load/vec4 v0x5fd641ddff90_0;
    %addi 1, 0, 5;
    %assign/vec4 v0x5fd641ddff90_0, 0;
    %jmp T_1.8;
T_1.5 ;
    %load/vec4 v0x5fd641de0ad0_0;
    %addi 1, 0, 5;
    %assign/vec4 v0x5fd641de0ad0_0, 0;
    %load/vec4 v0x5fd641ddff90_0;
    %subi 1, 0, 5;
    %assign/vec4 v0x5fd641ddff90_0, 0;
    %jmp T_1.8;
T_1.6 ;
    %load/vec4 v0x5fd641de0d10_0;
    %load/vec4 v0x5fd641de1140_0;
    %parti/s 4, 0, 2;
    %pad/u 6;
    %ix/vec4 3;
    %ix/load 4, 0, 0; Constant delay
    %assign/vec4/a/d v0x5fd641de00c0, 0, 4;
    %load/vec4 v0x5fd641de0df0_0;
    %load/vec4 v0x5fd641de1140_0;
    %parti/s 4, 0, 2;
    %pad/u 6;
    %ix/vec4 3;
    %ix/load 4, 0, 0; Constant delay
    %assign/vec4/a/d v0x5fd641de07e0, 0, 4;
    %load/vec4 v0x5fd641de1140_0;
    %addi 1, 0, 5;
    %assign/vec4 v0x5fd641de1140_0, 0;
    %load/vec4 v0x5fd641de0ad0_0;
    %addi 1, 0, 5;
    %assign/vec4 v0x5fd641de0ad0_0, 0;
    %jmp T_1.8;
T_1.8 ;
    %pop/vec4 1;
T_1.1 ;
    %jmp T_1;
    .thread T_1;
    .scope S_0x5fd641ddc8b0;
T_2 ;
    %wait E_0x5fd641d7a060;
    %load/vec4 v0x5fd641ddd5d0_0;
    %nor/r;
    %flag_set/vec4 8;
    %jmp/0xz  T_2.0, 8;
    %pushi/vec4 0, 0, 9;
    %assign/vec4 v0x5fd641ddd670_0, 0;
    %pushi/vec4 0, 0, 9;
    %assign/vec4 v0x5fd641ddd1d0_0, 0;
    %pushi/vec4 0, 0, 1;
    %assign/vec4 v0x5fd641ddd370_0, 0;
    %pushi/vec4 0, 0, 1;
    %assign/vec4 v0x5fd641ddd510_0, 0;
    %pushi/vec4 0, 0, 32;
    %store/vec4 v0x5fd641ddd430_0, 0, 32;
T_2.2 ;
    %load/vec4 v0x5fd641ddd430_0;
    %cmpi/s 192, 0, 32;
    %jmp/0xz T_2.3, 5;
    %pushi/vec4 0, 0, 8;
    %ix/load 5, 0, 0;
    %load/vec4 v0x5fd641ddd430_0;
    %muli 8, 0, 32;
    %ix/vec4/s 4;
    %assign/vec4/off/d v0x5fd641ddd0f0_0, 4, 5;
    %load/vec4 v0x5fd641ddd430_0;
    %addi 1, 0, 32;
    %store/vec4 v0x5fd641ddd430_0, 0, 32;
    %jmp T_2.2;
T_2.3 ;
    %jmp T_2.1;
T_2.0 ;
    %load/vec4 v0x5fd641ddd370_0;
    %flag_set/vec4 9;
    %flag_get/vec4 9;
    %jmp/0 T_2.6, 9;
    %load/vec4 v0x5fd641ddd2b0_0;
    %and;
T_2.6;
    %flag_set/vec4 8;
    %jmp/0xz  T_2.4, 8;
    %pushi/vec4 0, 0, 1;
    %assign/vec4 v0x5fd641ddd370_0, 0;
T_2.4 ;
    %load/vec4 v0x5fd641ddcfe0_0;
    %flag_set/vec4 9;
    %flag_get/vec4 9;
    %jmp/0 T_2.9, 9;
    %load/vec4 v0x5fd641ddcf20_0;
    %and;
T_2.9;
    %flag_set/vec4 8;
    %jmp/0xz  T_2.7, 8;
    %load/vec4 v0x5fd641ddd510_0;
    %nor/r;
    %flag_set/vec4 8;
    %jmp/0xz  T_2.10, 8;
    %pushi/vec4 1, 0, 1;
    %assign/vec4 v0x5fd641ddd510_0, 0;
    %pushi/vec4 1, 0, 9;
    %assign/vec4 v0x5fd641ddd670_0, 0;
    %pushi/vec4 1, 0, 9;
    %assign/vec4 v0x5fd641ddd1d0_0, 0;
    %pushi/vec4 0, 0, 1;
    %assign/vec4 v0x5fd641ddd370_0, 0;
    %load/vec4 v0x5fd641ddcdc0_0;
    %ix/load 4, 0, 0;
    %ix/load 5, 0, 0;
    %flag_set/imm 4, 0;
    %assign/vec4/off/d v0x5fd641ddd0f0_0, 4, 5;
    %jmp T_2.11;
T_2.10 ;
    %load/vec4 v0x5fd641ddd1d0_0;
    %addi 1, 0, 9;
    %assign/vec4 v0x5fd641ddd1d0_0, 0;
    %load/vec4 v0x5fd641ddd670_0;
    %pad/u 32;
    %cmpi/u 192, 0, 32;
    %jmp/0xz  T_2.12, 5;
    %load/vec4 v0x5fd641ddcdc0_0;
    %ix/load 5, 0, 0;
    %load/vec4 v0x5fd641ddd670_0;
    %pad/u 32;
    %muli 8, 0, 32;
    %ix/vec4 4;
    %assign/vec4/off/d v0x5fd641ddd0f0_0, 4, 5;
    %load/vec4 v0x5fd641ddd670_0;
    %addi 1, 0, 9;
    %assign/vec4 v0x5fd641ddd670_0, 0;
    %load/vec4 v0x5fd641ddd670_0;
    %pad/u 32;
    %cmpi/e 191, 0, 32;
    %jmp/0xz  T_2.14, 4;
    %pushi/vec4 1, 0, 1;
    %assign/vec4 v0x5fd641ddd370_0, 0;
T_2.14 ;
T_2.12 ;
    %load/vec4 v0x5fd641ddce80_0;
    %flag_set/vec4 9;
    %flag_get/vec4 9;
    %jmp/0 T_2.18, 9;
    %load/vec4 v0x5fd641ddd670_0;
    %pad/u 32;
    %cmpi/u 192, 0, 32;
    %flag_get/vec4 5;
    %and;
T_2.18;
    %flag_set/vec4 8;
    %jmp/0xz  T_2.16, 8;
    %pushi/vec4 1, 0, 1;
    %assign/vec4 v0x5fd641ddd370_0, 0;
T_2.16 ;
T_2.11 ;
    %load/vec4 v0x5fd641ddce80_0;
    %flag_set/vec4 8;
    %jmp/0xz  T_2.19, 8;
    %pushi/vec4 0, 0, 1;
    %assign/vec4 v0x5fd641ddd510_0, 0;
T_2.19 ;
T_2.7 ;
T_2.1 ;
    %jmp T_2;
    .thread T_2;
    .scope S_0x5fd641ddd870;
T_3 ;
    %wait E_0x5fd641d7a060;
    %load/vec4 v0x5fd641dde490_0;
    %nor/r;
    %flag_set/vec4 8;
    %jmp/0xz  T_3.0, 8;
    %pushi/vec4 0, 0, 1;
    %assign/vec4 v0x5fd641dde050_0, 0;
    %pushi/vec4 0, 0, 1536;
    %assign/vec4 v0x5fd641dddef0_0, 0;
    %jmp T_3.1;
T_3.0 ;
    %load/vec4 v0x5fd641dde3c0_0;
    %flag_set/vec4 9;
    %flag_get/vec4 9;
    %jmp/0 T_3.4, 9;
    %load/vec4 v0x5fd641dde2f0_0;
    %and;
T_3.4;
    %flag_set/vec4 8;
    %jmp/0xz  T_3.2, 8;
    %pushi/vec4 1, 0, 1;
    %assign/vec4 v0x5fd641dde050_0, 0;
    %load/vec4 v0x5fd641dde160_0;
    %assign/vec4 v0x5fd641dddef0_0, 0;
    %jmp T_3.3;
T_3.2 ;
    %load/vec4 v0x5fd641dde050_0;
    %flag_set/vec4 9;
    %flag_get/vec4 9;
    %jmp/0 T_3.7, 9;
    %load/vec4 v0x5fd641dddf90_0;
    %and;
T_3.7;
    %flag_set/vec4 8;
    %jmp/0xz  T_3.5, 8;
    %pushi/vec4 0, 0, 1;
    %assign/vec4 v0x5fd641dde050_0, 0;
T_3.5 ;
T_3.3 ;
T_3.1 ;
    %jmp T_3;
    .thread T_3;
    .scope S_0x5fd641de1420;
T_4 ;
    %wait E_0x5fd641d7a060;
    %load/vec4 v0x5fd641de3780_0;
    %nor/r;
    %flag_set/vec4 8;
    %jmp/0xz  T_4.0, 8;
    %pushi/vec4 0, 0, 4;
    %assign/vec4 v0x5fd641de3ac0_0, 0;
    %jmp T_4.1;
T_4.0 ;
    %load/vec4 v0x5fd641de3ac0_0;
    %dup/vec4;
    %pushi/vec4 0, 0, 4;
    %cmp/u;
    %jmp/1 T_4.2, 6;
    %dup/vec4;
    %pushi/vec4 2, 0, 4;
    %cmp/u;
    %jmp/1 T_4.3, 6;
    %dup/vec4;
    %pushi/vec4 3, 0, 4;
    %cmp/u;
    %jmp/1 T_4.4, 6;
    %dup/vec4;
    %pushi/vec4 4, 0, 4;
    %cmp/u;
    %jmp/1 T_4.5, 6;
    %dup/vec4;
    %pushi/vec4 5, 0, 4;
    %cmp/u;
    %jmp/1 T_4.6, 6;
    %dup/vec4;
    %pushi/vec4 6, 0, 4;
    %cmp/u;
    %jmp/1 T_4.7, 6;
    %dup/vec4;
    %pushi/vec4 7, 0, 4;
    %cmp/u;
    %jmp/1 T_4.8, 6;
    %dup/vec4;
    %pushi/vec4 8, 0, 4;
    %cmp/u;
    %jmp/1 T_4.9, 6;
    %dup/vec4;
    %pushi/vec4 9, 0, 4;
    %cmp/u;
    %jmp/1 T_4.10, 6;
    %dup/vec4;
    %pushi/vec4 10, 0, 4;
    %cmp/u;
    %jmp/1 T_4.11, 6;
    %dup/vec4;
    %pushi/vec4 11, 0, 4;
    %cmp/u;
    %jmp/1 T_4.12, 6;
    %pushi/vec4 0, 0, 4;
    %assign/vec4 v0x5fd641de3ac0_0, 0;
    %jmp T_4.14;
T_4.2 ;
    %load/vec4 v0x5fd641de2e50_0;
    %flag_set/vec4 8;
    %jmp/0xz  T_4.15, 8;
    %pushi/vec4 2, 0, 4;
    %assign/vec4 v0x5fd641de3ac0_0, 0;
T_4.15 ;
    %jmp T_4.14;
T_4.3 ;
    %load/vec4 v0x5fd641de2c90_0;
    %parti/s 8, 0, 2;
    %load/vec4 v0x5fd641de2c90_0;
    %parti/s 8, 8, 5;
    %concat/vec4; draw_concat_vec4
    %load/vec4 v0x5fd641de2c90_0;
    %parti/s 8, 16, 6;
    %concat/vec4; draw_concat_vec4
    %load/vec4 v0x5fd641de2c90_0;
    %parti/s 8, 24, 6;
    %concat/vec4; draw_concat_vec4
    %load/vec4 v0x5fd641de2c90_0;
    %parti/s 8, 32, 7;
    %concat/vec4; draw_concat_vec4
    %load/vec4 v0x5fd641de2c90_0;
    %parti/s 8, 40, 7;
    %concat/vec4; draw_concat_vec4
    %assign/vec4 v0x5fd641de27f0_0, 0;
    %load/vec4 v0x5fd641de2c90_0;
    %parti/s 8, 48, 7;
    %load/vec4 v0x5fd641de2c90_0;
    %parti/s 8, 56, 7;
    %concat/vec4; draw_concat_vec4
    %load/vec4 v0x5fd641de2c90_0;
    %parti/s 8, 64, 8;
    %concat/vec4; draw_concat_vec4
    %load/vec4 v0x5fd641de2c90_0;
    %parti/s 8, 72, 8;
    %concat/vec4; draw_concat_vec4
    %load/vec4 v0x5fd641de2c90_0;
    %parti/s 8, 80, 8;
    %concat/vec4; draw_concat_vec4
    %load/vec4 v0x5fd641de2c90_0;
    %parti/s 8, 88, 8;
    %concat/vec4; draw_concat_vec4
    %assign/vec4 v0x5fd641de3910_0, 0;
    %load/vec4 v0x5fd641de2c90_0;
    %parti/s 8, 96, 8;
    %load/vec4 v0x5fd641de2c90_0;
    %parti/s 8, 104, 8;
    %concat/vec4; draw_concat_vec4
    %assign/vec4 v0x5fd641de2af0_0, 0;
    %pushi/vec4 14, 0, 16;
    %assign/vec4 v0x5fd641de34e0_0, 0;
    %load/vec4 v0x5fd641de2c90_0;
    %parti/s 8, 96, 8;
    %load/vec4 v0x5fd641de2c90_0;
    %parti/s 8, 104, 8;
    %concat/vec4; draw_concat_vec4
    %cmpi/e 33024, 0, 16;
    %jmp/0xz  T_4.17, 4;
    %pushi/vec4 1, 0, 1;
    %assign/vec4 v0x5fd641de2bd0_0, 0;
    %pushi/vec4 3, 0, 4;
    %assign/vec4 v0x5fd641de3ac0_0, 0;
    %jmp T_4.18;
T_4.17 ;
    %pushi/vec4 0, 0, 1;
    %assign/vec4 v0x5fd641de2bd0_0, 0;
    %pushi/vec4 4, 0, 4;
    %assign/vec4 v0x5fd641de3ac0_0, 0;
T_4.18 ;
    %jmp T_4.14;
T_4.4 ;
    %load/vec4 v0x5fd641de2c90_0;
    %parti/s 8, 112, 8;
    %assign/vec4 v0x5fd641de2490_0, 0;
    %load/vec4 v0x5fd641de2490_0;
    %parti/s 4, 0, 2;
    %load/vec4 v0x5fd641de2c90_0;
    %parti/s 8, 120, 8;
    %concat/vec4; draw_concat_vec4
    %assign/vec4 v0x5fd641de3d40_0, 0;
    %load/vec4 v0x5fd641de2c90_0;
    %parti/s 8, 128, 9;
    %load/vec4 v0x5fd641de2c90_0;
    %parti/s 8, 136, 9;
    %concat/vec4; draw_concat_vec4
    %assign/vec4 v0x5fd641de2af0_0, 0;
    %pushi/vec4 18, 0, 16;
    %assign/vec4 v0x5fd641de34e0_0, 0;
    %pushi/vec4 4, 0, 4;
    %assign/vec4 v0x5fd641de3ac0_0, 0;
    %jmp T_4.14;
T_4.5 ;
    %load/vec4 v0x5fd641de2af0_0;
    %pushi/vec4 2048, 0, 16;
    %cmp/e;
    %flag_get/vec4 4;
    %assign/vec4 v0x5fd641de3340_0, 0;
    %load/vec4 v0x5fd641de2af0_0;
    %pushi/vec4 2054, 0, 16;
    %cmp/e;
    %flag_get/vec4 4;
    %assign/vec4 v0x5fd641de31a0_0, 0;
    %load/vec4 v0x5fd641de2af0_0;
    %pushi/vec4 34525, 0, 16;
    %cmp/e;
    %flag_get/vec4 4;
    %assign/vec4 v0x5fd641de3410_0, 0;
    %load/vec4 v0x5fd641de2af0_0;
    %cmpi/e 2054, 0, 16;
    %jmp/0xz  T_4.19, 4;
    %pushi/vec4 11, 0, 4;
    %assign/vec4 v0x5fd641de3ac0_0, 0;
    %jmp T_4.20;
T_4.19 ;
    %load/vec4 v0x5fd641de2af0_0;
    %cmpi/e 2048, 0, 16;
    %jmp/0xz  T_4.21, 4;
    %load/vec4 v0x5fd641de2c90_0;
    %load/vec4 v0x5fd641de34e0_0;
    %pad/u 32;
    %addi 1, 0, 32;
    %muli 8, 0, 32;
    %part/u 8;
    %assign/vec4 v0x5fd641de2490_0, 0;
    %pushi/vec4 5, 0, 4;
    %assign/vec4 v0x5fd641de3ac0_0, 0;
    %jmp T_4.22;
T_4.21 ;
    %load/vec4 v0x5fd641de2af0_0;
    %cmpi/e 34525, 0, 16;
    %jmp/0xz  T_4.23, 4;
    %pushi/vec4 9, 0, 4;
    %assign/vec4 v0x5fd641de3ac0_0, 0;
    %jmp T_4.24;
T_4.23 ;
    %pushi/vec4 11, 0, 4;
    %assign/vec4 v0x5fd641de3ac0_0, 0;
T_4.24 ;
T_4.22 ;
T_4.20 ;
    %jmp T_4.14;
T_4.6 ;
    %load/vec4 v0x5fd641de2490_0;
    %parti/s 6, 2, 3;
    %assign/vec4 v0x5fd641de2660_0, 0;
    %load/vec4 v0x5fd641de2490_0;
    %parti/s 2, 0, 2;
    %assign/vec4 v0x5fd641de2a30_0, 0;
    %load/vec4 v0x5fd641de2c90_0;
    %load/vec4 v0x5fd641de34e0_0;
    %pad/u 32;
    %addi 8, 0, 32;
    %muli 8, 0, 32;
    %part/u 8;
    %assign/vec4 v0x5fd641de3c60_0, 0;
    %load/vec4 v0x5fd641de2c90_0;
    %load/vec4 v0x5fd641de34e0_0;
    %pad/u 32;
    %addi 9, 0, 32;
    %muli 8, 0, 32;
    %part/u 8;
    %assign/vec4 v0x5fd641de2fc0_0, 0;
    %load/vec4 v0x5fd641de2c90_0;
    %load/vec4 v0x5fd641de34e0_0;
    %pad/u 32;
    %addi 6, 0, 32;
    %muli 8, 0, 32;
    %part/u 8;
    %assign/vec4 v0x5fd641de2490_0, 0;
    %pushi/vec4 6, 0, 4;
    %assign/vec4 v0x5fd641de3ac0_0, 0;
    %jmp T_4.14;
T_4.7 ;
    %load/vec4 v0x5fd641de2490_0;
    %parti/s 1, 5, 4;
    %cmpi/e 1, 0, 1;
    %flag_get/vec4 4;
    %jmp/1 T_4.25, 4;
    %load/vec4 v0x5fd641de2490_0;
    %parti/s 5, 0, 2;
    %load/vec4 v0x5fd641de2c90_0;
    %load/vec4 v0x5fd641de34e0_0;
    %pad/u 32;
    %addi 7, 0, 32;
    %muli 8, 0, 32;
    %part/u 8;
    %concat/vec4; draw_concat_vec4
    %pushi/vec4 0, 0, 13;
    %cmp/ne;
    %flag_get/vec4 4;
    %or;
T_4.25;
    %assign/vec4 v0x5fd641de3270_0, 0;
    %pushi/vec4 7, 0, 4;
    %assign/vec4 v0x5fd641de3ac0_0, 0;
    %jmp T_4.14;
T_4.8 ;
    %load/vec4 v0x5fd641de2c90_0;
    %load/vec4 v0x5fd641de34e0_0;
    %pad/u 32;
    %addi 12, 0, 32;
    %muli 8, 0, 32;
    %part/u 8;
    %load/vec4 v0x5fd641de2c90_0;
    %load/vec4 v0x5fd641de34e0_0;
    %pad/u 32;
    %addi 13, 0, 32;
    %muli 8, 0, 32;
    %part/u 8;
    %concat/vec4; draw_concat_vec4
    %load/vec4 v0x5fd641de2c90_0;
    %load/vec4 v0x5fd641de34e0_0;
    %pad/u 32;
    %addi 14, 0, 32;
    %muli 8, 0, 32;
    %part/u 8;
    %concat/vec4; draw_concat_vec4
    %load/vec4 v0x5fd641de2c90_0;
    %load/vec4 v0x5fd641de34e0_0;
    %pad/u 32;
    %addi 15, 0, 32;
    %muli 8, 0, 32;
    %part/u 8;
    %concat/vec4; draw_concat_vec4
    %assign/vec4 v0x5fd641de3820_0, 0;
    %load/vec4 v0x5fd641de2c90_0;
    %load/vec4 v0x5fd641de34e0_0;
    %pad/u 32;
    %addi 16, 0, 32;
    %muli 8, 0, 32;
    %part/u 8;
    %load/vec4 v0x5fd641de2c90_0;
    %load/vec4 v0x5fd641de34e0_0;
    %pad/u 32;
    %addi 17, 0, 32;
    %muli 8, 0, 32;
    %part/u 8;
    %concat/vec4; draw_concat_vec4
    %load/vec4 v0x5fd641de2c90_0;
    %load/vec4 v0x5fd641de34e0_0;
    %pad/u 32;
    %addi 18, 0, 32;
    %muli 8, 0, 32;
    %part/u 8;
    %concat/vec4; draw_concat_vec4
    %load/vec4 v0x5fd641de2c90_0;
    %load/vec4 v0x5fd641de34e0_0;
    %pad/u 32;
    %addi 19, 0, 32;
    %muli 8, 0, 32;
    %part/u 8;
    %concat/vec4; draw_concat_vec4
    %assign/vec4 v0x5fd641de2720_0, 0;
    %load/vec4 v0x5fd641de2c90_0;
    %load/vec4 v0x5fd641de34e0_0;
    %pad/u 32;
    %muli 8, 0, 32;
    %part/u 8;
    %assign/vec4 v0x5fd641de2490_0, 0;
    %pushi/vec4 8, 0, 4;
    %assign/vec4 v0x5fd641de3ac0_0, 0;
    %jmp T_4.14;
T_4.9 ;
    %load/vec4 v0x5fd641de34e0_0;
    %load/vec4 v0x5fd641de2490_0;
    %parti/s 4, 0, 2;
    %pad/u 16;
    %ix/load 4, 2, 0;
    %flag_set/imm 4, 0;
    %shiftl 4;
    %add;
    %assign/vec4 v0x5fd641de3580_0, 0;
    %pushi/vec4 10, 0, 4;
    %assign/vec4 v0x5fd641de3ac0_0, 0;
    %jmp T_4.14;
T_4.10 ;
    %load/vec4 v0x5fd641de2c90_0;
    %load/vec4 v0x5fd641de34e0_0;
    %pad/u 32;
    %addi 6, 0, 32;
    %muli 8, 0, 32;
    %part/u 8;
    %assign/vec4 v0x5fd641de2fc0_0, 0;
    %load/vec4 v0x5fd641de34e0_0;
    %addi 40, 0, 16;
    %assign/vec4 v0x5fd641de3580_0, 0;
    %pushi/vec4 10, 0, 4;
    %assign/vec4 v0x5fd641de3ac0_0, 0;
    %jmp T_4.14;
T_4.11 ;
    %load/vec4 v0x5fd641de2fc0_0;
    %cmpi/e 6, 0, 8;
    %jmp/0xz  T_4.26, 4;
    %load/vec4 v0x5fd641de2c90_0;
    %load/vec4 v0x5fd641de3580_0;
    %pad/u 32;
    %muli 8, 0, 32;
    %part/u 8;
    %load/vec4 v0x5fd641de2c90_0;
    %load/vec4 v0x5fd641de3580_0;
    %pad/u 32;
    %addi 1, 0, 32;
    %muli 8, 0, 32;
    %part/u 8;
    %concat/vec4; draw_concat_vec4
    %assign/vec4 v0x5fd641de39d0_0, 0;
    %load/vec4 v0x5fd641de2c90_0;
    %load/vec4 v0x5fd641de3580_0;
    %pad/u 32;
    %addi 2, 0, 32;
    %muli 8, 0, 32;
    %part/u 8;
    %load/vec4 v0x5fd641de2c90_0;
    %load/vec4 v0x5fd641de3580_0;
    %pad/u 32;
    %addi 3, 0, 32;
    %muli 8, 0, 32;
    %part/u 8;
    %concat/vec4; draw_concat_vec4
    %assign/vec4 v0x5fd641de28b0_0, 0;
    %load/vec4 v0x5fd641de2c90_0;
    %load/vec4 v0x5fd641de3580_0;
    %pad/u 32;
    %addi 13, 0, 32;
    %muli 8, 0, 32;
    %part/u 8;
    %assign/vec4 v0x5fd641de3b80_0, 0;
    %jmp T_4.27;
T_4.26 ;
    %load/vec4 v0x5fd641de2fc0_0;
    %cmpi/e 17, 0, 8;
    %jmp/0xz  T_4.28, 4;
    %load/vec4 v0x5fd641de2c90_0;
    %load/vec4 v0x5fd641de3580_0;
    %pad/u 32;
    %muli 8, 0, 32;
    %part/u 8;
    %load/vec4 v0x5fd641de2c90_0;
    %load/vec4 v0x5fd641de3580_0;
    %pad/u 32;
    %addi 1, 0, 32;
    %muli 8, 0, 32;
    %part/u 8;
    %concat/vec4; draw_concat_vec4
    %assign/vec4 v0x5fd641de39d0_0, 0;
    %load/vec4 v0x5fd641de2c90_0;
    %load/vec4 v0x5fd641de3580_0;
    %pad/u 32;
    %addi 2, 0, 32;
    %muli 8, 0, 32;
    %part/u 8;
    %load/vec4 v0x5fd641de2c90_0;
    %load/vec4 v0x5fd641de3580_0;
    %pad/u 32;
    %addi 3, 0, 32;
    %muli 8, 0, 32;
    %part/u 8;
    %concat/vec4; draw_concat_vec4
    %assign/vec4 v0x5fd641de28b0_0, 0;
    %jmp T_4.29;
T_4.28 ;
    %load/vec4 v0x5fd641de2fc0_0;
    %cmpi/e 1, 0, 8;
    %jmp/1 T_4.32, 4;
    %flag_mov 8, 4;
    %load/vec4 v0x5fd641de2fc0_0;
    %cmpi/e 58, 0, 8;
    %flag_or 4, 8;
T_4.32;
    %jmp/0xz  T_4.30, 4;
    %load/vec4 v0x5fd641de2c90_0;
    %load/vec4 v0x5fd641de3580_0;
    %pad/u 32;
    %muli 8, 0, 32;
    %part/u 8;
    %assign/vec4 v0x5fd641de2f20_0, 0;
T_4.30 ;
T_4.29 ;
T_4.27 ;
    %pushi/vec4 11, 0, 4;
    %assign/vec4 v0x5fd641de3ac0_0, 0;
    %jmp T_4.14;
T_4.12 ;
    %load/vec4 v0x5fd641de3620_0;
    %flag_set/vec4 8;
    %jmp/0xz  T_4.33, 8;
    %pushi/vec4 0, 0, 4;
    %assign/vec4 v0x5fd641de3ac0_0, 0;
T_4.33 ;
    %jmp T_4.14;
T_4.14 ;
    %pop/vec4 1;
T_4.1 ;
    %jmp T_4;
    .thread T_4;
    .scope S_0x5fd641de4130;
T_5 ;
    %wait E_0x5fd641d7a060;
    %load/vec4 v0x5fd641de59e0_0;
    %nor/r;
    %flag_set/vec4 8;
    %jmp/0xz  T_5.0, 8;
    %pushi/vec4 0, 0, 1;
    %assign/vec4 v0x5fd641de5700_0, 0;
    %jmp T_5.1;
T_5.0 ;
    %load/vec4 v0x5fd641de5700_0;
    %flag_set/vec4 9;
    %flag_get/vec4 9;
    %jmp/0 T_5.4, 9;
    %load/vec4 v0x5fd641de5480_0;
    %and;
T_5.4;
    %flag_set/vec4 8;
    %jmp/0xz  T_5.2, 8;
    %pushi/vec4 0, 0, 1;
    %assign/vec4 v0x5fd641de5700_0, 0;
T_5.2 ;
    %load/vec4 v0x5fd641de5940_0;
    %flag_set/vec4 9;
    %flag_get/vec4 9;
    %jmp/0 T_5.7, 9;
    %load/vec4 v0x5fd641de58a0_0;
    %and;
T_5.7;
    %flag_set/vec4 8;
    %jmp/0xz  T_5.5, 8;
    %pushi/vec4 1, 0, 1;
    %assign/vec4 v0x5fd641de5700_0, 0;
    %load/vec4 v0x5fd641de5a80_0;
    %assign/vec4 v0x5fd641de5540_0, 0;
    %load/vec4 v0x5fd641de46f0_0;
    %assign/vec4 v0x5fd641de4ee0_0, 0;
    %load/vec4 v0x5fd641de48a0_0;
    %assign/vec4 v0x5fd641de50a0_0, 0;
    %load/vec4 v0x5fd641de5b70_0;
    %assign/vec4 v0x5fd641de5620_0, 0;
    %load/vec4 v0x5fd641de4790_0;
    %assign/vec4 v0x5fd641de4fc0_0, 0;
    %load/vec4 v0x5fd641de5c60_0;
    %assign/vec4 v0x5fd641de57c0_0, 0;
    %load/vec4 v0x5fd641de4630_0;
    %assign/vec4 v0x5fd641de4e00_0, 0;
    %load/vec4 v0x5fd641de4be0_0;
    %assign/vec4 v0x5fd641de5300_0, 0;
    %load/vec4 v0x5fd641de4cd0_0;
    %assign/vec4 v0x5fd641de53c0_0, 0;
    %load/vec4 v0x5fd641de4a00_0;
    %assign/vec4 v0x5fd641de5180_0, 0;
    %load/vec4 v0x5fd641de4af0_0;
    %assign/vec4 v0x5fd641de5240_0, 0;
T_5.5 ;
T_5.1 ;
    %jmp T_5;
    .thread T_5;
    .scope S_0x5fd641de60f0;
T_6 ;
    %wait E_0x5fd641d7a060;
    %load/vec4 v0x5fd641dedf70_0;
    %nor/r;
    %flag_set/vec4 8;
    %jmp/0xz  T_6.0, 8;
    %jmp T_6.1;
T_6.0 ;
    %load/vec4 v0x5fd641dee900_0;
    %flag_set/vec4 8;
    %jmp/0xz  T_6.2, 8;
    %load/vec4 v0x5fd641dee9c0_0;
    %flag_set/vec4 8;
    %jmp/0xz  T_6.4, 8;
    %load/vec4 v0x5fd641dee820_0;
    %load/vec4 v0x5fd641dee740_0;
    %pad/u 6;
    %ix/vec4 3;
    %ix/load 4, 0, 0; Constant delay
    %assign/vec4/a/d v0x5fd641dee010, 0, 4;
    %jmp T_6.5;
T_6.4 ;
    %load/vec4 v0x5fd641dee820_0;
    %load/vec4 v0x5fd641dee740_0;
    %pad/u 6;
    %ix/vec4 3;
    %ix/load 4, 0, 0; Constant delay
    %assign/vec4/a/d v0x5fd641dee3f0, 0, 4;
T_6.5 ;
T_6.2 ;
T_6.1 ;
    %jmp T_6;
    .thread T_6;
    .scope S_0x5fd641de60f0;
T_7 ;
    %wait E_0x5fd641dca9c0;
    %pushi/vec4 0, 0, 1;
    %store/vec4 v0x5fd641dedac0_0, 0, 1;
    %pushi/vec4 0, 0, 4;
    %store/vec4 v0x5fd641dedb80_0, 0, 4;
    %load/vec4 v0x5fd641dede30_0;
    %flag_set/vec4 8;
    %jmp/0xz  T_7.0, 8;
    %pushi/vec4 0, 0, 32;
    %store/vec4 v0x5fd641dedc40_0, 0, 32;
T_7.2 ;
    %load/vec4 v0x5fd641dedc40_0;
    %cmpi/s 16, 0, 32;
    %jmp/0xz T_7.3, 5;
    %load/vec4 v0x5fd641deded0_0;
    %load/vec4 v0x5fd641dedc40_0;
    %part/s 1;
    %flag_set/vec4 9;
    %flag_get/vec4 9;
    %jmp/0 T_7.6, 9;
    %load/vec4 v0x5fd641dedac0_0;
    %nor/r;
    %and;
T_7.6;
    %flag_set/vec4 8;
    %jmp/0xz  T_7.4, 8;
    %pushi/vec4 1, 0, 1;
    %store/vec4 v0x5fd641dedac0_0, 0, 1;
    %load/vec4 v0x5fd641dedc40_0;
    %parti/s 4, 0, 2;
    %store/vec4 v0x5fd641dedb80_0, 0, 4;
T_7.4 ;
    %load/vec4 v0x5fd641dedc40_0;
    %addi 1, 0, 32;
    %store/vec4 v0x5fd641dedc40_0, 0, 32;
    %jmp T_7.2;
T_7.3 ;
T_7.0 ;
    %jmp T_7;
    .thread T_7, $push;
    .scope S_0x5fd641deebc0;
T_8 ;
    %wait E_0x5fd641d7a060;
    %load/vec4 v0x5fd641def220_0;
    %nor/r;
    %flag_set/vec4 8;
    %jmp/0xz  T_8.0, 8;
    %pushi/vec4 0, 0, 1;
    %assign/vec4 v0x5fd641def0e0_0, 0;
    %jmp T_8.1;
T_8.0 ;
    %load/vec4 v0x5fd641def0e0_0;
    %flag_set/vec4 9;
    %flag_get/vec4 9;
    %jmp/0 T_8.4, 9;
    %load/vec4 v0x5fd641def040_0;
    %and;
T_8.4;
    %flag_set/vec4 8;
    %jmp/0xz  T_8.2, 8;
    %pushi/vec4 0, 0, 1;
    %assign/vec4 v0x5fd641def0e0_0, 0;
T_8.2 ;
    %load/vec4 v0x5fd641def560_0;
    %flag_set/vec4 9;
    %flag_get/vec4 9;
    %jmp/0 T_8.7, 9;
    %load/vec4 v0x5fd641def430_0;
    %and;
T_8.7;
    %flag_set/vec4 8;
    %jmp/0xz  T_8.5, 8;
    %pushi/vec4 1, 0, 1;
    %assign/vec4 v0x5fd641def0e0_0, 0;
    %load/vec4 v0x5fd641def2c0_0;
    %assign/vec4 v0x5fd641deeee0_0, 0;
    %load/vec4 v0x5fd641def360_0;
    %assign/vec4 v0x5fd641deefa0_0, 0;
T_8.5 ;
T_8.1 ;
    %jmp T_8;
    .thread T_8;
    .scope S_0x5fd641da7e90;
T_9 ;
    %wait E_0x5fd641d79210;
    %load/vec4 v0x5fd641ddc670_0;
    %flag_set/vec4 8;
    %jmp/0xz  T_9.0, 8;
    %load/vec4 v0x5fd641ddc4d0_0;
    %load/vec4 v0x5fd641ddc3f0_0;
    %pad/u 6;
    %ix/vec4 3;
    %ix/load 4, 0, 0; Constant delay
    %assign/vec4/a/d v0x5fd641ddc120, 0, 4;
T_9.0 ;
    %load/vec4 v0x5fd641ddc5b0_0;
    %flag_set/vec4 8;
    %jmp/0xz  T_9.2, 8;
    %load/vec4 v0x5fd641d97230_0;
    %assign/vec4 v0x5fd641d97190_0, 0;
T_9.2 ;
    %jmp T_9;
    .thread T_9;
    .scope S_0x5fd641da7e90;
T_10 ;
    %wait E_0x5fd641d7a060;
    %load/vec4 v0x5fd641ddc1e0_0;
    %nor/r;
    %flag_set/vec4 8;
    %jmp/0xz  T_10.0, 8;
    %pushi/vec4 0, 0, 1;
    %assign/vec4 v0x5fd641d92ba0_0, 0;
    %jmp T_10.1;
T_10.0 ;
    %load/vec4 v0x5fd641ddc330_0;
    %assign/vec4 v0x5fd641d92ba0_0, 0;
    %load/vec4 v0x5fd641ddc330_0;
    %flag_set/vec4 8;
    %jmp/0xz  T_10.2, 8;
    %load/vec4 v0x5fd641d95c90_0;
    %flag_set/vec4 8;
    %jmp/0xz  T_10.4, 8;
    %load/vec4 v0x5fd641d95d30_0;
    %pad/u 6;
    %ix/vec4 4;
    %load/vec4a v0x5fd641ddc120, 4;
    %assign/vec4 v0x5fd641da5f70_0, 0;
    %jmp T_10.5;
T_10.4 ;
    %load/vec4 v0x5fd641d97190_0;
    %assign/vec4 v0x5fd641da5f70_0, 0;
T_10.5 ;
T_10.2 ;
T_10.1 ;
    %jmp T_10;
    .thread T_10;
# The file index is used to find the file name in the following table.
:file_names 12;
    "N/A";
    "<interactive>";
    "pipe_top.v";
    "action_pipe.v";
    "header_buffer_pipe_fifo.v";
    "header_to_parser_pipe_reg.v";
    "key_builder_pipe.v";
    "mac_rx_fifo.v";
    "parser_fsm_pipe.v";
    "parser_to_key_pipe.v";
    "tcam_ctrl_pipe.v";
    "tcam_to_action_pipe.v";
