#! /usr/bin/vvp
:ivl_version "12.0 (stable)";
:ivl_delay_selection "TYPICAL";
:vpi_time_precision - 12;
:vpi_module "/usr/lib/x86_64-linux-gnu/ivl/system.vpi";
:vpi_module "/usr/lib/x86_64-linux-gnu/ivl/vhdl_sys.vpi";
:vpi_module "/usr/lib/x86_64-linux-gnu/ivl/vhdl_textio.vpi";
:vpi_module "/usr/lib/x86_64-linux-gnu/ivl/v2005_math.vpi";
:vpi_module "/usr/lib/x86_64-linux-gnu/ivl/va_math.vpi";
S_0x5c337db9bb40 .scope module, "tb_pipe_top" "tb_pipe_top" 2 3;
 .timescale -9 -12;
v0x5c337dbcd610_0 .var "action_default_data", 63 0;
v0x5c337dbcd740_0 .var "action_wr_addr", 3 0;
v0x5c337dbcd850_0 .var "action_wr_data", 63 0;
v0x5c337dbcd940_0 .var "action_wr_default", 0 0;
v0x5c337dbcda30_0 .var "action_wr_en", 0 0;
v0x5c337dbcdb70_0 .var "clk", 0 0;
v0x5c337dbcdc10_0 .var/i "k", 31 0;
v0x5c337dbcdcf0_0 .var "rst_n", 0 0;
v0x5c337dbcdd90_0 .var "rx_data", 7 0;
v0x5c337dbcde50_0 .var "rx_last", 0 0;
v0x5c337dbcdf40_0 .net "rx_ready", 0 0, L_0x5c337dbde640;  1 drivers
v0x5c337dbce030_0 .var "rx_valid", 0 0;
v0x5c337dbce120_0 .var "tcam_wr_addr", 3 0;
v0x5c337dbce230_0 .var "tcam_wr_data", 127 0;
v0x5c337dbce340_0 .var "tcam_wr_en", 0 0;
v0x5c337dbce430_0 .var "tcam_wr_is_mask", 0 0;
E_0x5c337db44dc0 .event posedge, v0x5c337dbb65c0_0;
S_0x5c337db9b8f0 .scope task, "action_write" "action_write" 2 125, 2 125 0, S_0x5c337db9bb40;
 .timescale -9 -12;
v0x5c337db6c770_0 .var "act", 63 0;
v0x5c337db6b1d0_0 .var "idx", 3 0;
E_0x5c337db46680 .event posedge, v0x5c337db5f2b0_0;
TD_tb_pipe_top.action_write ;
    %wait E_0x5c337db46680;
    %pushi/vec4 1, 0, 1;
    %store/vec4 v0x5c337dbcda30_0, 0, 1;
    %load/vec4 v0x5c337db6b1d0_0;
    %store/vec4 v0x5c337dbcd740_0, 0, 4;
    %load/vec4 v0x5c337db6c770_0;
    %store/vec4 v0x5c337dbcd850_0, 0, 64;
    %wait E_0x5c337db46680;
    %pushi/vec4 0, 0, 1;
    %store/vec4 v0x5c337dbcda30_0, 0, 1;
    %end;
S_0x5c337dbb5390 .scope task, "action_write_default" "action_write_default" 2 138, 2 138 0, S_0x5c337db9bb40;
 .timescale -9 -12;
v0x5c337db6b270_0 .var "act", 63 0;
TD_tb_pipe_top.action_write_default ;
    %wait E_0x5c337db46680;
    %pushi/vec4 1, 0, 1;
    %store/vec4 v0x5c337dbcd940_0, 0, 1;
    %load/vec4 v0x5c337db6b270_0;
    %store/vec4 v0x5c337dbcd610_0, 0, 64;
    %wait E_0x5c337db46680;
    %pushi/vec4 0, 0, 1;
    %store/vec4 v0x5c337dbcd940_0, 0, 1;
    %end;
S_0x5c337dbb55d0 .scope module, "dut" "pipe_top" 2 49, 3 2 0, S_0x5c337db9bb40;
 .timescale -9 -12;
    .port_info 0 /INPUT 1 "clk";
    .port_info 1 /INPUT 1 "rst_n";
    .port_info 2 /INPUT 1 "mac_rx_valid";
    .port_info 3 /INPUT 8 "mac_rx_data";
    .port_info 4 /INPUT 1 "mac_rx_last";
    .port_info 5 /OUTPUT 1 "mac_rx_ready";
    .port_info 6 /INPUT 1 "tcam_wr_en";
    .port_info 7 /INPUT 1 "tcam_wr_is_mask";
    .port_info 8 /INPUT 4 "tcam_wr_addr";
    .port_info 9 /INPUT 128 "tcam_wr_data";
    .port_info 10 /INPUT 1 "action_wr_en";
    .port_info 11 /INPUT 4 "action_wr_addr";
    .port_info 12 /INPUT 64 "action_wr_data";
    .port_info 13 /INPUT 1 "action_wr_default";
    .port_info 14 /INPUT 64 "action_default_data";
    .port_info 15 /OUTPUT 1 "action_valid";
    .port_info 16 /OUTPUT 64 "action";
P_0x5c337dbb57b0 .param/l "ACTION_W" 0 3 7, +C4<00000000000000000000000001000000>;
P_0x5c337dbb57f0 .param/l "FIFO_ADDR_W" 0 3 5, +C4<00000000000000000000000000000100>;
P_0x5c337dbb5830 .param/l "FIFO_DEPTH" 0 3 4, +C4<00000000000000000000000000010000>;
P_0x5c337dbb5870 .param/l "HEADER_BYTES" 0 3 3, +C4<00000000000000000000000011000000>;
P_0x5c337dbb58b0 .param/l "TCAM_ENTRIES" 0 3 6, +C4<00000000000000000000000000010000>;
v0x5c337dbc9980_0 .net "action", 63 0, v0x5c337db9fc40_0;  1 drivers
v0x5c337dbc9a60_0 .net "action_default_data", 63 0, v0x5c337dbcd610_0;  1 drivers
v0x5c337dbc9b30_0 .net "action_hit", 0 0, v0x5c337dbc9100_0;  1 drivers
v0x5c337dbc9c50_0 .net "action_index", 3 0, v0x5c337dbc91c0_0;  1 drivers
v0x5c337dbc9d40_0 .net "action_pipe_valid", 0 0, v0x5c337dbc9300_0;  1 drivers
v0x5c337dbc9e80_0 .net "action_valid", 0 0, v0x5c337db5ee70_0;  1 drivers
v0x5c337dbc9f20_0 .net "action_wr_addr", 3 0, v0x5c337dbcd740_0;  1 drivers
v0x5c337dbc9fc0_0 .net "action_wr_data", 63 0, v0x5c337dbcd850_0;  1 drivers
v0x5c337dbca060_0 .net "action_wr_default", 0 0, v0x5c337dbcd940_0;  1 drivers
v0x5c337dbca190_0 .net "action_wr_en", 0 0, v0x5c337dbcda30_0;  1 drivers
v0x5c337dbca260_0 .net "clk", 0 0, v0x5c337dbcdb70_0;  1 drivers
v0x5c337dbca410_0 .net "dscp", 5 0, v0x5c337dbbc990_0;  1 drivers
v0x5c337dbca4b0_0 .net "dst_ip", 31 0, v0x5c337dbbca50_0;  1 drivers
v0x5c337dbca550_0 .net "dst_port", 15 0, v0x5c337dbbcbe0_0;  1 drivers
v0x5c337dbca5f0_0 .net "fifo_data", 7 0, v0x5c337dbba7c0_0;  1 drivers
v0x5c337dbca690_0 .net "fifo_last", 0 0, v0x5c337dbba880_0;  1 drivers
v0x5c337dbca780_0 .net "fifo_ready", 0 0, L_0x5c337dbde780;  1 drivers
v0x5c337dbca980_0 .net "fifo_valid", 0 0, v0x5c337dbbaab0_0;  1 drivers
v0x5c337dbcaa70_0 .net "hdr_flat", 1535 0, v0x5c337dbb8330_0;  1 drivers
v0x5c337dbcab80_0 .net "hdr_ready", 0 0, L_0x5c337db36b70;  1 drivers
v0x5c337dbcac70_0 .net "hdr_valid", 0 0, v0x5c337dbb8490_0;  1 drivers
v0x5c337dbcad60_0 .net "header_flat", 1535 0, v0x5c337dbb74d0_0;  1 drivers
v0x5c337dbcae70_0 .net "header_len", 8 0, v0x5c337dbb75b0_0;  1 drivers
v0x5c337dbcaf80_0 .net "header_ready", 0 0, L_0x5c337dac40c0;  1 drivers
v0x5c337dbcb070_0 .net "header_valid", 0 0, v0x5c337dbb7750_0;  1 drivers
v0x5c337dbcb160_0 .net "ip_proto", 7 0, v0x5c337dbbd2f0_0;  1 drivers
v0x5c337dbcb220_0 .net "is_arp", 0 0, v0x5c337dbbd3c0_0;  1 drivers
v0x5c337dbcb2c0_0 .net "is_fragmented", 0 0, v0x5c337dbbd490_0;  1 drivers
v0x5c337dbcb360_0 .net "is_ipv4", 0 0, v0x5c337dbbd560_0;  1 drivers
v0x5c337dbcb400_0 .net "is_ipv6", 0 0, v0x5c337dbbd630_0;  1 drivers
L_0x7d6fcb49e180 .functor BUFT 1, C4<1>, C4<0>, C4<0>, C4<0>;
v0x5c337dbcb4a0_0 .net "key_ready", 0 0, L_0x7d6fcb49e180;  1 drivers
v0x5c337dbcb540_0 .net "key_valid", 0 0, v0x5c337dbbf920_0;  1 drivers
v0x5c337dbcb5e0_0 .net "mac_rx_data", 7 0, v0x5c337dbcdd90_0;  1 drivers
v0x5c337dbcb890_0 .net "mac_rx_last", 0 0, v0x5c337dbcde50_0;  1 drivers
v0x5c337dbcb930_0 .net "mac_rx_ready", 0 0, L_0x5c337dbde640;  alias, 1 drivers
v0x5c337dbcb9d0_0 .net "mac_rx_valid", 0 0, v0x5c337dbce030_0;  1 drivers
v0x5c337dbcba70_0 .net "parser_ready", 0 0, L_0x5c337dbdeb30;  1 drivers
v0x5c337dbcbb60_0 .net "parser_valid", 0 0, L_0x5c337dbde8c0;  1 drivers
v0x5c337dbcbc50_0 .net "rst_n", 0 0, v0x5c337dbcdcf0_0;  1 drivers
v0x5c337dbcbcf0_0 .net "src_ip", 31 0, v0x5c337dbbda40_0;  1 drivers
v0x5c337dbcbd90_0 .net "src_port", 15 0, v0x5c337dbbdbf0_0;  1 drivers
v0x5c337dbcbe30_0 .net "tcam_hit", 0 0, v0x5c337dbc7ce0_0;  1 drivers
v0x5c337dbcbf20_0 .net "tcam_hit_index", 3 0, v0x5c337dbc7da0_0;  1 drivers
v0x5c337dbcc010_0 .net "tcam_key", 127 0, L_0x5c337dbdecf0;  1 drivers
v0x5c337dbcc100_0 .net "tcam_wr_addr", 3 0, v0x5c337dbce120_0;  1 drivers
v0x5c337dbcc1c0_0 .net "tcam_wr_data", 127 0, v0x5c337dbce230_0;  1 drivers
v0x5c337dbcc260_0 .net "tcam_wr_en", 0 0, v0x5c337dbce340_0;  1 drivers
v0x5c337dbcc300_0 .net "tcam_wr_is_mask", 0 0, v0x5c337dbce430_0;  1 drivers
v0x5c337dbcc3a0_0 .net "vlan_id", 11 0, v0x5c337dbbdf60_0;  1 drivers
S_0x5c337dbb5c60 .scope module, "u_action_pipe" "action_pipe" 3 241, 4 2 0, S_0x5c337dbb55d0;
 .timescale -9 -12;
    .port_info 0 /INPUT 1 "clk";
    .port_info 1 /INPUT 1 "rst_n";
    .port_info 2 /INPUT 1 "tcam_valid";
    .port_info 3 /INPUT 1 "hit";
    .port_info 4 /INPUT 4 "hit_index";
    .port_info 5 /OUTPUT 1 "action_valid";
    .port_info 6 /OUTPUT 64 "action";
    .port_info 7 /INPUT 1 "wr_en";
    .port_info 8 /INPUT 4 "wr_addr";
    .port_info 9 /INPUT 64 "wr_data";
    .port_info 10 /INPUT 1 "wr_default";
    .port_info 11 /INPUT 64 "default_data";
P_0x5c337dac4aa0 .param/l "ACTION_W" 0 4 4, +C4<00000000000000000000000001000000>;
P_0x5c337dac4ae0 .param/l "ENTRIES" 0 4 3, +C4<00000000000000000000000000010000>;
v0x5c337db9fc40_0 .var "action", 63 0;
v0x5c337db5ee70_0 .var "action_valid", 0 0;
v0x5c337db5f2b0_0 .net "clk", 0 0, v0x5c337dbcdb70_0;  alias, 1 drivers
v0x5c337db5e5a0_0 .var "default_action", 63 0;
v0x5c337dbb6230_0 .net "default_data", 63 0, v0x5c337dbcd610_0;  alias, 1 drivers
v0x5c337dbb6360_0 .net "hit", 0 0, v0x5c337dbc9100_0;  alias, 1 drivers
v0x5c337dbb6420_0 .net "hit_index", 3 0, v0x5c337dbc91c0_0;  alias, 1 drivers
v0x5c337dbb6500 .array "mem", 15 0, 63 0;
v0x5c337dbb65c0_0 .net "rst_n", 0 0, v0x5c337dbcdcf0_0;  alias, 1 drivers
v0x5c337dbb6680_0 .net "tcam_valid", 0 0, v0x5c337dbc9300_0;  alias, 1 drivers
v0x5c337dbb6740_0 .net "wr_addr", 3 0, v0x5c337dbcd740_0;  alias, 1 drivers
v0x5c337dbb6820_0 .net "wr_data", 63 0, v0x5c337dbcd850_0;  alias, 1 drivers
v0x5c337dbb6900_0 .net "wr_default", 0 0, v0x5c337dbcd940_0;  alias, 1 drivers
v0x5c337dbb69c0_0 .net "wr_en", 0 0, v0x5c337dbcda30_0;  alias, 1 drivers
E_0x5c337db46c60/0 .event negedge, v0x5c337dbb65c0_0;
E_0x5c337db46c60/1 .event posedge, v0x5c337db5f2b0_0;
E_0x5c337db46c60 .event/or E_0x5c337db46c60/0, E_0x5c337db46c60/1;
S_0x5c337dbb6c00 .scope module, "u_header_buffer_pipe_fifo" "header_buffer_pipe_fifo" 3 67, 5 2 0, S_0x5c337dbb55d0;
 .timescale -9 -12;
    .port_info 0 /INPUT 1 "clk";
    .port_info 1 /INPUT 1 "rst_n";
    .port_info 2 /INPUT 1 "fifo_valid";
    .port_info 3 /INPUT 8 "fifo_data";
    .port_info 4 /INPUT 1 "fifo_last";
    .port_info 5 /OUTPUT 1 "fifo_ready";
    .port_info 6 /OUTPUT 1536 "header_flat";
    .port_info 7 /OUTPUT 9 "header_len";
    .port_info 8 /OUTPUT 1 "header_valid";
    .port_info 9 /INPUT 1 "header_ready";
P_0x5c337dbb6db0 .param/l "HEADER_BYTES" 0 5 3, +C4<00000000000000000000000011000000>;
P_0x5c337dbb6df0 .param/l "PTR_W" 0 5 4, +C4<00000000000000000000000000001000>;
v0x5c337dbb70a0_0 .net "clk", 0 0, v0x5c337dbcdb70_0;  alias, 1 drivers
v0x5c337dbb7170_0 .net "fifo_data", 7 0, v0x5c337dbba7c0_0;  alias, 1 drivers
v0x5c337dbb7230_0 .net "fifo_last", 0 0, v0x5c337dbba880_0;  alias, 1 drivers
v0x5c337dbb7300_0 .net "fifo_ready", 0 0, L_0x5c337dbde780;  alias, 1 drivers
v0x5c337dbb73c0_0 .net "fifo_valid", 0 0, v0x5c337dbbaab0_0;  alias, 1 drivers
v0x5c337dbb74d0_0 .var "header_flat", 1535 0;
v0x5c337dbb75b0_0 .var "header_len", 8 0;
v0x5c337dbb7690_0 .net "header_ready", 0 0, L_0x5c337dac40c0;  alias, 1 drivers
v0x5c337dbb7750_0 .var "header_valid", 0 0;
v0x5c337dbb7810_0 .var/i "i", 31 0;
v0x5c337dbb78f0_0 .var "in_packet", 0 0;
v0x5c337dbb79b0_0 .net "rst_n", 0 0, v0x5c337dbcdcf0_0;  alias, 1 drivers
v0x5c337dbb7a50_0 .var "wr_ptr", 8 0;
L_0x5c337dbde780 .reduce/nor v0x5c337dbb7750_0;
S_0x5c337dbb7c50 .scope module, "u_header_to_parser_pipe_reg" "header_to_parser_pipe_reg" 3 88, 6 2 0, S_0x5c337dbb55d0;
 .timescale -9 -12;
    .port_info 0 /INPUT 1 "clk";
    .port_info 1 /INPUT 1 "rst_n";
    .port_info 2 /INPUT 1 "header_valid";
    .port_info 3 /INPUT 1536 "header_flat";
    .port_info 4 /INPUT 9 "header_len";
    .port_info 5 /OUTPUT 1 "header_ready";
    .port_info 6 /OUTPUT 1 "hdr_valid";
    .port_info 7 /OUTPUT 1536 "hdr_flat";
    .port_info 8 /INPUT 1 "hdr_ready";
P_0x5c337dbb7e10 .param/l "HEADER_BYTES" 0 6 3, +C4<00000000000000000000000011000000>;
P_0x5c337dbb7e50 .param/l "PTR_W" 0 6 4, +C4<00000000000000000000000000001000>;
L_0x5c337dac40c0 .functor OR 1, L_0x5c337dbde820, L_0x5c337db36b70, C4<0>, C4<0>;
v0x5c337dbb8160_0 .net *"_ivl_1", 0 0, L_0x5c337dbde820;  1 drivers
v0x5c337dbb8220_0 .net "clk", 0 0, v0x5c337dbcdb70_0;  alias, 1 drivers
v0x5c337dbb8330_0 .var "hdr_flat", 1535 0;
v0x5c337dbb83d0_0 .net "hdr_ready", 0 0, L_0x5c337db36b70;  alias, 1 drivers
v0x5c337dbb8490_0 .var "hdr_valid", 0 0;
v0x5c337dbb85a0_0 .net "header_flat", 1535 0, v0x5c337dbb74d0_0;  alias, 1 drivers
v0x5c337dbb8660_0 .net "header_len", 8 0, v0x5c337dbb75b0_0;  alias, 1 drivers
v0x5c337dbb8730_0 .net "header_ready", 0 0, L_0x5c337dac40c0;  alias, 1 drivers
v0x5c337dbb8800_0 .net "header_valid", 0 0, v0x5c337dbb7750_0;  alias, 1 drivers
v0x5c337dbb88d0_0 .net "rst_n", 0 0, v0x5c337dbcdcf0_0;  alias, 1 drivers
L_0x5c337dbde820 .reduce/nor v0x5c337dbb8490_0;
S_0x5c337dbb8a80 .scope module, "u_key_builder_pipe" "key_builder_pipe" 3 177, 7 3 0, S_0x5c337dbb55d0;
 .timescale -9 -12;
    .port_info 0 /INPUT 32 "src_ip";
    .port_info 1 /INPUT 32 "dst_ip";
    .port_info 2 /INPUT 8 "ip_proto";
    .port_info 3 /INPUT 16 "src_port";
    .port_info 4 /INPUT 16 "dst_port";
    .port_info 5 /INPUT 12 "vlan_id";
    .port_info 6 /INPUT 6 "dscp";
    .port_info 7 /INPUT 1 "is_ipv4";
    .port_info 8 /INPUT 1 "is_ipv6";
    .port_info 9 /INPUT 1 "is_arp";
    .port_info 10 /INPUT 1 "is_fragmented";
    .port_info 11 /OUTPUT 128 "tcam_key";
L_0x7d6fcb49e138 .functor BUFT 1, C4<00>, C4<0>, C4<0>, C4<0>;
v0x5c337dbb8d40_0 .net/2u *"_ivl_0", 1 0, L_0x7d6fcb49e138;  1 drivers
v0x5c337dbb8e40_0 .net "dscp", 5 0, v0x5c337dbbc990_0;  alias, 1 drivers
v0x5c337dbb8f20_0 .net "dst_ip", 31 0, v0x5c337dbbca50_0;  alias, 1 drivers
v0x5c337dbb8fe0_0 .net "dst_port", 15 0, v0x5c337dbbcbe0_0;  alias, 1 drivers
v0x5c337dbb90c0_0 .net "ip_proto", 7 0, v0x5c337dbbd2f0_0;  alias, 1 drivers
v0x5c337dbb91f0_0 .net "is_arp", 0 0, v0x5c337dbbd3c0_0;  alias, 1 drivers
v0x5c337dbb92b0_0 .net "is_fragmented", 0 0, v0x5c337dbbd490_0;  alias, 1 drivers
v0x5c337dbb9370_0 .net "is_ipv4", 0 0, v0x5c337dbbd560_0;  alias, 1 drivers
v0x5c337dbb9430_0 .net "is_ipv6", 0 0, v0x5c337dbbd630_0;  alias, 1 drivers
v0x5c337dbb9580_0 .net "src_ip", 31 0, v0x5c337dbbda40_0;  alias, 1 drivers
v0x5c337dbb9660_0 .net "src_port", 15 0, v0x5c337dbbdbf0_0;  alias, 1 drivers
v0x5c337dbb9740_0 .net "tcam_key", 127 0, L_0x5c337dbdecf0;  alias, 1 drivers
v0x5c337dbb9820_0 .net "vlan_id", 11 0, v0x5c337dbbdf60_0;  alias, 1 drivers
LS_0x5c337dbdecf0_0_0 .concat [ 2 1 1 1], L_0x7d6fcb49e138, v0x5c337dbbd490_0, v0x5c337dbbd3c0_0, v0x5c337dbbd630_0;
LS_0x5c337dbdecf0_0_4 .concat [ 1 6 12 16], v0x5c337dbbd560_0, v0x5c337dbbc990_0, v0x5c337dbbdf60_0, v0x5c337dbbcbe0_0;
LS_0x5c337dbdecf0_0_8 .concat [ 16 8 32 32], v0x5c337dbbdbf0_0, v0x5c337dbbd2f0_0, v0x5c337dbbca50_0, v0x5c337dbbda40_0;
L_0x5c337dbdecf0 .concat [ 5 35 88 0], LS_0x5c337dbdecf0_0_0, LS_0x5c337dbdecf0_0_4, LS_0x5c337dbdecf0_0_8;
S_0x5c337dbb9a80 .scope module, "u_mac_rx_fifo" "mac_rx_fifo" 3 44, 8 2 0, S_0x5c337dbb55d0;
 .timescale -9 -12;
    .port_info 0 /INPUT 1 "clk";
    .port_info 1 /INPUT 1 "rst_n";
    .port_info 2 /INPUT 1 "rx_valid";
    .port_info 3 /INPUT 8 "rx_data";
    .port_info 4 /INPUT 1 "rx_last";
    .port_info 5 /OUTPUT 1 "rx_ready";
    .port_info 6 /OUTPUT 1 "fifo_valid";
    .port_info 7 /OUTPUT 8 "fifo_data";
    .port_info 8 /OUTPUT 1 "fifo_last";
    .port_info 9 /INPUT 1 "fifo_ready";
P_0x5c337dbb9c60 .param/l "ADDR_W" 0 8 4, +C4<00000000000000000000000000000100>;
P_0x5c337dbb9ca0 .param/l "DEPTH" 0 8 3, +C4<00000000000000000000000000010000>;
L_0x5c337db6b070 .functor AND 1, v0x5c337dbce030_0, L_0x5c337dbde640, C4<1>, C4<1>;
L_0x5c337db5f190 .functor AND 1, v0x5c337dbbaab0_0, L_0x5c337dbde780, C4<1>, C4<1>;
v0x5c337dbba060_0 .net *"_ivl_0", 31 0, L_0x5c337dbce520;  1 drivers
L_0x7d6fcb49e018 .functor BUFT 1, C4<000000000000000000000000000>, C4<0>, C4<0>, C4<0>;
v0x5c337dbba160_0 .net *"_ivl_3", 26 0, L_0x7d6fcb49e018;  1 drivers
L_0x7d6fcb49e060 .functor BUFT 1, C4<00000000000000000000000000010000>, C4<0>, C4<0>, C4<0>;
v0x5c337dbba240_0 .net/2u *"_ivl_4", 31 0, L_0x7d6fcb49e060;  1 drivers
v0x5c337dbba330_0 .net "clk", 0 0, v0x5c337dbcdb70_0;  alias, 1 drivers
v0x5c337dbba3d0_0 .var "count", 4 0;
v0x5c337dbba500 .array "data_mem", 15 0, 7 0;
v0x5c337dbba7c0_0 .var "fifo_data", 7 0;
v0x5c337dbba880_0 .var "fifo_last", 0 0;
v0x5c337dbba950_0 .net "fifo_ready", 0 0, L_0x5c337dbde780;  alias, 1 drivers
v0x5c337dbbaab0_0 .var "fifo_valid", 0 0;
v0x5c337dbbab80_0 .var/i "i", 31 0;
v0x5c337dbbac20 .array "last_mem", 15 0, 0 0;
v0x5c337dbbaf10_0 .var "rd_ptr", 4 0;
v0x5c337dbbaff0_0 .net "read_en", 0 0, L_0x5c337db5f190;  1 drivers
v0x5c337dbbb0b0_0 .net "rst_n", 0 0, v0x5c337dbcdcf0_0;  alias, 1 drivers
v0x5c337dbbb150_0 .net "rx_data", 7 0, v0x5c337dbcdd90_0;  alias, 1 drivers
v0x5c337dbbb230_0 .net "rx_last", 0 0, v0x5c337dbcde50_0;  alias, 1 drivers
v0x5c337dbbb2f0_0 .net "rx_ready", 0 0, L_0x5c337dbde640;  alias, 1 drivers
v0x5c337dbbb3b0_0 .net "rx_valid", 0 0, v0x5c337dbce030_0;  alias, 1 drivers
v0x5c337dbbb470_0 .var "wr_ptr", 4 0;
v0x5c337dbbb550_0 .net "write_en", 0 0, L_0x5c337db6b070;  1 drivers
v0x5c337dbba500_0 .array/port v0x5c337dbba500, 0;
v0x5c337dbba500_1 .array/port v0x5c337dbba500, 1;
E_0x5c337db46f10/0 .event anyedge, v0x5c337dbba3d0_0, v0x5c337dbbaf10_0, v0x5c337dbba500_0, v0x5c337dbba500_1;
v0x5c337dbba500_2 .array/port v0x5c337dbba500, 2;
v0x5c337dbba500_3 .array/port v0x5c337dbba500, 3;
v0x5c337dbba500_4 .array/port v0x5c337dbba500, 4;
v0x5c337dbba500_5 .array/port v0x5c337dbba500, 5;
E_0x5c337db46f10/1 .event anyedge, v0x5c337dbba500_2, v0x5c337dbba500_3, v0x5c337dbba500_4, v0x5c337dbba500_5;
v0x5c337dbba500_6 .array/port v0x5c337dbba500, 6;
v0x5c337dbba500_7 .array/port v0x5c337dbba500, 7;
v0x5c337dbba500_8 .array/port v0x5c337dbba500, 8;
v0x5c337dbba500_9 .array/port v0x5c337dbba500, 9;
E_0x5c337db46f10/2 .event anyedge, v0x5c337dbba500_6, v0x5c337dbba500_7, v0x5c337dbba500_8, v0x5c337dbba500_9;
v0x5c337dbba500_10 .array/port v0x5c337dbba500, 10;
v0x5c337dbba500_11 .array/port v0x5c337dbba500, 11;
v0x5c337dbba500_12 .array/port v0x5c337dbba500, 12;
v0x5c337dbba500_13 .array/port v0x5c337dbba500, 13;
E_0x5c337db46f10/3 .event anyedge, v0x5c337dbba500_10, v0x5c337dbba500_11, v0x5c337dbba500_12, v0x5c337dbba500_13;
v0x5c337dbba500_14 .array/port v0x5c337dbba500, 14;
v0x5c337dbba500_15 .array/port v0x5c337dbba500, 15;
v0x5c337dbbac20_0 .array/port v0x5c337dbbac20, 0;
v0x5c337dbbac20_1 .array/port v0x5c337dbbac20, 1;
E_0x5c337db46f10/4 .event anyedge, v0x5c337dbba500_14, v0x5c337dbba500_15, v0x5c337dbbac20_0, v0x5c337dbbac20_1;
v0x5c337dbbac20_2 .array/port v0x5c337dbbac20, 2;
v0x5c337dbbac20_3 .array/port v0x5c337dbbac20, 3;
v0x5c337dbbac20_4 .array/port v0x5c337dbbac20, 4;
v0x5c337dbbac20_5 .array/port v0x5c337dbbac20, 5;
E_0x5c337db46f10/5 .event anyedge, v0x5c337dbbac20_2, v0x5c337dbbac20_3, v0x5c337dbbac20_4, v0x5c337dbbac20_5;
v0x5c337dbbac20_6 .array/port v0x5c337dbbac20, 6;
v0x5c337dbbac20_7 .array/port v0x5c337dbbac20, 7;
v0x5c337dbbac20_8 .array/port v0x5c337dbbac20, 8;
v0x5c337dbbac20_9 .array/port v0x5c337dbbac20, 9;
E_0x5c337db46f10/6 .event anyedge, v0x5c337dbbac20_6, v0x5c337dbbac20_7, v0x5c337dbbac20_8, v0x5c337dbbac20_9;
v0x5c337dbbac20_10 .array/port v0x5c337dbbac20, 10;
v0x5c337dbbac20_11 .array/port v0x5c337dbbac20, 11;
v0x5c337dbbac20_12 .array/port v0x5c337dbbac20, 12;
v0x5c337dbbac20_13 .array/port v0x5c337dbbac20, 13;
E_0x5c337db46f10/7 .event anyedge, v0x5c337dbbac20_10, v0x5c337dbbac20_11, v0x5c337dbbac20_12, v0x5c337dbbac20_13;
v0x5c337dbbac20_14 .array/port v0x5c337dbbac20, 14;
v0x5c337dbbac20_15 .array/port v0x5c337dbbac20, 15;
E_0x5c337db46f10/8 .event anyedge, v0x5c337dbbac20_14, v0x5c337dbbac20_15;
E_0x5c337db46f10 .event/or E_0x5c337db46f10/0, E_0x5c337db46f10/1, E_0x5c337db46f10/2, E_0x5c337db46f10/3, E_0x5c337db46f10/4, E_0x5c337db46f10/5, E_0x5c337db46f10/6, E_0x5c337db46f10/7, E_0x5c337db46f10/8;
L_0x5c337dbce520 .concat [ 5 27 0 0], v0x5c337dbba3d0_0, L_0x7d6fcb49e018;
L_0x5c337dbde640 .cmp/gt 32, L_0x7d6fcb49e060, L_0x5c337dbce520;
S_0x5c337dbbb750 .scope module, "u_parser_fsm_pipe" "parser_fsm_pipe" 3 113, 9 3 0, S_0x5c337dbb55d0;
 .timescale -9 -12;
    .port_info 0 /INPUT 1 "clk";
    .port_info 1 /INPUT 1 "rst_n";
    .port_info 2 /INPUT 1 "hdr_valid";
    .port_info 3 /INPUT 1536 "hdr_flat";
    .port_info 4 /OUTPUT 1 "hdr_ready";
    .port_info 5 /OUTPUT 1 "parser_valid";
    .port_info 6 /INPUT 1 "parser_ready";
    .port_info 7 /OUTPUT 48 "src_mac";
    .port_info 8 /OUTPUT 48 "dst_mac";
    .port_info 9 /OUTPUT 1 "has_vlan";
    .port_info 10 /OUTPUT 12 "vlan_id";
    .port_info 11 /OUTPUT 1 "is_ipv4";
    .port_info 12 /OUTPUT 1 "is_ipv6";
    .port_info 13 /OUTPUT 1 "is_arp";
    .port_info 14 /OUTPUT 32 "src_ip";
    .port_info 15 /OUTPUT 32 "dst_ip";
    .port_info 16 /OUTPUT 8 "ttl";
    .port_info 17 /OUTPUT 6 "dscp";
    .port_info 18 /OUTPUT 2 "ecn";
    .port_info 19 /OUTPUT 1 "is_fragmented";
    .port_info 20 /OUTPUT 8 "ip_proto";
    .port_info 21 /OUTPUT 16 "src_port";
    .port_info 22 /OUTPUT 16 "dst_port";
    .port_info 23 /OUTPUT 8 "tcp_flags";
    .port_info 24 /OUTPUT 8 "icmp_type";
P_0x5c337dbbb8e0 .param/l "HEADER_BYTES" 0 9 5, +C4<00000000000000000000000011000000>;
P_0x5c337dbbb920 .param/l "PTR_W" 0 9 6, +C4<00000000000000000000000000001000>;
P_0x5c337dbbb960 .param/l "S_DONE" 1 9 70, C4<1011>;
P_0x5c337dbbb9a0 .param/l "S_ETH" 1 9 59, C4<0010>;
P_0x5c337dbbb9e0 .param/l "S_IDLE" 1 9 57, C4<0000>;
P_0x5c337dbbba20 .param/l "S_IPV4_1" 1 9 62, C4<0100>;
P_0x5c337dbbba60 .param/l "S_IPV4_2" 1 9 63, C4<0101>;
P_0x5c337dbbbaa0 .param/l "S_IPV4_3" 1 9 64, C4<0110>;
P_0x5c337dbbbae0 .param/l "S_IPV4_4" 1 9 65, C4<0111>;
P_0x5c337dbbbb20 .param/l "S_IPV4_5" 1 9 66, C4<1000>;
P_0x5c337dbbbb60 .param/l "S_IPV6" 1 9 68, C4<1001>;
P_0x5c337dbbbba0 .param/l "S_L4" 1 9 69, C4<1010>;
P_0x5c337dbbbbe0 .param/l "S_VLAN" 1 9 60, C4<0011>;
P_0x5c337dbbbc20 .param/l "S_WAIT" 1 9 58, C4<0001>;
L_0x5c337db36b70 .functor AND 1, L_0x5c337dbde960, L_0x5c337dbdeb30, C4<1>, C4<1>;
L_0x7d6fcb49e0a8 .functor BUFT 1, C4<1011>, C4<0>, C4<0>, C4<0>;
v0x5c337dbbc530_0 .net/2u *"_ivl_0", 3 0, L_0x7d6fcb49e0a8;  1 drivers
L_0x7d6fcb49e0f0 .functor BUFT 1, C4<0000>, C4<0>, C4<0>, C4<0>;
v0x5c337dbbc610_0 .net/2u *"_ivl_4", 3 0, L_0x7d6fcb49e0f0;  1 drivers
v0x5c337dbbc6f0_0 .net *"_ivl_6", 0 0, L_0x5c337dbde960;  1 drivers
v0x5c337dbbc7c0_0 .var "byte_tmp", 7 0;
v0x5c337dbbc8a0_0 .net "clk", 0 0, v0x5c337dbcdb70_0;  alias, 1 drivers
v0x5c337dbbc990_0 .var "dscp", 5 0;
v0x5c337dbbca50_0 .var "dst_ip", 31 0;
v0x5c337dbbcb20_0 .var "dst_mac", 47 0;
v0x5c337dbbcbe0_0 .var "dst_port", 15 0;
v0x5c337dbbcd60_0 .var "ecn", 1 0;
v0x5c337dbbce20_0 .var "ethertype", 15 0;
v0x5c337dbbcf00_0 .var "has_vlan", 0 0;
v0x5c337dbbcfc0_0 .net "hdr_flat", 1535 0, v0x5c337dbb8330_0;  alias, 1 drivers
v0x5c337dbbd0b0_0 .net "hdr_ready", 0 0, L_0x5c337db36b70;  alias, 1 drivers
v0x5c337dbbd180_0 .net "hdr_valid", 0 0, v0x5c337dbb8490_0;  alias, 1 drivers
v0x5c337dbbd250_0 .var "icmp_type", 7 0;
v0x5c337dbbd2f0_0 .var "ip_proto", 7 0;
v0x5c337dbbd3c0_0 .var "is_arp", 0 0;
v0x5c337dbbd490_0 .var "is_fragmented", 0 0;
v0x5c337dbbd560_0 .var "is_ipv4", 0 0;
v0x5c337dbbd630_0 .var "is_ipv6", 0 0;
v0x5c337dbbd700_0 .var "l3_offset", 15 0;
v0x5c337dbbd7a0_0 .var "l4_offset", 15 0;
v0x5c337dbbd840_0 .net "parser_ready", 0 0, L_0x5c337dbdeb30;  alias, 1 drivers
v0x5c337dbbd8e0_0 .net "parser_valid", 0 0, L_0x5c337dbde8c0;  alias, 1 drivers
v0x5c337dbbd9a0_0 .net "rst_n", 0 0, v0x5c337dbcdcf0_0;  alias, 1 drivers
v0x5c337dbbda40_0 .var "src_ip", 31 0;
v0x5c337dbbdb30_0 .var "src_mac", 47 0;
v0x5c337dbbdbf0_0 .var "src_port", 15 0;
v0x5c337dbbdce0_0 .var "state", 3 0;
v0x5c337dbbdda0_0 .var "tcp_flags", 7 0;
v0x5c337dbbde80_0 .var "ttl", 7 0;
v0x5c337dbbdf60_0 .var "vlan_id", 11 0;
L_0x5c337dbde8c0 .cmp/eq 4, v0x5c337dbbdce0_0, L_0x7d6fcb49e0a8;
L_0x5c337dbde960 .cmp/eq 4, v0x5c337dbbdce0_0, L_0x7d6fcb49e0f0;
S_0x5c337dbbe350 .scope module, "u_parser_to_key_pipe" "parser_to_key_pipe" 3 141, 10 2 0, S_0x5c337dbb55d0;
 .timescale -9 -12;
    .port_info 0 /INPUT 1 "clk";
    .port_info 1 /INPUT 1 "rst_n";
    .port_info 2 /INPUT 1 "parser_valid";
    .port_info 3 /OUTPUT 1 "parser_ready";
    .port_info 4 /INPUT 32 "src_ip";
    .port_info 5 /INPUT 32 "dst_ip";
    .port_info 6 /INPUT 8 "ip_proto";
    .port_info 7 /INPUT 16 "src_port";
    .port_info 8 /INPUT 16 "dst_port";
    .port_info 9 /INPUT 12 "vlan_id";
    .port_info 10 /INPUT 6 "dscp";
    .port_info 11 /INPUT 1 "is_ipv4";
    .port_info 12 /INPUT 1 "is_ipv6";
    .port_info 13 /INPUT 1 "is_arp";
    .port_info 14 /INPUT 1 "is_fragmented";
    .port_info 15 /OUTPUT 1 "key_valid";
    .port_info 16 /INPUT 1 "key_ready";
    .port_info 17 /OUTPUT 32 "key_src_ip";
    .port_info 18 /OUTPUT 32 "key_dst_ip";
    .port_info 19 /OUTPUT 8 "key_ip_proto";
    .port_info 20 /OUTPUT 16 "key_src_port";
    .port_info 21 /OUTPUT 16 "key_dst_port";
    .port_info 22 /OUTPUT 12 "key_vlan_id";
    .port_info 23 /OUTPUT 6 "key_dscp";
    .port_info 24 /OUTPUT 1 "key_is_ipv4";
    .port_info 25 /OUTPUT 1 "key_is_ipv6";
    .port_info 26 /OUTPUT 1 "key_is_arp";
    .port_info 27 /OUTPUT 1 "key_is_fragmented";
v0x5c337dbbe790_0 .net "clk", 0 0, v0x5c337dbcdb70_0;  alias, 1 drivers
v0x5c337dbbe850_0 .net "dscp", 5 0, v0x5c337dbbc990_0;  alias, 1 drivers
v0x5c337dbbe910_0 .net "dst_ip", 31 0, v0x5c337dbbca50_0;  alias, 1 drivers
v0x5c337dbbe9b0_0 .net "dst_port", 15 0, v0x5c337dbbcbe0_0;  alias, 1 drivers
v0x5c337dbbeac0_0 .net "ip_proto", 7 0, v0x5c337dbbd2f0_0;  alias, 1 drivers
v0x5c337dbbec20_0 .net "is_arp", 0 0, v0x5c337dbbd3c0_0;  alias, 1 drivers
v0x5c337dbbed10_0 .net "is_fragmented", 0 0, v0x5c337dbbd490_0;  alias, 1 drivers
v0x5c337dbbee00_0 .net "is_ipv4", 0 0, v0x5c337dbbd560_0;  alias, 1 drivers
v0x5c337dbbeef0_0 .net "is_ipv6", 0 0, v0x5c337dbbd630_0;  alias, 1 drivers
v0x5c337dbbf020_0 .var "key_dscp", 5 0;
v0x5c337dbbf100_0 .var "key_dst_ip", 31 0;
v0x5c337dbbf1e0_0 .var "key_dst_port", 15 0;
v0x5c337dbbf2c0_0 .var "key_ip_proto", 7 0;
v0x5c337dbbf3a0_0 .var "key_is_arp", 0 0;
v0x5c337dbbf460_0 .var "key_is_fragmented", 0 0;
v0x5c337dbbf520_0 .var "key_is_ipv4", 0 0;
v0x5c337dbbf5e0_0 .var "key_is_ipv6", 0 0;
v0x5c337dbbf6a0_0 .net "key_ready", 0 0, L_0x7d6fcb49e180;  alias, 1 drivers
v0x5c337dbbf760_0 .var "key_src_ip", 31 0;
v0x5c337dbbf840_0 .var "key_src_port", 15 0;
v0x5c337dbbf920_0 .var "key_valid", 0 0;
v0x5c337dbbf9e0_0 .var "key_vlan_id", 11 0;
v0x5c337dbbfac0_0 .net "parser_ready", 0 0, L_0x5c337dbdeb30;  alias, 1 drivers
v0x5c337dbbfb60_0 .net "parser_valid", 0 0, L_0x5c337dbde8c0;  alias, 1 drivers
v0x5c337dbbfc00_0 .net "rst_n", 0 0, v0x5c337dbcdcf0_0;  alias, 1 drivers
v0x5c337dbbfca0_0 .net "src_ip", 31 0, v0x5c337dbbda40_0;  alias, 1 drivers
v0x5c337dbbfd90_0 .net "src_port", 15 0, v0x5c337dbbdbf0_0;  alias, 1 drivers
v0x5c337dbbfe80_0 .net "vlan_id", 11 0, v0x5c337dbbdf60_0;  alias, 1 drivers
L_0x5c337dbdeb30 .reduce/nor v0x5c337dbbf920_0;
S_0x5c337dbc0310 .scope module, "u_tcam_ctrl_pipe" "tcam_ctrl_pipe" 3 201, 11 3 0, S_0x5c337dbb55d0;
 .timescale -9 -12;
    .port_info 0 /INPUT 1 "clk";
    .port_info 1 /INPUT 1 "rst_n";
    .port_info 2 /INPUT 128 "key";
    .port_info 3 /INPUT 1 "key_valid";
    .port_info 4 /INPUT 1 "wr_en";
    .port_info 5 /INPUT 1 "wr_is_mask";
    .port_info 6 /INPUT 4 "wr_addr";
    .port_info 7 /INPUT 128 "wr_data";
    .port_info 8 /OUTPUT 1 "hit";
    .port_info 9 /OUTPUT 4 "hit_index";
P_0x5c337db131b0 .param/l "ENTRIES" 0 11 5, +C4<00000000000000000000000000010000>;
P_0x5c337db131f0 .param/l "IDX_W" 1 11 25, +C4<00000000000000000000000000000100>;
P_0x5c337db13230 .param/l "KEY_W" 0 11 4, +C4<00000000000000000000000010000000>;
v0x5c337dbc7c20_0 .net "clk", 0 0, v0x5c337dbcdb70_0;  alias, 1 drivers
v0x5c337dbc7ce0_0 .var "hit", 0 0;
v0x5c337dbc7da0_0 .var "hit_index", 3 0;
v0x5c337dbc7e60_0 .var/i "j", 31 0;
v0x5c337dbc7f40_0 .net "key", 127 0, L_0x5c337dbdecf0;  alias, 1 drivers
v0x5c337dbc8050_0 .net "key_valid", 0 0, v0x5c337dbbf920_0;  alias, 1 drivers
v0x5c337dbc80f0_0 .net "match", 15 0, L_0x5c337dbe3510;  1 drivers
v0x5c337dbc8190_0 .net "rst_n", 0 0, v0x5c337dbcdcf0_0;  alias, 1 drivers
v0x5c337dbc8230 .array "tcam_mask", 15 0, 127 0;
v0x5c337dbc8610 .array "tcam_value", 15 0, 127 0;
v0x5c337dbc8960_0 .net "wr_addr", 3 0, v0x5c337dbce120_0;  alias, 1 drivers
v0x5c337dbc8a40_0 .net "wr_data", 127 0, v0x5c337dbce230_0;  alias, 1 drivers
v0x5c337dbc8b20_0 .net "wr_en", 0 0, v0x5c337dbce340_0;  alias, 1 drivers
v0x5c337dbc8be0_0 .net "wr_is_mask", 0 0, v0x5c337dbce430_0;  alias, 1 drivers
E_0x5c337db460c0 .event anyedge, v0x5c337dbbf920_0, v0x5c337dbc80f0_0, v0x5c337dbc7ce0_0;
LS_0x5c337dbe3510_0_0 .concat8 [ 1 1 1 1], L_0x5c337dbdf610, L_0x5c337dbdf870, L_0x5c337dbdfb70, L_0x5c337dbdff90;
LS_0x5c337dbe3510_0_4 .concat8 [ 1 1 1 1], L_0x5c337dbe04c0, L_0x5c337dbe0940, L_0x5c337dbe0dc0, L_0x5c337dbe1240;
LS_0x5c337dbe3510_0_8 .concat8 [ 1 1 1 1], L_0x5c337dbe16c0, L_0x5c337dbe1b40, L_0x5c337dbe1fc0, L_0x5c337dbe2440;
LS_0x5c337dbe3510_0_12 .concat8 [ 1 1 1 1], L_0x5c337dbe2ad0, L_0x5c337dbe2f50, L_0x5c337dbe33d0, L_0x5c337dbe3d10;
L_0x5c337dbe3510 .concat8 [ 4 4 4 4], LS_0x5c337dbe3510_0_0, LS_0x5c337dbe3510_0_4, LS_0x5c337dbe3510_0_8, LS_0x5c337dbe3510_0_12;
S_0x5c337dbc0720 .scope generate, "TCAM_COMPARE[0]" "TCAM_COMPARE[0]" 11 49, 11 49 0, S_0x5c337dbc0310;
 .timescale -9 -12;
P_0x5c337dbc0940 .param/l "i" 1 11 49, +C4<00>;
v0x5c337dbc8230_0 .array/port v0x5c337dbc8230, 0;
L_0x5c337dbdf3c0 .functor NOT 128, v0x5c337dbc8230_0, C4<00000000000000000000000000000000000000000000000000000000000000000000000000000000000000000000000000000000000000000000000000000000>, C4<00000000000000000000000000000000000000000000000000000000000000000000000000000000000000000000000000000000000000000000000000000000>, C4<00000000000000000000000000000000000000000000000000000000000000000000000000000000000000000000000000000000000000000000000000000000>;
L_0x5c337dbdf430 .functor AND 128, L_0x5c337dbdecf0, L_0x5c337dbdf3c0, C4<11111111111111111111111111111111111111111111111111111111111111111111111111111111111111111111111111111111111111111111111111111111>, C4<11111111111111111111111111111111111111111111111111111111111111111111111111111111111111111111111111111111111111111111111111111111>;
L_0x5c337dbdf530 .functor NOT 128, v0x5c337dbc8230_0, C4<00000000000000000000000000000000000000000000000000000000000000000000000000000000000000000000000000000000000000000000000000000000>, C4<00000000000000000000000000000000000000000000000000000000000000000000000000000000000000000000000000000000000000000000000000000000>, C4<00000000000000000000000000000000000000000000000000000000000000000000000000000000000000000000000000000000000000000000000000000000>;
v0x5c337dbc8610_0 .array/port v0x5c337dbc8610, 0;
L_0x5c337dbdf5a0 .functor AND 128, v0x5c337dbc8610_0, L_0x5c337dbdf530, C4<11111111111111111111111111111111111111111111111111111111111111111111111111111111111111111111111111111111111111111111111111111111>, C4<11111111111111111111111111111111111111111111111111111111111111111111111111111111111111111111111111111111111111111111111111111111>;
v0x5c337dbc0a20_0 .net *"_ivl_1", 127 0, L_0x5c337dbdf3c0;  1 drivers
v0x5c337dbc0b00_0 .net *"_ivl_11", 0 0, L_0x5c337dbdf610;  1 drivers
v0x5c337dbc0bc0_0 .net *"_ivl_3", 127 0, L_0x5c337dbdf430;  1 drivers
v0x5c337dbc0c80_0 .net *"_ivl_7", 127 0, L_0x5c337dbdf530;  1 drivers
v0x5c337dbc0d60_0 .net *"_ivl_9", 127 0, L_0x5c337dbdf5a0;  1 drivers
L_0x5c337dbdf610 .cmp/eq 128, L_0x5c337dbdf430, L_0x5c337dbdf5a0;
S_0x5c337dbc0e90 .scope generate, "TCAM_COMPARE[1]" "TCAM_COMPARE[1]" 11 49, 11 49 0, S_0x5c337dbc0310;
 .timescale -9 -12;
P_0x5c337dbc10b0 .param/l "i" 1 11 49, +C4<01>;
v0x5c337dbc8230_1 .array/port v0x5c337dbc8230, 1;
L_0x5c337dbdf6b0 .functor NOT 128, v0x5c337dbc8230_1, C4<00000000000000000000000000000000000000000000000000000000000000000000000000000000000000000000000000000000000000000000000000000000>, C4<00000000000000000000000000000000000000000000000000000000000000000000000000000000000000000000000000000000000000000000000000000000>, C4<00000000000000000000000000000000000000000000000000000000000000000000000000000000000000000000000000000000000000000000000000000000>;
L_0x5c337dbdf720 .functor AND 128, L_0x5c337dbdecf0, L_0x5c337dbdf6b0, C4<11111111111111111111111111111111111111111111111111111111111111111111111111111111111111111111111111111111111111111111111111111111>, C4<11111111111111111111111111111111111111111111111111111111111111111111111111111111111111111111111111111111111111111111111111111111>;
L_0x5c337dbdf790 .functor NOT 128, v0x5c337dbc8230_1, C4<00000000000000000000000000000000000000000000000000000000000000000000000000000000000000000000000000000000000000000000000000000000>, C4<00000000000000000000000000000000000000000000000000000000000000000000000000000000000000000000000000000000000000000000000000000000>, C4<00000000000000000000000000000000000000000000000000000000000000000000000000000000000000000000000000000000000000000000000000000000>;
v0x5c337dbc8610_1 .array/port v0x5c337dbc8610, 1;
L_0x5c337dbdf800 .functor AND 128, v0x5c337dbc8610_1, L_0x5c337dbdf790, C4<11111111111111111111111111111111111111111111111111111111111111111111111111111111111111111111111111111111111111111111111111111111>, C4<11111111111111111111111111111111111111111111111111111111111111111111111111111111111111111111111111111111111111111111111111111111>;
v0x5c337dbc1170_0 .net *"_ivl_1", 127 0, L_0x5c337dbdf6b0;  1 drivers
v0x5c337dbc1250_0 .net *"_ivl_11", 0 0, L_0x5c337dbdf870;  1 drivers
v0x5c337dbc1310_0 .net *"_ivl_3", 127 0, L_0x5c337dbdf720;  1 drivers
v0x5c337dbc13d0_0 .net *"_ivl_7", 127 0, L_0x5c337dbdf790;  1 drivers
v0x5c337dbc14b0_0 .net *"_ivl_9", 127 0, L_0x5c337dbdf800;  1 drivers
L_0x5c337dbdf870 .cmp/eq 128, L_0x5c337dbdf720, L_0x5c337dbdf800;
S_0x5c337dbc15e0 .scope generate, "TCAM_COMPARE[2]" "TCAM_COMPARE[2]" 11 49, 11 49 0, S_0x5c337dbc0310;
 .timescale -9 -12;
P_0x5c337dbc17e0 .param/l "i" 1 11 49, +C4<010>;
v0x5c337dbc8230_2 .array/port v0x5c337dbc8230, 2;
L_0x5c337dbdf910 .functor NOT 128, v0x5c337dbc8230_2, C4<00000000000000000000000000000000000000000000000000000000000000000000000000000000000000000000000000000000000000000000000000000000>, C4<00000000000000000000000000000000000000000000000000000000000000000000000000000000000000000000000000000000000000000000000000000000>, C4<00000000000000000000000000000000000000000000000000000000000000000000000000000000000000000000000000000000000000000000000000000000>;
L_0x5c337dbdf980 .functor AND 128, L_0x5c337dbdecf0, L_0x5c337dbdf910, C4<11111111111111111111111111111111111111111111111111111111111111111111111111111111111111111111111111111111111111111111111111111111>, C4<11111111111111111111111111111111111111111111111111111111111111111111111111111111111111111111111111111111111111111111111111111111>;
L_0x5c337dbdf9f0 .functor NOT 128, v0x5c337dbc8230_2, C4<00000000000000000000000000000000000000000000000000000000000000000000000000000000000000000000000000000000000000000000000000000000>, C4<00000000000000000000000000000000000000000000000000000000000000000000000000000000000000000000000000000000000000000000000000000000>, C4<00000000000000000000000000000000000000000000000000000000000000000000000000000000000000000000000000000000000000000000000000000000>;
v0x5c337dbc8610_2 .array/port v0x5c337dbc8610, 2;
L_0x5c337dbdfab0 .functor AND 128, v0x5c337dbc8610_2, L_0x5c337dbdf9f0, C4<11111111111111111111111111111111111111111111111111111111111111111111111111111111111111111111111111111111111111111111111111111111>, C4<11111111111111111111111111111111111111111111111111111111111111111111111111111111111111111111111111111111111111111111111111111111>;
v0x5c337dbc18a0_0 .net *"_ivl_1", 127 0, L_0x5c337dbdf910;  1 drivers
v0x5c337dbc1980_0 .net *"_ivl_11", 0 0, L_0x5c337dbdfb70;  1 drivers
v0x5c337dbc1a40_0 .net *"_ivl_3", 127 0, L_0x5c337dbdf980;  1 drivers
v0x5c337dbc1b00_0 .net *"_ivl_7", 127 0, L_0x5c337dbdf9f0;  1 drivers
v0x5c337dbc1be0_0 .net *"_ivl_9", 127 0, L_0x5c337dbdfab0;  1 drivers
L_0x5c337dbdfb70 .cmp/eq 128, L_0x5c337dbdf980, L_0x5c337dbdfab0;
S_0x5c337dbc1d10 .scope generate, "TCAM_COMPARE[3]" "TCAM_COMPARE[3]" 11 49, 11 49 0, S_0x5c337dbc0310;
 .timescale -9 -12;
P_0x5c337dbc1f10 .param/l "i" 1 11 49, +C4<011>;
v0x5c337dbc8230_3 .array/port v0x5c337dbc8230, 3;
L_0x5c337dbdfcb0 .functor NOT 128, v0x5c337dbc8230_3, C4<00000000000000000000000000000000000000000000000000000000000000000000000000000000000000000000000000000000000000000000000000000000>, C4<00000000000000000000000000000000000000000000000000000000000000000000000000000000000000000000000000000000000000000000000000000000>, C4<00000000000000000000000000000000000000000000000000000000000000000000000000000000000000000000000000000000000000000000000000000000>;
L_0x5c337dbdfd20 .functor AND 128, L_0x5c337dbdecf0, L_0x5c337dbdfcb0, C4<11111111111111111111111111111111111111111111111111111111111111111111111111111111111111111111111111111111111111111111111111111111>, C4<11111111111111111111111111111111111111111111111111111111111111111111111111111111111111111111111111111111111111111111111111111111>;
L_0x5c337dbdfde0 .functor NOT 128, v0x5c337dbc8230_3, C4<00000000000000000000000000000000000000000000000000000000000000000000000000000000000000000000000000000000000000000000000000000000>, C4<00000000000000000000000000000000000000000000000000000000000000000000000000000000000000000000000000000000000000000000000000000000>, C4<00000000000000000000000000000000000000000000000000000000000000000000000000000000000000000000000000000000000000000000000000000000>;
v0x5c337dbc8610_3 .array/port v0x5c337dbc8610, 3;
L_0x5c337dbdfea0 .functor AND 128, v0x5c337dbc8610_3, L_0x5c337dbdfde0, C4<11111111111111111111111111111111111111111111111111111111111111111111111111111111111111111111111111111111111111111111111111111111>, C4<11111111111111111111111111111111111111111111111111111111111111111111111111111111111111111111111111111111111111111111111111111111>;
v0x5c337dbc1ff0_0 .net *"_ivl_1", 127 0, L_0x5c337dbdfcb0;  1 drivers
v0x5c337dbc20d0_0 .net *"_ivl_11", 0 0, L_0x5c337dbdff90;  1 drivers
v0x5c337dbc2190_0 .net *"_ivl_3", 127 0, L_0x5c337dbdfd20;  1 drivers
v0x5c337dbc2250_0 .net *"_ivl_7", 127 0, L_0x5c337dbdfde0;  1 drivers
v0x5c337dbc2330_0 .net *"_ivl_9", 127 0, L_0x5c337dbdfea0;  1 drivers
L_0x5c337dbdff90 .cmp/eq 128, L_0x5c337dbdfd20, L_0x5c337dbdfea0;
S_0x5c337dbc2460 .scope generate, "TCAM_COMPARE[4]" "TCAM_COMPARE[4]" 11 49, 11 49 0, S_0x5c337dbc0310;
 .timescale -9 -12;
P_0x5c337dbc26b0 .param/l "i" 1 11 49, +C4<0100>;
v0x5c337dbc8230_4 .array/port v0x5c337dbc8230, 4;
L_0x5c337dbe00d0 .functor NOT 128, v0x5c337dbc8230_4, C4<00000000000000000000000000000000000000000000000000000000000000000000000000000000000000000000000000000000000000000000000000000000>, C4<00000000000000000000000000000000000000000000000000000000000000000000000000000000000000000000000000000000000000000000000000000000>, C4<00000000000000000000000000000000000000000000000000000000000000000000000000000000000000000000000000000000000000000000000000000000>;
L_0x5c337dbe0140 .functor AND 128, L_0x5c337dbdecf0, L_0x5c337dbe00d0, C4<11111111111111111111111111111111111111111111111111111111111111111111111111111111111111111111111111111111111111111111111111111111>, C4<11111111111111111111111111111111111111111111111111111111111111111111111111111111111111111111111111111111111111111111111111111111>;
L_0x5c337dbe0310 .functor NOT 128, v0x5c337dbc8230_4, C4<00000000000000000000000000000000000000000000000000000000000000000000000000000000000000000000000000000000000000000000000000000000>, C4<00000000000000000000000000000000000000000000000000000000000000000000000000000000000000000000000000000000000000000000000000000000>, C4<00000000000000000000000000000000000000000000000000000000000000000000000000000000000000000000000000000000000000000000000000000000>;
v0x5c337dbc8610_4 .array/port v0x5c337dbc8610, 4;
L_0x5c337dbe03d0 .functor AND 128, v0x5c337dbc8610_4, L_0x5c337dbe0310, C4<11111111111111111111111111111111111111111111111111111111111111111111111111111111111111111111111111111111111111111111111111111111>, C4<11111111111111111111111111111111111111111111111111111111111111111111111111111111111111111111111111111111111111111111111111111111>;
v0x5c337dbc2790_0 .net *"_ivl_1", 127 0, L_0x5c337dbe00d0;  1 drivers
v0x5c337dbc2870_0 .net *"_ivl_11", 0 0, L_0x5c337dbe04c0;  1 drivers
v0x5c337dbc2930_0 .net *"_ivl_3", 127 0, L_0x5c337dbe0140;  1 drivers
v0x5c337dbc29f0_0 .net *"_ivl_7", 127 0, L_0x5c337dbe0310;  1 drivers
v0x5c337dbc2ad0_0 .net *"_ivl_9", 127 0, L_0x5c337dbe03d0;  1 drivers
L_0x5c337dbe04c0 .cmp/eq 128, L_0x5c337dbe0140, L_0x5c337dbe03d0;
S_0x5c337dbc2c00 .scope generate, "TCAM_COMPARE[5]" "TCAM_COMPARE[5]" 11 49, 11 49 0, S_0x5c337dbc0310;
 .timescale -9 -12;
P_0x5c337dbc2e00 .param/l "i" 1 11 49, +C4<0101>;
v0x5c337dbc8230_5 .array/port v0x5c337dbc8230, 5;
L_0x5c337dbe0600 .functor NOT 128, v0x5c337dbc8230_5, C4<00000000000000000000000000000000000000000000000000000000000000000000000000000000000000000000000000000000000000000000000000000000>, C4<00000000000000000000000000000000000000000000000000000000000000000000000000000000000000000000000000000000000000000000000000000000>, C4<00000000000000000000000000000000000000000000000000000000000000000000000000000000000000000000000000000000000000000000000000000000>;
L_0x5c337dbe0670 .functor AND 128, L_0x5c337dbdecf0, L_0x5c337dbe0600, C4<11111111111111111111111111111111111111111111111111111111111111111111111111111111111111111111111111111111111111111111111111111111>, C4<11111111111111111111111111111111111111111111111111111111111111111111111111111111111111111111111111111111111111111111111111111111>;
L_0x5c337dbe0760 .functor NOT 128, v0x5c337dbc8230_5, C4<00000000000000000000000000000000000000000000000000000000000000000000000000000000000000000000000000000000000000000000000000000000>, C4<00000000000000000000000000000000000000000000000000000000000000000000000000000000000000000000000000000000000000000000000000000000>, C4<00000000000000000000000000000000000000000000000000000000000000000000000000000000000000000000000000000000000000000000000000000000>;
v0x5c337dbc8610_5 .array/port v0x5c337dbc8610, 5;
L_0x5c337dbe0820 .functor AND 128, v0x5c337dbc8610_5, L_0x5c337dbe0760, C4<11111111111111111111111111111111111111111111111111111111111111111111111111111111111111111111111111111111111111111111111111111111>, C4<11111111111111111111111111111111111111111111111111111111111111111111111111111111111111111111111111111111111111111111111111111111>;
v0x5c337dbc2ee0_0 .net *"_ivl_1", 127 0, L_0x5c337dbe0600;  1 drivers
v0x5c337dbc2fc0_0 .net *"_ivl_11", 0 0, L_0x5c337dbe0940;  1 drivers
v0x5c337dbc3080_0 .net *"_ivl_3", 127 0, L_0x5c337dbe0670;  1 drivers
v0x5c337dbc3140_0 .net *"_ivl_7", 127 0, L_0x5c337dbe0760;  1 drivers
v0x5c337dbc3220_0 .net *"_ivl_9", 127 0, L_0x5c337dbe0820;  1 drivers
L_0x5c337dbe0940 .cmp/eq 128, L_0x5c337dbe0670, L_0x5c337dbe0820;
S_0x5c337dbc3350 .scope generate, "TCAM_COMPARE[6]" "TCAM_COMPARE[6]" 11 49, 11 49 0, S_0x5c337dbc0310;
 .timescale -9 -12;
P_0x5c337dbc3550 .param/l "i" 1 11 49, +C4<0110>;
v0x5c337dbc8230_6 .array/port v0x5c337dbc8230, 6;
L_0x5c337dbe0a80 .functor NOT 128, v0x5c337dbc8230_6, C4<00000000000000000000000000000000000000000000000000000000000000000000000000000000000000000000000000000000000000000000000000000000>, C4<00000000000000000000000000000000000000000000000000000000000000000000000000000000000000000000000000000000000000000000000000000000>, C4<00000000000000000000000000000000000000000000000000000000000000000000000000000000000000000000000000000000000000000000000000000000>;
L_0x5c337dbe0af0 .functor AND 128, L_0x5c337dbdecf0, L_0x5c337dbe0a80, C4<11111111111111111111111111111111111111111111111111111111111111111111111111111111111111111111111111111111111111111111111111111111>, C4<11111111111111111111111111111111111111111111111111111111111111111111111111111111111111111111111111111111111111111111111111111111>;
L_0x5c337dbe0be0 .functor NOT 128, v0x5c337dbc8230_6, C4<00000000000000000000000000000000000000000000000000000000000000000000000000000000000000000000000000000000000000000000000000000000>, C4<00000000000000000000000000000000000000000000000000000000000000000000000000000000000000000000000000000000000000000000000000000000>, C4<00000000000000000000000000000000000000000000000000000000000000000000000000000000000000000000000000000000000000000000000000000000>;
v0x5c337dbc8610_6 .array/port v0x5c337dbc8610, 6;
L_0x5c337dbe0ca0 .functor AND 128, v0x5c337dbc8610_6, L_0x5c337dbe0be0, C4<11111111111111111111111111111111111111111111111111111111111111111111111111111111111111111111111111111111111111111111111111111111>, C4<11111111111111111111111111111111111111111111111111111111111111111111111111111111111111111111111111111111111111111111111111111111>;
v0x5c337dbc3630_0 .net *"_ivl_1", 127 0, L_0x5c337dbe0a80;  1 drivers
v0x5c337dbc3710_0 .net *"_ivl_11", 0 0, L_0x5c337dbe0dc0;  1 drivers
v0x5c337dbc37d0_0 .net *"_ivl_3", 127 0, L_0x5c337dbe0af0;  1 drivers
v0x5c337dbc3890_0 .net *"_ivl_7", 127 0, L_0x5c337dbe0be0;  1 drivers
v0x5c337dbc3970_0 .net *"_ivl_9", 127 0, L_0x5c337dbe0ca0;  1 drivers
L_0x5c337dbe0dc0 .cmp/eq 128, L_0x5c337dbe0af0, L_0x5c337dbe0ca0;
S_0x5c337dbc3aa0 .scope generate, "TCAM_COMPARE[7]" "TCAM_COMPARE[7]" 11 49, 11 49 0, S_0x5c337dbc0310;
 .timescale -9 -12;
P_0x5c337dbc3ca0 .param/l "i" 1 11 49, +C4<0111>;
v0x5c337dbc8230_7 .array/port v0x5c337dbc8230, 7;
L_0x5c337dbe0f00 .functor NOT 128, v0x5c337dbc8230_7, C4<00000000000000000000000000000000000000000000000000000000000000000000000000000000000000000000000000000000000000000000000000000000>, C4<00000000000000000000000000000000000000000000000000000000000000000000000000000000000000000000000000000000000000000000000000000000>, C4<00000000000000000000000000000000000000000000000000000000000000000000000000000000000000000000000000000000000000000000000000000000>;
L_0x5c337dbe0f70 .functor AND 128, L_0x5c337dbdecf0, L_0x5c337dbe0f00, C4<11111111111111111111111111111111111111111111111111111111111111111111111111111111111111111111111111111111111111111111111111111111>, C4<11111111111111111111111111111111111111111111111111111111111111111111111111111111111111111111111111111111111111111111111111111111>;
L_0x5c337dbe1060 .functor NOT 128, v0x5c337dbc8230_7, C4<00000000000000000000000000000000000000000000000000000000000000000000000000000000000000000000000000000000000000000000000000000000>, C4<00000000000000000000000000000000000000000000000000000000000000000000000000000000000000000000000000000000000000000000000000000000>, C4<00000000000000000000000000000000000000000000000000000000000000000000000000000000000000000000000000000000000000000000000000000000>;
v0x5c337dbc8610_7 .array/port v0x5c337dbc8610, 7;
L_0x5c337dbe1120 .functor AND 128, v0x5c337dbc8610_7, L_0x5c337dbe1060, C4<11111111111111111111111111111111111111111111111111111111111111111111111111111111111111111111111111111111111111111111111111111111>, C4<11111111111111111111111111111111111111111111111111111111111111111111111111111111111111111111111111111111111111111111111111111111>;
v0x5c337dbc3d80_0 .net *"_ivl_1", 127 0, L_0x5c337dbe0f00;  1 drivers
v0x5c337dbc3e60_0 .net *"_ivl_11", 0 0, L_0x5c337dbe1240;  1 drivers
v0x5c337dbc3f20_0 .net *"_ivl_3", 127 0, L_0x5c337dbe0f70;  1 drivers
v0x5c337dbc3fe0_0 .net *"_ivl_7", 127 0, L_0x5c337dbe1060;  1 drivers
v0x5c337dbc40c0_0 .net *"_ivl_9", 127 0, L_0x5c337dbe1120;  1 drivers
L_0x5c337dbe1240 .cmp/eq 128, L_0x5c337dbe0f70, L_0x5c337dbe1120;
S_0x5c337dbc41f0 .scope generate, "TCAM_COMPARE[8]" "TCAM_COMPARE[8]" 11 49, 11 49 0, S_0x5c337dbc0310;
 .timescale -9 -12;
P_0x5c337dbc2660 .param/l "i" 1 11 49, +C4<01000>;
v0x5c337dbc8230_8 .array/port v0x5c337dbc8230, 8;
L_0x5c337dbe1380 .functor NOT 128, v0x5c337dbc8230_8, C4<00000000000000000000000000000000000000000000000000000000000000000000000000000000000000000000000000000000000000000000000000000000>, C4<00000000000000000000000000000000000000000000000000000000000000000000000000000000000000000000000000000000000000000000000000000000>, C4<00000000000000000000000000000000000000000000000000000000000000000000000000000000000000000000000000000000000000000000000000000000>;
L_0x5c337dbe13f0 .functor AND 128, L_0x5c337dbdecf0, L_0x5c337dbe1380, C4<11111111111111111111111111111111111111111111111111111111111111111111111111111111111111111111111111111111111111111111111111111111>, C4<11111111111111111111111111111111111111111111111111111111111111111111111111111111111111111111111111111111111111111111111111111111>;
L_0x5c337dbe14e0 .functor NOT 128, v0x5c337dbc8230_8, C4<00000000000000000000000000000000000000000000000000000000000000000000000000000000000000000000000000000000000000000000000000000000>, C4<00000000000000000000000000000000000000000000000000000000000000000000000000000000000000000000000000000000000000000000000000000000>, C4<00000000000000000000000000000000000000000000000000000000000000000000000000000000000000000000000000000000000000000000000000000000>;
v0x5c337dbc8610_8 .array/port v0x5c337dbc8610, 8;
L_0x5c337dbe15a0 .functor AND 128, v0x5c337dbc8610_8, L_0x5c337dbe14e0, C4<11111111111111111111111111111111111111111111111111111111111111111111111111111111111111111111111111111111111111111111111111111111>, C4<11111111111111111111111111111111111111111111111111111111111111111111111111111111111111111111111111111111111111111111111111111111>;
v0x5c337dbc4480_0 .net *"_ivl_1", 127 0, L_0x5c337dbe1380;  1 drivers
v0x5c337dbc4560_0 .net *"_ivl_11", 0 0, L_0x5c337dbe16c0;  1 drivers
v0x5c337dbc4620_0 .net *"_ivl_3", 127 0, L_0x5c337dbe13f0;  1 drivers
v0x5c337dbc46e0_0 .net *"_ivl_7", 127 0, L_0x5c337dbe14e0;  1 drivers
v0x5c337dbc47c0_0 .net *"_ivl_9", 127 0, L_0x5c337dbe15a0;  1 drivers
L_0x5c337dbe16c0 .cmp/eq 128, L_0x5c337dbe13f0, L_0x5c337dbe15a0;
S_0x5c337dbc48f0 .scope generate, "TCAM_COMPARE[9]" "TCAM_COMPARE[9]" 11 49, 11 49 0, S_0x5c337dbc0310;
 .timescale -9 -12;
P_0x5c337dbc4af0 .param/l "i" 1 11 49, +C4<01001>;
v0x5c337dbc8230_9 .array/port v0x5c337dbc8230, 9;
L_0x5c337dbe1800 .functor NOT 128, v0x5c337dbc8230_9, C4<00000000000000000000000000000000000000000000000000000000000000000000000000000000000000000000000000000000000000000000000000000000>, C4<00000000000000000000000000000000000000000000000000000000000000000000000000000000000000000000000000000000000000000000000000000000>, C4<00000000000000000000000000000000000000000000000000000000000000000000000000000000000000000000000000000000000000000000000000000000>;
L_0x5c337dbe1870 .functor AND 128, L_0x5c337dbdecf0, L_0x5c337dbe1800, C4<11111111111111111111111111111111111111111111111111111111111111111111111111111111111111111111111111111111111111111111111111111111>, C4<11111111111111111111111111111111111111111111111111111111111111111111111111111111111111111111111111111111111111111111111111111111>;
L_0x5c337dbe1960 .functor NOT 128, v0x5c337dbc8230_9, C4<00000000000000000000000000000000000000000000000000000000000000000000000000000000000000000000000000000000000000000000000000000000>, C4<00000000000000000000000000000000000000000000000000000000000000000000000000000000000000000000000000000000000000000000000000000000>, C4<00000000000000000000000000000000000000000000000000000000000000000000000000000000000000000000000000000000000000000000000000000000>;
v0x5c337dbc8610_9 .array/port v0x5c337dbc8610, 9;
L_0x5c337dbe1a20 .functor AND 128, v0x5c337dbc8610_9, L_0x5c337dbe1960, C4<11111111111111111111111111111111111111111111111111111111111111111111111111111111111111111111111111111111111111111111111111111111>, C4<11111111111111111111111111111111111111111111111111111111111111111111111111111111111111111111111111111111111111111111111111111111>;
v0x5c337dbc4bd0_0 .net *"_ivl_1", 127 0, L_0x5c337dbe1800;  1 drivers
v0x5c337dbc4cb0_0 .net *"_ivl_11", 0 0, L_0x5c337dbe1b40;  1 drivers
v0x5c337dbc4d70_0 .net *"_ivl_3", 127 0, L_0x5c337dbe1870;  1 drivers
v0x5c337dbc4e30_0 .net *"_ivl_7", 127 0, L_0x5c337dbe1960;  1 drivers
v0x5c337dbc4f10_0 .net *"_ivl_9", 127 0, L_0x5c337dbe1a20;  1 drivers
L_0x5c337dbe1b40 .cmp/eq 128, L_0x5c337dbe1870, L_0x5c337dbe1a20;
S_0x5c337dbc5040 .scope generate, "TCAM_COMPARE[10]" "TCAM_COMPARE[10]" 11 49, 11 49 0, S_0x5c337dbc0310;
 .timescale -9 -12;
P_0x5c337dbc5240 .param/l "i" 1 11 49, +C4<01010>;
v0x5c337dbc8230_10 .array/port v0x5c337dbc8230, 10;
L_0x5c337dbe1c80 .functor NOT 128, v0x5c337dbc8230_10, C4<00000000000000000000000000000000000000000000000000000000000000000000000000000000000000000000000000000000000000000000000000000000>, C4<00000000000000000000000000000000000000000000000000000000000000000000000000000000000000000000000000000000000000000000000000000000>, C4<00000000000000000000000000000000000000000000000000000000000000000000000000000000000000000000000000000000000000000000000000000000>;
L_0x5c337dbe1cf0 .functor AND 128, L_0x5c337dbdecf0, L_0x5c337dbe1c80, C4<11111111111111111111111111111111111111111111111111111111111111111111111111111111111111111111111111111111111111111111111111111111>, C4<11111111111111111111111111111111111111111111111111111111111111111111111111111111111111111111111111111111111111111111111111111111>;
L_0x5c337dbe1de0 .functor NOT 128, v0x5c337dbc8230_10, C4<00000000000000000000000000000000000000000000000000000000000000000000000000000000000000000000000000000000000000000000000000000000>, C4<00000000000000000000000000000000000000000000000000000000000000000000000000000000000000000000000000000000000000000000000000000000>, C4<00000000000000000000000000000000000000000000000000000000000000000000000000000000000000000000000000000000000000000000000000000000>;
v0x5c337dbc8610_10 .array/port v0x5c337dbc8610, 10;
L_0x5c337dbe1ea0 .functor AND 128, v0x5c337dbc8610_10, L_0x5c337dbe1de0, C4<11111111111111111111111111111111111111111111111111111111111111111111111111111111111111111111111111111111111111111111111111111111>, C4<11111111111111111111111111111111111111111111111111111111111111111111111111111111111111111111111111111111111111111111111111111111>;
v0x5c337dbc5320_0 .net *"_ivl_1", 127 0, L_0x5c337dbe1c80;  1 drivers
v0x5c337dbc5400_0 .net *"_ivl_11", 0 0, L_0x5c337dbe1fc0;  1 drivers
v0x5c337dbc54c0_0 .net *"_ivl_3", 127 0, L_0x5c337dbe1cf0;  1 drivers
v0x5c337dbc5580_0 .net *"_ivl_7", 127 0, L_0x5c337dbe1de0;  1 drivers
v0x5c337dbc5660_0 .net *"_ivl_9", 127 0, L_0x5c337dbe1ea0;  1 drivers
L_0x5c337dbe1fc0 .cmp/eq 128, L_0x5c337dbe1cf0, L_0x5c337dbe1ea0;
S_0x5c337dbc5790 .scope generate, "TCAM_COMPARE[11]" "TCAM_COMPARE[11]" 11 49, 11 49 0, S_0x5c337dbc0310;
 .timescale -9 -12;
P_0x5c337dbc5990 .param/l "i" 1 11 49, +C4<01011>;
v0x5c337dbc8230_11 .array/port v0x5c337dbc8230, 11;
L_0x5c337dbe2100 .functor NOT 128, v0x5c337dbc8230_11, C4<00000000000000000000000000000000000000000000000000000000000000000000000000000000000000000000000000000000000000000000000000000000>, C4<00000000000000000000000000000000000000000000000000000000000000000000000000000000000000000000000000000000000000000000000000000000>, C4<00000000000000000000000000000000000000000000000000000000000000000000000000000000000000000000000000000000000000000000000000000000>;
L_0x5c337dbe2170 .functor AND 128, L_0x5c337dbdecf0, L_0x5c337dbe2100, C4<11111111111111111111111111111111111111111111111111111111111111111111111111111111111111111111111111111111111111111111111111111111>, C4<11111111111111111111111111111111111111111111111111111111111111111111111111111111111111111111111111111111111111111111111111111111>;
L_0x5c337dbe2260 .functor NOT 128, v0x5c337dbc8230_11, C4<00000000000000000000000000000000000000000000000000000000000000000000000000000000000000000000000000000000000000000000000000000000>, C4<00000000000000000000000000000000000000000000000000000000000000000000000000000000000000000000000000000000000000000000000000000000>, C4<00000000000000000000000000000000000000000000000000000000000000000000000000000000000000000000000000000000000000000000000000000000>;
v0x5c337dbc8610_11 .array/port v0x5c337dbc8610, 11;
L_0x5c337dbe2320 .functor AND 128, v0x5c337dbc8610_11, L_0x5c337dbe2260, C4<11111111111111111111111111111111111111111111111111111111111111111111111111111111111111111111111111111111111111111111111111111111>, C4<11111111111111111111111111111111111111111111111111111111111111111111111111111111111111111111111111111111111111111111111111111111>;
v0x5c337dbc5a70_0 .net *"_ivl_1", 127 0, L_0x5c337dbe2100;  1 drivers
v0x5c337dbc5b50_0 .net *"_ivl_11", 0 0, L_0x5c337dbe2440;  1 drivers
v0x5c337dbc5c10_0 .net *"_ivl_3", 127 0, L_0x5c337dbe2170;  1 drivers
v0x5c337dbc5cd0_0 .net *"_ivl_7", 127 0, L_0x5c337dbe2260;  1 drivers
v0x5c337dbc5db0_0 .net *"_ivl_9", 127 0, L_0x5c337dbe2320;  1 drivers
L_0x5c337dbe2440 .cmp/eq 128, L_0x5c337dbe2170, L_0x5c337dbe2320;
S_0x5c337dbc5ee0 .scope generate, "TCAM_COMPARE[12]" "TCAM_COMPARE[12]" 11 49, 11 49 0, S_0x5c337dbc0310;
 .timescale -9 -12;
P_0x5c337dbc60e0 .param/l "i" 1 11 49, +C4<01100>;
v0x5c337dbc8230_12 .array/port v0x5c337dbc8230, 12;
L_0x5c337dbe2580 .functor NOT 128, v0x5c337dbc8230_12, C4<00000000000000000000000000000000000000000000000000000000000000000000000000000000000000000000000000000000000000000000000000000000>, C4<00000000000000000000000000000000000000000000000000000000000000000000000000000000000000000000000000000000000000000000000000000000>, C4<00000000000000000000000000000000000000000000000000000000000000000000000000000000000000000000000000000000000000000000000000000000>;
L_0x5c337dbe25f0 .functor AND 128, L_0x5c337dbdecf0, L_0x5c337dbe2580, C4<11111111111111111111111111111111111111111111111111111111111111111111111111111111111111111111111111111111111111111111111111111111>, C4<11111111111111111111111111111111111111111111111111111111111111111111111111111111111111111111111111111111111111111111111111111111>;
L_0x5c337dbe28f0 .functor NOT 128, v0x5c337dbc8230_12, C4<00000000000000000000000000000000000000000000000000000000000000000000000000000000000000000000000000000000000000000000000000000000>, C4<00000000000000000000000000000000000000000000000000000000000000000000000000000000000000000000000000000000000000000000000000000000>, C4<00000000000000000000000000000000000000000000000000000000000000000000000000000000000000000000000000000000000000000000000000000000>;
v0x5c337dbc8610_12 .array/port v0x5c337dbc8610, 12;
L_0x5c337dbe29b0 .functor AND 128, v0x5c337dbc8610_12, L_0x5c337dbe28f0, C4<11111111111111111111111111111111111111111111111111111111111111111111111111111111111111111111111111111111111111111111111111111111>, C4<11111111111111111111111111111111111111111111111111111111111111111111111111111111111111111111111111111111111111111111111111111111>;
v0x5c337dbc61c0_0 .net *"_ivl_1", 127 0, L_0x5c337dbe2580;  1 drivers
v0x5c337dbc62a0_0 .net *"_ivl_11", 0 0, L_0x5c337dbe2ad0;  1 drivers
v0x5c337dbc6360_0 .net *"_ivl_3", 127 0, L_0x5c337dbe25f0;  1 drivers
v0x5c337dbc6420_0 .net *"_ivl_7", 127 0, L_0x5c337dbe28f0;  1 drivers
v0x5c337dbc6500_0 .net *"_ivl_9", 127 0, L_0x5c337dbe29b0;  1 drivers
L_0x5c337dbe2ad0 .cmp/eq 128, L_0x5c337dbe25f0, L_0x5c337dbe29b0;
S_0x5c337dbc6630 .scope generate, "TCAM_COMPARE[13]" "TCAM_COMPARE[13]" 11 49, 11 49 0, S_0x5c337dbc0310;
 .timescale -9 -12;
P_0x5c337dbc6830 .param/l "i" 1 11 49, +C4<01101>;
v0x5c337dbc8230_13 .array/port v0x5c337dbc8230, 13;
L_0x5c337dbe2c10 .functor NOT 128, v0x5c337dbc8230_13, C4<00000000000000000000000000000000000000000000000000000000000000000000000000000000000000000000000000000000000000000000000000000000>, C4<00000000000000000000000000000000000000000000000000000000000000000000000000000000000000000000000000000000000000000000000000000000>, C4<00000000000000000000000000000000000000000000000000000000000000000000000000000000000000000000000000000000000000000000000000000000>;
L_0x5c337dbe2c80 .functor AND 128, L_0x5c337dbdecf0, L_0x5c337dbe2c10, C4<11111111111111111111111111111111111111111111111111111111111111111111111111111111111111111111111111111111111111111111111111111111>, C4<11111111111111111111111111111111111111111111111111111111111111111111111111111111111111111111111111111111111111111111111111111111>;
L_0x5c337dbe2d70 .functor NOT 128, v0x5c337dbc8230_13, C4<00000000000000000000000000000000000000000000000000000000000000000000000000000000000000000000000000000000000000000000000000000000>, C4<00000000000000000000000000000000000000000000000000000000000000000000000000000000000000000000000000000000000000000000000000000000>, C4<00000000000000000000000000000000000000000000000000000000000000000000000000000000000000000000000000000000000000000000000000000000>;
v0x5c337dbc8610_13 .array/port v0x5c337dbc8610, 13;
L_0x5c337dbe2e30 .functor AND 128, v0x5c337dbc8610_13, L_0x5c337dbe2d70, C4<11111111111111111111111111111111111111111111111111111111111111111111111111111111111111111111111111111111111111111111111111111111>, C4<11111111111111111111111111111111111111111111111111111111111111111111111111111111111111111111111111111111111111111111111111111111>;
v0x5c337dbc6910_0 .net *"_ivl_1", 127 0, L_0x5c337dbe2c10;  1 drivers
v0x5c337dbc69f0_0 .net *"_ivl_11", 0 0, L_0x5c337dbe2f50;  1 drivers
v0x5c337dbc6ab0_0 .net *"_ivl_3", 127 0, L_0x5c337dbe2c80;  1 drivers
v0x5c337dbc6b70_0 .net *"_ivl_7", 127 0, L_0x5c337dbe2d70;  1 drivers
v0x5c337dbc6c50_0 .net *"_ivl_9", 127 0, L_0x5c337dbe2e30;  1 drivers
L_0x5c337dbe2f50 .cmp/eq 128, L_0x5c337dbe2c80, L_0x5c337dbe2e30;
S_0x5c337dbc6d80 .scope generate, "TCAM_COMPARE[14]" "TCAM_COMPARE[14]" 11 49, 11 49 0, S_0x5c337dbc0310;
 .timescale -9 -12;
P_0x5c337dbc6f80 .param/l "i" 1 11 49, +C4<01110>;
v0x5c337dbc8230_14 .array/port v0x5c337dbc8230, 14;
L_0x5c337dbe3090 .functor NOT 128, v0x5c337dbc8230_14, C4<00000000000000000000000000000000000000000000000000000000000000000000000000000000000000000000000000000000000000000000000000000000>, C4<00000000000000000000000000000000000000000000000000000000000000000000000000000000000000000000000000000000000000000000000000000000>, C4<00000000000000000000000000000000000000000000000000000000000000000000000000000000000000000000000000000000000000000000000000000000>;
L_0x5c337dbe3100 .functor AND 128, L_0x5c337dbdecf0, L_0x5c337dbe3090, C4<11111111111111111111111111111111111111111111111111111111111111111111111111111111111111111111111111111111111111111111111111111111>, C4<11111111111111111111111111111111111111111111111111111111111111111111111111111111111111111111111111111111111111111111111111111111>;
L_0x5c337dbe31f0 .functor NOT 128, v0x5c337dbc8230_14, C4<00000000000000000000000000000000000000000000000000000000000000000000000000000000000000000000000000000000000000000000000000000000>, C4<00000000000000000000000000000000000000000000000000000000000000000000000000000000000000000000000000000000000000000000000000000000>, C4<00000000000000000000000000000000000000000000000000000000000000000000000000000000000000000000000000000000000000000000000000000000>;
v0x5c337dbc8610_14 .array/port v0x5c337dbc8610, 14;
L_0x5c337dbe32b0 .functor AND 128, v0x5c337dbc8610_14, L_0x5c337dbe31f0, C4<11111111111111111111111111111111111111111111111111111111111111111111111111111111111111111111111111111111111111111111111111111111>, C4<11111111111111111111111111111111111111111111111111111111111111111111111111111111111111111111111111111111111111111111111111111111>;
v0x5c337dbc7060_0 .net *"_ivl_1", 127 0, L_0x5c337dbe3090;  1 drivers
v0x5c337dbc7140_0 .net *"_ivl_11", 0 0, L_0x5c337dbe33d0;  1 drivers
v0x5c337dbc7200_0 .net *"_ivl_3", 127 0, L_0x5c337dbe3100;  1 drivers
v0x5c337dbc72c0_0 .net *"_ivl_7", 127 0, L_0x5c337dbe31f0;  1 drivers
v0x5c337dbc73a0_0 .net *"_ivl_9", 127 0, L_0x5c337dbe32b0;  1 drivers
L_0x5c337dbe33d0 .cmp/eq 128, L_0x5c337dbe3100, L_0x5c337dbe32b0;
S_0x5c337dbc74d0 .scope generate, "TCAM_COMPARE[15]" "TCAM_COMPARE[15]" 11 49, 11 49 0, S_0x5c337dbc0310;
 .timescale -9 -12;
P_0x5c337dbc76d0 .param/l "i" 1 11 49, +C4<01111>;
v0x5c337dbc8230_15 .array/port v0x5c337dbc8230, 15;
L_0x5c337dbe3a60 .functor NOT 128, v0x5c337dbc8230_15, C4<00000000000000000000000000000000000000000000000000000000000000000000000000000000000000000000000000000000000000000000000000000000>, C4<00000000000000000000000000000000000000000000000000000000000000000000000000000000000000000000000000000000000000000000000000000000>, C4<00000000000000000000000000000000000000000000000000000000000000000000000000000000000000000000000000000000000000000000000000000000>;
L_0x5c337dbe3ad0 .functor AND 128, L_0x5c337dbdecf0, L_0x5c337dbe3a60, C4<11111111111111111111111111111111111111111111111111111111111111111111111111111111111111111111111111111111111111111111111111111111>, C4<11111111111111111111111111111111111111111111111111111111111111111111111111111111111111111111111111111111111111111111111111111111>;
L_0x5c337dbe3b90 .functor NOT 128, v0x5c337dbc8230_15, C4<00000000000000000000000000000000000000000000000000000000000000000000000000000000000000000000000000000000000000000000000000000000>, C4<00000000000000000000000000000000000000000000000000000000000000000000000000000000000000000000000000000000000000000000000000000000>, C4<00000000000000000000000000000000000000000000000000000000000000000000000000000000000000000000000000000000000000000000000000000000>;
v0x5c337dbc8610_15 .array/port v0x5c337dbc8610, 15;
L_0x5c337dbe3c50 .functor AND 128, v0x5c337dbc8610_15, L_0x5c337dbe3b90, C4<11111111111111111111111111111111111111111111111111111111111111111111111111111111111111111111111111111111111111111111111111111111>, C4<11111111111111111111111111111111111111111111111111111111111111111111111111111111111111111111111111111111111111111111111111111111>;
v0x5c337dbc77b0_0 .net *"_ivl_1", 127 0, L_0x5c337dbe3a60;  1 drivers
v0x5c337dbc7890_0 .net *"_ivl_11", 0 0, L_0x5c337dbe3d10;  1 drivers
v0x5c337dbc7950_0 .net *"_ivl_3", 127 0, L_0x5c337dbe3ad0;  1 drivers
v0x5c337dbc7a10_0 .net *"_ivl_7", 127 0, L_0x5c337dbe3b90;  1 drivers
v0x5c337dbc7af0_0 .net *"_ivl_9", 127 0, L_0x5c337dbe3c50;  1 drivers
L_0x5c337dbe3d10 .cmp/eq 128, L_0x5c337dbe3ad0, L_0x5c337dbe3c50;
S_0x5c337dbc8de0 .scope module, "u_tcam_to_action_pipe" "tcam_to_action_pipe" 3 222, 12 2 0, S_0x5c337dbb55d0;
 .timescale -9 -12;
    .port_info 0 /INPUT 1 "clk";
    .port_info 1 /INPUT 1 "rst_n";
    .port_info 2 /INPUT 1 "tcam_valid";
    .port_info 3 /INPUT 1 "tcam_hit";
    .port_info 4 /INPUT 4 "tcam_hit_index";
    .port_info 5 /OUTPUT 1 "tcam_ready";
    .port_info 6 /OUTPUT 1 "action_valid";
    .port_info 7 /INPUT 1 "action_ready";
    .port_info 8 /OUTPUT 1 "action_hit";
    .port_info 9 /OUTPUT 4 "action_index";
v0x5c337dbc9100_0 .var "action_hit", 0 0;
v0x5c337dbc91c0_0 .var "action_index", 3 0;
L_0x7d6fcb49e1c8 .functor BUFT 1, C4<1>, C4<0>, C4<0>, C4<0>;
v0x5c337dbc9260_0 .net "action_ready", 0 0, L_0x7d6fcb49e1c8;  1 drivers
v0x5c337dbc9300_0 .var "action_valid", 0 0;
v0x5c337dbc93a0_0 .net "clk", 0 0, v0x5c337dbcdb70_0;  alias, 1 drivers
v0x5c337dbc9440_0 .net "rst_n", 0 0, v0x5c337dbcdcf0_0;  alias, 1 drivers
v0x5c337dbc94e0_0 .net "tcam_hit", 0 0, v0x5c337dbc7ce0_0;  alias, 1 drivers
v0x5c337dbc9580_0 .net "tcam_hit_index", 3 0, v0x5c337dbc7da0_0;  alias, 1 drivers
v0x5c337dbc9650_0 .net "tcam_ready", 0 0, L_0x5c337dbe3ea0;  1 drivers
v0x5c337dbc9780_0 .net "tcam_valid", 0 0, v0x5c337dbbf920_0;  alias, 1 drivers
L_0x5c337dbe3ea0 .reduce/nor v0x5c337dbc9300_0;
S_0x5c337dbcc620 .scope task, "send_byte" "send_byte" 2 168, 2 168 0, S_0x5c337db9bb40;
 .timescale -9 -12;
v0x5c337dbcc800_0 .var "b", 7 0;
v0x5c337dbcc900_0 .var "last", 0 0;
TD_tb_pipe_top.send_byte ;
    %pushi/vec4 1, 0, 1;
    %store/vec4 v0x5c337dbce030_0, 0, 1;
    %load/vec4 v0x5c337dbcc800_0;
    %store/vec4 v0x5c337dbcdd90_0, 0, 8;
    %load/vec4 v0x5c337dbcc900_0;
    %store/vec4 v0x5c337dbcde50_0, 0, 1;
T_2.0 ;
    %load/vec4 v0x5c337dbce030_0;
    %flag_set/vec4 9;
    %flag_get/vec4 9;
    %jmp/0 T_2.2, 9;
    %load/vec4 v0x5c337dbcdf40_0;
    %and;
T_2.2;
    %nor/r;
    %flag_set/vec4 8;
    %jmp/0xz T_2.1, 8;
    %wait E_0x5c337db46680;
    %jmp T_2.0;
T_2.1 ;
    %wait E_0x5c337db46680;
    %pushi/vec4 0, 0, 1;
    %store/vec4 v0x5c337dbce030_0, 0, 1;
    %pushi/vec4 0, 0, 1;
    %store/vec4 v0x5c337dbcde50_0, 0, 1;
    %end;
S_0x5c337dbcc9c0 .scope task, "send_packet" "send_packet" 2 206, 2 206 0, S_0x5c337db9bb40;
 .timescale -9 -12;
v0x5c337dbccbf0_0 .var/i "i", 31 0;
v0x5c337dbcccf0_0 .var/i "len", 31 0;
v0x5c337dbccdd0_0 .var "seed", 7 0;
TD_tb_pipe_top.send_packet ;
    %pushi/vec4 0, 0, 32;
    %store/vec4 v0x5c337dbccbf0_0, 0, 32;
T_3.3 ;
    %load/vec4 v0x5c337dbccbf0_0;
    %load/vec4 v0x5c337dbcccf0_0;
    %cmp/s;
    %jmp/0xz T_3.4, 5;
    %load/vec4 v0x5c337dbccdd0_0;
    %load/vec4 v0x5c337dbccbf0_0;
    %parti/s 8, 0, 2;
    %add;
    %store/vec4 v0x5c337dbcc800_0, 0, 8;
    %load/vec4 v0x5c337dbccbf0_0;
    %load/vec4 v0x5c337dbcccf0_0;
    %subi 1, 0, 32;
    %cmp/e;
    %flag_get/vec4 4;
    %store/vec4 v0x5c337dbcc900_0, 0, 1;
    %fork TD_tb_pipe_top.send_byte, S_0x5c337dbcc620;
    %join;
    %load/vec4 v0x5c337dbccbf0_0;
    %addi 1, 0, 32;
    %store/vec4 v0x5c337dbccbf0_0, 0, 32;
    %jmp T_3.3;
T_3.4 ;
    %end;
S_0x5c337dbcce90 .scope task, "tcam_write_mask" "tcam_write_mask" 2 111, 2 111 0, S_0x5c337db9bb40;
 .timescale -9 -12;
v0x5c337dbcd070_0 .var "idx", 3 0;
v0x5c337dbcd170_0 .var "mask", 127 0;
TD_tb_pipe_top.tcam_write_mask ;
    %wait E_0x5c337db46680;
    %pushi/vec4 1, 0, 1;
    %store/vec4 v0x5c337dbce340_0, 0, 1;
    %pushi/vec4 1, 0, 1;
    %store/vec4 v0x5c337dbce430_0, 0, 1;
    %load/vec4 v0x5c337dbcd070_0;
    %store/vec4 v0x5c337dbce120_0, 0, 4;
    %load/vec4 v0x5c337dbcd170_0;
    %store/vec4 v0x5c337dbce230_0, 0, 128;
    %wait E_0x5c337db46680;
    %pushi/vec4 0, 0, 1;
    %store/vec4 v0x5c337dbce340_0, 0, 1;
    %end;
S_0x5c337dbcd250 .scope task, "tcam_write_value" "tcam_write_value" 2 97, 2 97 0, S_0x5c337db9bb40;
 .timescale -9 -12;
v0x5c337dbcd430_0 .var "idx", 3 0;
v0x5c337dbcd530_0 .var "value", 127 0;
TD_tb_pipe_top.tcam_write_value ;
    %wait E_0x5c337db46680;
    %pushi/vec4 1, 0, 1;
    %store/vec4 v0x5c337dbce340_0, 0, 1;
    %pushi/vec4 0, 0, 1;
    %store/vec4 v0x5c337dbce430_0, 0, 1;
    %load/vec4 v0x5c337dbcd430_0;
    %store/vec4 v0x5c337dbce120_0, 0, 4;
    %load/vec4 v0x5c337dbcd530_0;
    %store/vec4 v0x5c337dbce230_0, 0, 128;
    %wait E_0x5c337db46680;
    %pushi/vec4 0, 0, 1;
    %store/vec4 v0x5c337dbce340_0, 0, 1;
    %end;
    .scope S_0x5c337dbb9a80;
T_6 ;
    %wait E_0x5c337db46f10;
    %load/vec4 v0x5c337dbba3d0_0;
    %pad/u 32;
    %pushi/vec4 0, 0, 32;
    %cmp/ne;
    %flag_get/vec4 4;
    %store/vec4 v0x5c337dbbaab0_0, 0, 1;
    %load/vec4 v0x5c337dbbaf10_0;
    %parti/s 4, 0, 2;
    %pad/u 6;
    %ix/vec4 4;
    %load/vec4a v0x5c337dbba500, 4;
    %store/vec4 v0x5c337dbba7c0_0, 0, 8;
    %load/vec4 v0x5c337dbbaf10_0;
    %parti/s 4, 0, 2;
    %pad/u 6;
    %ix/vec4 4;
    %load/vec4a v0x5c337dbbac20, 4;
    %store/vec4 v0x5c337dbba880_0, 0, 1;
    %jmp T_6;
    .thread T_6, $push;
    .scope S_0x5c337dbb9a80;
T_7 ;
    %wait E_0x5c337db46c60;
    %load/vec4 v0x5c337dbbb0b0_0;
    %nor/r;
    %flag_set/vec4 8;
    %jmp/0xz  T_7.0, 8;
    %pushi/vec4 0, 0, 5;
    %assign/vec4 v0x5c337dbbb470_0, 0;
    %pushi/vec4 0, 0, 5;
    %assign/vec4 v0x5c337dbbaf10_0, 0;
    %pushi/vec4 0, 0, 5;
    %assign/vec4 v0x5c337dbba3d0_0, 0;
    %pushi/vec4 0, 0, 32;
    %store/vec4 v0x5c337dbbab80_0, 0, 32;
T_7.2 ;
    %load/vec4 v0x5c337dbbab80_0;
    %cmpi/s 16, 0, 32;
    %jmp/0xz T_7.3, 5;
    %pushi/vec4 0, 0, 8;
    %ix/getv/s 3, v0x5c337dbbab80_0;
    %ix/load 4, 0, 0; Constant delay
    %assign/vec4/a/d v0x5c337dbba500, 0, 4;
    %pushi/vec4 0, 0, 1;
    %ix/getv/s 3, v0x5c337dbbab80_0;
    %ix/load 4, 0, 0; Constant delay
    %assign/vec4/a/d v0x5c337dbbac20, 0, 4;
    %load/vec4 v0x5c337dbbab80_0;
    %addi 1, 0, 32;
    %store/vec4 v0x5c337dbbab80_0, 0, 32;
    %jmp T_7.2;
T_7.3 ;
    %jmp T_7.1;
T_7.0 ;
    %load/vec4 v0x5c337dbbb550_0;
    %load/vec4 v0x5c337dbbaff0_0;
    %concat/vec4; draw_concat_vec4
    %dup/vec4;
    %pushi/vec4 2, 0, 2;
    %cmp/u;
    %jmp/1 T_7.4, 6;
    %dup/vec4;
    %pushi/vec4 1, 0, 2;
    %cmp/u;
    %jmp/1 T_7.5, 6;
    %dup/vec4;
    %pushi/vec4 3, 0, 2;
    %cmp/u;
    %jmp/1 T_7.6, 6;
    %jmp T_7.8;
T_7.4 ;
    %load/vec4 v0x5c337dbbb150_0;
    %load/vec4 v0x5c337dbbb470_0;
    %parti/s 4, 0, 2;
    %pad/u 6;
    %ix/vec4 3;
    %ix/load 4, 0, 0; Constant delay
    %assign/vec4/a/d v0x5c337dbba500, 0, 4;
    %load/vec4 v0x5c337dbbb230_0;
    %load/vec4 v0x5c337dbbb470_0;
    %parti/s 4, 0, 2;
    %pad/u 6;
    %ix/vec4 3;
    %ix/load 4, 0, 0; Constant delay
    %assign/vec4/a/d v0x5c337dbbac20, 0, 4;
    %load/vec4 v0x5c337dbbb470_0;
    %addi 1, 0, 5;
    %assign/vec4 v0x5c337dbbb470_0, 0;
    %load/vec4 v0x5c337dbba3d0_0;
    %addi 1, 0, 5;
    %assign/vec4 v0x5c337dbba3d0_0, 0;
    %jmp T_7.8;
T_7.5 ;
    %load/vec4 v0x5c337dbbaf10_0;
    %addi 1, 0, 5;
    %assign/vec4 v0x5c337dbbaf10_0, 0;
    %load/vec4 v0x5c337dbba3d0_0;
    %subi 1, 0, 5;
    %assign/vec4 v0x5c337dbba3d0_0, 0;
    %jmp T_7.8;
T_7.6 ;
    %load/vec4 v0x5c337dbbb150_0;
    %load/vec4 v0x5c337dbbb470_0;
    %parti/s 4, 0, 2;
    %pad/u 6;
    %ix/vec4 3;
    %ix/load 4, 0, 0; Constant delay
    %assign/vec4/a/d v0x5c337dbba500, 0, 4;
    %load/vec4 v0x5c337dbbb230_0;
    %load/vec4 v0x5c337dbbb470_0;
    %parti/s 4, 0, 2;
    %pad/u 6;
    %ix/vec4 3;
    %ix/load 4, 0, 0; Constant delay
    %assign/vec4/a/d v0x5c337dbbac20, 0, 4;
    %load/vec4 v0x5c337dbbb470_0;
    %addi 1, 0, 5;
    %assign/vec4 v0x5c337dbbb470_0, 0;
    %load/vec4 v0x5c337dbbaf10_0;
    %addi 1, 0, 5;
    %assign/vec4 v0x5c337dbbaf10_0, 0;
    %jmp T_7.8;
T_7.8 ;
    %pop/vec4 1;
T_7.1 ;
    %jmp T_7;
    .thread T_7;
    .scope S_0x5c337dbb6c00;
T_8 ;
    %wait E_0x5c337db46c60;
    %load/vec4 v0x5c337dbb79b0_0;
    %nor/r;
    %flag_set/vec4 8;
    %jmp/0xz  T_8.0, 8;
    %pushi/vec4 0, 0, 9;
    %assign/vec4 v0x5c337dbb7a50_0, 0;
    %pushi/vec4 0, 0, 9;
    %assign/vec4 v0x5c337dbb75b0_0, 0;
    %pushi/vec4 0, 0, 1;
    %assign/vec4 v0x5c337dbb7750_0, 0;
    %pushi/vec4 0, 0, 1;
    %assign/vec4 v0x5c337dbb78f0_0, 0;
    %pushi/vec4 0, 0, 32;
    %store/vec4 v0x5c337dbb7810_0, 0, 32;
T_8.2 ;
    %load/vec4 v0x5c337dbb7810_0;
    %cmpi/s 192, 0, 32;
    %jmp/0xz T_8.3, 5;
    %pushi/vec4 0, 0, 8;
    %ix/load 5, 0, 0;
    %load/vec4 v0x5c337dbb7810_0;
    %muli 8, 0, 32;
    %ix/vec4/s 4;
    %assign/vec4/off/d v0x5c337dbb74d0_0, 4, 5;
    %load/vec4 v0x5c337dbb7810_0;
    %addi 1, 0, 32;
    %store/vec4 v0x5c337dbb7810_0, 0, 32;
    %jmp T_8.2;
T_8.3 ;
    %jmp T_8.1;
T_8.0 ;
    %load/vec4 v0x5c337dbb7750_0;
    %flag_set/vec4 9;
    %flag_get/vec4 9;
    %jmp/0 T_8.6, 9;
    %load/vec4 v0x5c337dbb7690_0;
    %and;
T_8.6;
    %flag_set/vec4 8;
    %jmp/0xz  T_8.4, 8;
    %pushi/vec4 0, 0, 1;
    %assign/vec4 v0x5c337dbb7750_0, 0;
T_8.4 ;
    %load/vec4 v0x5c337dbb73c0_0;
    %flag_set/vec4 9;
    %flag_get/vec4 9;
    %jmp/0 T_8.9, 9;
    %load/vec4 v0x5c337dbb7300_0;
    %and;
T_8.9;
    %flag_set/vec4 8;
    %jmp/0xz  T_8.7, 8;
    %load/vec4 v0x5c337dbb78f0_0;
    %nor/r;
    %flag_set/vec4 8;
    %jmp/0xz  T_8.10, 8;
    %pushi/vec4 1, 0, 1;
    %assign/vec4 v0x5c337dbb78f0_0, 0;
    %pushi/vec4 1, 0, 9;
    %assign/vec4 v0x5c337dbb7a50_0, 0;
    %pushi/vec4 1, 0, 9;
    %assign/vec4 v0x5c337dbb75b0_0, 0;
    %pushi/vec4 0, 0, 1;
    %assign/vec4 v0x5c337dbb7750_0, 0;
    %load/vec4 v0x5c337dbb7170_0;
    %ix/load 4, 0, 0;
    %ix/load 5, 0, 0;
    %flag_set/imm 4, 0;
    %assign/vec4/off/d v0x5c337dbb74d0_0, 4, 5;
    %jmp T_8.11;
T_8.10 ;
    %load/vec4 v0x5c337dbb75b0_0;
    %addi 1, 0, 9;
    %assign/vec4 v0x5c337dbb75b0_0, 0;
    %load/vec4 v0x5c337dbb7a50_0;
    %pad/u 32;
    %cmpi/u 192, 0, 32;
    %jmp/0xz  T_8.12, 5;
    %load/vec4 v0x5c337dbb7170_0;
    %ix/load 5, 0, 0;
    %load/vec4 v0x5c337dbb7a50_0;
    %pad/u 32;
    %muli 8, 0, 32;
    %ix/vec4 4;
    %assign/vec4/off/d v0x5c337dbb74d0_0, 4, 5;
    %load/vec4 v0x5c337dbb7a50_0;
    %addi 1, 0, 9;
    %assign/vec4 v0x5c337dbb7a50_0, 0;
    %load/vec4 v0x5c337dbb7a50_0;
    %pad/u 32;
    %cmpi/e 191, 0, 32;
    %jmp/0xz  T_8.14, 4;
    %pushi/vec4 1, 0, 1;
    %assign/vec4 v0x5c337dbb7750_0, 0;
T_8.14 ;
T_8.12 ;
    %load/vec4 v0x5c337dbb7230_0;
    %flag_set/vec4 9;
    %flag_get/vec4 9;
    %jmp/0 T_8.18, 9;
    %load/vec4 v0x5c337dbb7a50_0;
    %pad/u 32;
    %cmpi/u 192, 0, 32;
    %flag_get/vec4 5;
    %and;
T_8.18;
    %flag_set/vec4 8;
    %jmp/0xz  T_8.16, 8;
    %pushi/vec4 1, 0, 1;
    %assign/vec4 v0x5c337dbb7750_0, 0;
T_8.16 ;
T_8.11 ;
    %load/vec4 v0x5c337dbb7230_0;
    %flag_set/vec4 8;
    %jmp/0xz  T_8.19, 8;
    %pushi/vec4 0, 0, 1;
    %assign/vec4 v0x5c337dbb78f0_0, 0;
T_8.19 ;
T_8.7 ;
T_8.1 ;
    %jmp T_8;
    .thread T_8;
    .scope S_0x5c337dbb7c50;
T_9 ;
    %wait E_0x5c337db46c60;
    %load/vec4 v0x5c337dbb88d0_0;
    %nor/r;
    %flag_set/vec4 8;
    %jmp/0xz  T_9.0, 8;
    %pushi/vec4 0, 0, 1;
    %assign/vec4 v0x5c337dbb8490_0, 0;
    %pushi/vec4 0, 0, 1536;
    %assign/vec4 v0x5c337dbb8330_0, 0;
    %jmp T_9.1;
T_9.0 ;
    %load/vec4 v0x5c337dbb8800_0;
    %flag_set/vec4 9;
    %flag_get/vec4 9;
    %jmp/0 T_9.4, 9;
    %load/vec4 v0x5c337dbb8730_0;
    %and;
T_9.4;
    %flag_set/vec4 8;
    %jmp/0xz  T_9.2, 8;
    %pushi/vec4 1, 0, 1;
    %assign/vec4 v0x5c337dbb8490_0, 0;
    %load/vec4 v0x5c337dbb85a0_0;
    %assign/vec4 v0x5c337dbb8330_0, 0;
    %jmp T_9.3;
T_9.2 ;
    %load/vec4 v0x5c337dbb8490_0;
    %flag_set/vec4 9;
    %flag_get/vec4 9;
    %jmp/0 T_9.7, 9;
    %load/vec4 v0x5c337dbb83d0_0;
    %and;
T_9.7;
    %flag_set/vec4 8;
    %jmp/0xz  T_9.5, 8;
    %pushi/vec4 0, 0, 1;
    %assign/vec4 v0x5c337dbb8490_0, 0;
T_9.5 ;
T_9.3 ;
T_9.1 ;
    %jmp T_9;
    .thread T_9;
    .scope S_0x5c337dbbb750;
T_10 ;
    %wait E_0x5c337db46c60;
    %load/vec4 v0x5c337dbbd9a0_0;
    %nor/r;
    %flag_set/vec4 8;
    %jmp/0xz  T_10.0, 8;
    %pushi/vec4 0, 0, 4;
    %assign/vec4 v0x5c337dbbdce0_0, 0;
    %jmp T_10.1;
T_10.0 ;
    %load/vec4 v0x5c337dbbdce0_0;
    %dup/vec4;
    %pushi/vec4 0, 0, 4;
    %cmp/u;
    %jmp/1 T_10.2, 6;
    %dup/vec4;
    %pushi/vec4 2, 0, 4;
    %cmp/u;
    %jmp/1 T_10.3, 6;
    %dup/vec4;
    %pushi/vec4 3, 0, 4;
    %cmp/u;
    %jmp/1 T_10.4, 6;
    %dup/vec4;
    %pushi/vec4 4, 0, 4;
    %cmp/u;
    %jmp/1 T_10.5, 6;
    %dup/vec4;
    %pushi/vec4 5, 0, 4;
    %cmp/u;
    %jmp/1 T_10.6, 6;
    %dup/vec4;
    %pushi/vec4 6, 0, 4;
    %cmp/u;
    %jmp/1 T_10.7, 6;
    %dup/vec4;
    %pushi/vec4 7, 0, 4;
    %cmp/u;
    %jmp/1 T_10.8, 6;
    %dup/vec4;
    %pushi/vec4 8, 0, 4;
    %cmp/u;
    %jmp/1 T_10.9, 6;
    %dup/vec4;
    %pushi/vec4 9, 0, 4;
    %cmp/u;
    %jmp/1 T_10.10, 6;
    %dup/vec4;
    %pushi/vec4 10, 0, 4;
    %cmp/u;
    %jmp/1 T_10.11, 6;
    %dup/vec4;
    %pushi/vec4 11, 0, 4;
    %cmp/u;
    %jmp/1 T_10.12, 6;
    %pushi/vec4 0, 0, 4;
    %assign/vec4 v0x5c337dbbdce0_0, 0;
    %jmp T_10.14;
T_10.2 ;
    %load/vec4 v0x5c337dbbd180_0;
    %flag_set/vec4 8;
    %jmp/0xz  T_10.15, 8;
    %pushi/vec4 2, 0, 4;
    %assign/vec4 v0x5c337dbbdce0_0, 0;
T_10.15 ;
    %jmp T_10.14;
T_10.3 ;
    %load/vec4 v0x5c337dbbcfc0_0;
    %parti/s 8, 0, 2;
    %load/vec4 v0x5c337dbbcfc0_0;
    %parti/s 8, 8, 5;
    %concat/vec4; draw_concat_vec4
    %load/vec4 v0x5c337dbbcfc0_0;
    %parti/s 8, 16, 6;
    %concat/vec4; draw_concat_vec4
    %load/vec4 v0x5c337dbbcfc0_0;
    %parti/s 8, 24, 6;
    %concat/vec4; draw_concat_vec4
    %load/vec4 v0x5c337dbbcfc0_0;
    %parti/s 8, 32, 7;
    %concat/vec4; draw_concat_vec4
    %load/vec4 v0x5c337dbbcfc0_0;
    %parti/s 8, 40, 7;
    %concat/vec4; draw_concat_vec4
    %assign/vec4 v0x5c337dbbcb20_0, 0;
    %load/vec4 v0x5c337dbbcfc0_0;
    %parti/s 8, 48, 7;
    %load/vec4 v0x5c337dbbcfc0_0;
    %parti/s 8, 56, 7;
    %concat/vec4; draw_concat_vec4
    %load/vec4 v0x5c337dbbcfc0_0;
    %parti/s 8, 64, 8;
    %concat/vec4; draw_concat_vec4
    %load/vec4 v0x5c337dbbcfc0_0;
    %parti/s 8, 72, 8;
    %concat/vec4; draw_concat_vec4
    %load/vec4 v0x5c337dbbcfc0_0;
    %parti/s 8, 80, 8;
    %concat/vec4; draw_concat_vec4
    %load/vec4 v0x5c337dbbcfc0_0;
    %parti/s 8, 88, 8;
    %concat/vec4; draw_concat_vec4
    %assign/vec4 v0x5c337dbbdb30_0, 0;
    %load/vec4 v0x5c337dbbcfc0_0;
    %parti/s 8, 96, 8;
    %load/vec4 v0x5c337dbbcfc0_0;
    %parti/s 8, 104, 8;
    %concat/vec4; draw_concat_vec4
    %assign/vec4 v0x5c337dbbce20_0, 0;
    %pushi/vec4 14, 0, 16;
    %assign/vec4 v0x5c337dbbd700_0, 0;
    %load/vec4 v0x5c337dbbcfc0_0;
    %parti/s 8, 96, 8;
    %load/vec4 v0x5c337dbbcfc0_0;
    %parti/s 8, 104, 8;
    %concat/vec4; draw_concat_vec4
    %cmpi/e 33024, 0, 16;
    %jmp/0xz  T_10.17, 4;
    %pushi/vec4 1, 0, 1;
    %assign/vec4 v0x5c337dbbcf00_0, 0;
    %pushi/vec4 3, 0, 4;
    %assign/vec4 v0x5c337dbbdce0_0, 0;
    %jmp T_10.18;
T_10.17 ;
    %pushi/vec4 0, 0, 1;
    %assign/vec4 v0x5c337dbbcf00_0, 0;
    %pushi/vec4 4, 0, 4;
    %assign/vec4 v0x5c337dbbdce0_0, 0;
T_10.18 ;
    %jmp T_10.14;
T_10.4 ;
    %load/vec4 v0x5c337dbbcfc0_0;
    %parti/s 8, 112, 8;
    %assign/vec4 v0x5c337dbbc7c0_0, 0;
    %load/vec4 v0x5c337dbbc7c0_0;
    %parti/s 4, 0, 2;
    %load/vec4 v0x5c337dbbcfc0_0;
    %parti/s 8, 120, 8;
    %concat/vec4; draw_concat_vec4
    %assign/vec4 v0x5c337dbbdf60_0, 0;
    %load/vec4 v0x5c337dbbcfc0_0;
    %parti/s 8, 128, 9;
    %load/vec4 v0x5c337dbbcfc0_0;
    %parti/s 8, 136, 9;
    %concat/vec4; draw_concat_vec4
    %assign/vec4 v0x5c337dbbce20_0, 0;
    %pushi/vec4 18, 0, 16;
    %assign/vec4 v0x5c337dbbd700_0, 0;
    %pushi/vec4 4, 0, 4;
    %assign/vec4 v0x5c337dbbdce0_0, 0;
    %jmp T_10.14;
T_10.5 ;
    %load/vec4 v0x5c337dbbce20_0;
    %pushi/vec4 2048, 0, 16;
    %cmp/e;
    %flag_get/vec4 4;
    %assign/vec4 v0x5c337dbbd560_0, 0;
    %load/vec4 v0x5c337dbbce20_0;
    %pushi/vec4 2054, 0, 16;
    %cmp/e;
    %flag_get/vec4 4;
    %assign/vec4 v0x5c337dbbd3c0_0, 0;
    %load/vec4 v0x5c337dbbce20_0;
    %pushi/vec4 34525, 0, 16;
    %cmp/e;
    %flag_get/vec4 4;
    %assign/vec4 v0x5c337dbbd630_0, 0;
    %load/vec4 v0x5c337dbbce20_0;
    %cmpi/e 2054, 0, 16;
    %jmp/0xz  T_10.19, 4;
    %pushi/vec4 11, 0, 4;
    %assign/vec4 v0x5c337dbbdce0_0, 0;
    %jmp T_10.20;
T_10.19 ;
    %load/vec4 v0x5c337dbbce20_0;
    %cmpi/e 2048, 0, 16;
    %jmp/0xz  T_10.21, 4;
    %load/vec4 v0x5c337dbbcfc0_0;
    %load/vec4 v0x5c337dbbd700_0;
    %pad/u 32;
    %addi 1, 0, 32;
    %muli 8, 0, 32;
    %part/u 8;
    %assign/vec4 v0x5c337dbbc7c0_0, 0;
    %pushi/vec4 5, 0, 4;
    %assign/vec4 v0x5c337dbbdce0_0, 0;
    %jmp T_10.22;
T_10.21 ;
    %load/vec4 v0x5c337dbbce20_0;
    %cmpi/e 34525, 0, 16;
    %jmp/0xz  T_10.23, 4;
    %pushi/vec4 9, 0, 4;
    %assign/vec4 v0x5c337dbbdce0_0, 0;
    %jmp T_10.24;
T_10.23 ;
    %pushi/vec4 11, 0, 4;
    %assign/vec4 v0x5c337dbbdce0_0, 0;
T_10.24 ;
T_10.22 ;
T_10.20 ;
    %jmp T_10.14;
T_10.6 ;
    %load/vec4 v0x5c337dbbc7c0_0;
    %parti/s 6, 2, 3;
    %assign/vec4 v0x5c337dbbc990_0, 0;
    %load/vec4 v0x5c337dbbc7c0_0;
    %parti/s 2, 0, 2;
    %assign/vec4 v0x5c337dbbcd60_0, 0;
    %load/vec4 v0x5c337dbbcfc0_0;
    %load/vec4 v0x5c337dbbd700_0;
    %pad/u 32;
    %addi 8, 0, 32;
    %muli 8, 0, 32;
    %part/u 8;
    %assign/vec4 v0x5c337dbbde80_0, 0;
    %load/vec4 v0x5c337dbbcfc0_0;
    %load/vec4 v0x5c337dbbd700_0;
    %pad/u 32;
    %addi 9, 0, 32;
    %muli 8, 0, 32;
    %part/u 8;
    %assign/vec4 v0x5c337dbbd2f0_0, 0;
    %load/vec4 v0x5c337dbbcfc0_0;
    %load/vec4 v0x5c337dbbd700_0;
    %pad/u 32;
    %addi 6, 0, 32;
    %muli 8, 0, 32;
    %part/u 8;
    %assign/vec4 v0x5c337dbbc7c0_0, 0;
    %pushi/vec4 6, 0, 4;
    %assign/vec4 v0x5c337dbbdce0_0, 0;
    %jmp T_10.14;
T_10.7 ;
    %load/vec4 v0x5c337dbbc7c0_0;
    %parti/s 1, 5, 4;
    %cmpi/e 1, 0, 1;
    %flag_get/vec4 4;
    %jmp/1 T_10.25, 4;
    %load/vec4 v0x5c337dbbc7c0_0;
    %parti/s 5, 0, 2;
    %load/vec4 v0x5c337dbbcfc0_0;
    %load/vec4 v0x5c337dbbd700_0;
    %pad/u 32;
    %addi 7, 0, 32;
    %muli 8, 0, 32;
    %part/u 8;
    %concat/vec4; draw_concat_vec4
    %pushi/vec4 0, 0, 13;
    %cmp/ne;
    %flag_get/vec4 4;
    %or;
T_10.25;
    %assign/vec4 v0x5c337dbbd490_0, 0;
    %pushi/vec4 7, 0, 4;
    %assign/vec4 v0x5c337dbbdce0_0, 0;
    %jmp T_10.14;
T_10.8 ;
    %load/vec4 v0x5c337dbbcfc0_0;
    %load/vec4 v0x5c337dbbd700_0;
    %pad/u 32;
    %addi 12, 0, 32;
    %muli 8, 0, 32;
    %part/u 8;
    %load/vec4 v0x5c337dbbcfc0_0;
    %load/vec4 v0x5c337dbbd700_0;
    %pad/u 32;
    %addi 13, 0, 32;
    %muli 8, 0, 32;
    %part/u 8;
    %concat/vec4; draw_concat_vec4
    %load/vec4 v0x5c337dbbcfc0_0;
    %load/vec4 v0x5c337dbbd700_0;
    %pad/u 32;
    %addi 14, 0, 32;
    %muli 8, 0, 32;
    %part/u 8;
    %concat/vec4; draw_concat_vec4
    %load/vec4 v0x5c337dbbcfc0_0;
    %load/vec4 v0x5c337dbbd700_0;
    %pad/u 32;
    %addi 15, 0, 32;
    %muli 8, 0, 32;
    %part/u 8;
    %concat/vec4; draw_concat_vec4
    %assign/vec4 v0x5c337dbbda40_0, 0;
    %load/vec4 v0x5c337dbbcfc0_0;
    %load/vec4 v0x5c337dbbd700_0;
    %pad/u 32;
    %addi 16, 0, 32;
    %muli 8, 0, 32;
    %part/u 8;
    %load/vec4 v0x5c337dbbcfc0_0;
    %load/vec4 v0x5c337dbbd700_0;
    %pad/u 32;
    %addi 17, 0, 32;
    %muli 8, 0, 32;
    %part/u 8;
    %concat/vec4; draw_concat_vec4
    %load/vec4 v0x5c337dbbcfc0_0;
    %load/vec4 v0x5c337dbbd700_0;
    %pad/u 32;
    %addi 18, 0, 32;
    %muli 8, 0, 32;
    %part/u 8;
    %concat/vec4; draw_concat_vec4
    %load/vec4 v0x5c337dbbcfc0_0;
    %load/vec4 v0x5c337dbbd700_0;
    %pad/u 32;
    %addi 19, 0, 32;
    %muli 8, 0, 32;
    %part/u 8;
    %concat/vec4; draw_concat_vec4
    %assign/vec4 v0x5c337dbbca50_0, 0;
    %load/vec4 v0x5c337dbbcfc0_0;
    %load/vec4 v0x5c337dbbd700_0;
    %pad/u 32;
    %muli 8, 0, 32;
    %part/u 8;
    %assign/vec4 v0x5c337dbbc7c0_0, 0;
    %pushi/vec4 8, 0, 4;
    %assign/vec4 v0x5c337dbbdce0_0, 0;
    %jmp T_10.14;
T_10.9 ;
    %load/vec4 v0x5c337dbbd700_0;
    %load/vec4 v0x5c337dbbc7c0_0;
    %parti/s 4, 0, 2;
    %pad/u 16;
    %ix/load 4, 2, 0;
    %flag_set/imm 4, 0;
    %shiftl 4;
    %add;
    %assign/vec4 v0x5c337dbbd7a0_0, 0;
    %pushi/vec4 10, 0, 4;
    %assign/vec4 v0x5c337dbbdce0_0, 0;
    %jmp T_10.14;
T_10.10 ;
    %load/vec4 v0x5c337dbbcfc0_0;
    %load/vec4 v0x5c337dbbd700_0;
    %pad/u 32;
    %addi 6, 0, 32;
    %muli 8, 0, 32;
    %part/u 8;
    %assign/vec4 v0x5c337dbbd2f0_0, 0;
    %load/vec4 v0x5c337dbbd700_0;
    %addi 40, 0, 16;
    %assign/vec4 v0x5c337dbbd7a0_0, 0;
    %pushi/vec4 10, 0, 4;
    %assign/vec4 v0x5c337dbbdce0_0, 0;
    %jmp T_10.14;
T_10.11 ;
    %load/vec4 v0x5c337dbbd2f0_0;
    %cmpi/e 6, 0, 8;
    %jmp/0xz  T_10.26, 4;
    %load/vec4 v0x5c337dbbcfc0_0;
    %load/vec4 v0x5c337dbbd7a0_0;
    %pad/u 32;
    %muli 8, 0, 32;
    %part/u 8;
    %load/vec4 v0x5c337dbbcfc0_0;
    %load/vec4 v0x5c337dbbd7a0_0;
    %pad/u 32;
    %addi 1, 0, 32;
    %muli 8, 0, 32;
    %part/u 8;
    %concat/vec4; draw_concat_vec4
    %assign/vec4 v0x5c337dbbdbf0_0, 0;
    %load/vec4 v0x5c337dbbcfc0_0;
    %load/vec4 v0x5c337dbbd7a0_0;
    %pad/u 32;
    %addi 2, 0, 32;
    %muli 8, 0, 32;
    %part/u 8;
    %load/vec4 v0x5c337dbbcfc0_0;
    %load/vec4 v0x5c337dbbd7a0_0;
    %pad/u 32;
    %addi 3, 0, 32;
    %muli 8, 0, 32;
    %part/u 8;
    %concat/vec4; draw_concat_vec4
    %assign/vec4 v0x5c337dbbcbe0_0, 0;
    %load/vec4 v0x5c337dbbcfc0_0;
    %load/vec4 v0x5c337dbbd7a0_0;
    %pad/u 32;
    %addi 13, 0, 32;
    %muli 8, 0, 32;
    %part/u 8;
    %assign/vec4 v0x5c337dbbdda0_0, 0;
    %jmp T_10.27;
T_10.26 ;
    %load/vec4 v0x5c337dbbd2f0_0;
    %cmpi/e 17, 0, 8;
    %jmp/0xz  T_10.28, 4;
    %load/vec4 v0x5c337dbbcfc0_0;
    %load/vec4 v0x5c337dbbd7a0_0;
    %pad/u 32;
    %muli 8, 0, 32;
    %part/u 8;
    %load/vec4 v0x5c337dbbcfc0_0;
    %load/vec4 v0x5c337dbbd7a0_0;
    %pad/u 32;
    %addi 1, 0, 32;
    %muli 8, 0, 32;
    %part/u 8;
    %concat/vec4; draw_concat_vec4
    %assign/vec4 v0x5c337dbbdbf0_0, 0;
    %load/vec4 v0x5c337dbbcfc0_0;
    %load/vec4 v0x5c337dbbd7a0_0;
    %pad/u 32;
    %addi 2, 0, 32;
    %muli 8, 0, 32;
    %part/u 8;
    %load/vec4 v0x5c337dbbcfc0_0;
    %load/vec4 v0x5c337dbbd7a0_0;
    %pad/u 32;
    %addi 3, 0, 32;
    %muli 8, 0, 32;
    %part/u 8;
    %concat/vec4; draw_concat_vec4
    %assign/vec4 v0x5c337dbbcbe0_0, 0;
    %jmp T_10.29;
T_10.28 ;
    %load/vec4 v0x5c337dbbd2f0_0;
    %cmpi/e 1, 0, 8;
    %jmp/1 T_10.32, 4;
    %flag_mov 8, 4;
    %load/vec4 v0x5c337dbbd2f0_0;
    %cmpi/e 58, 0, 8;
    %flag_or 4, 8;
T_10.32;
    %jmp/0xz  T_10.30, 4;
    %load/vec4 v0x5c337dbbcfc0_0;
    %load/vec4 v0x5c337dbbd7a0_0;
    %pad/u 32;
    %muli 8, 0, 32;
    %part/u 8;
    %assign/vec4 v0x5c337dbbd250_0, 0;
T_10.30 ;
T_10.29 ;
T_10.27 ;
    %pushi/vec4 11, 0, 4;
    %assign/vec4 v0x5c337dbbdce0_0, 0;
    %jmp T_10.14;
T_10.12 ;
    %load/vec4 v0x5c337dbbd840_0;
    %flag_set/vec4 8;
    %jmp/0xz  T_10.33, 8;
    %pushi/vec4 0, 0, 4;
    %assign/vec4 v0x5c337dbbdce0_0, 0;
T_10.33 ;
    %jmp T_10.14;
T_10.14 ;
    %pop/vec4 1;
T_10.1 ;
    %jmp T_10;
    .thread T_10;
    .scope S_0x5c337dbbe350;
T_11 ;
    %wait E_0x5c337db46c60;
    %load/vec4 v0x5c337dbbfc00_0;
    %nor/r;
    %flag_set/vec4 8;
    %jmp/0xz  T_11.0, 8;
    %pushi/vec4 0, 0, 1;
    %assign/vec4 v0x5c337dbbf920_0, 0;
    %jmp T_11.1;
T_11.0 ;
    %load/vec4 v0x5c337dbbf920_0;
    %flag_set/vec4 9;
    %flag_get/vec4 9;
    %jmp/0 T_11.4, 9;
    %load/vec4 v0x5c337dbbf6a0_0;
    %and;
T_11.4;
    %flag_set/vec4 8;
    %jmp/0xz  T_11.2, 8;
    %pushi/vec4 0, 0, 1;
    %assign/vec4 v0x5c337dbbf920_0, 0;
T_11.2 ;
    %load/vec4 v0x5c337dbbfb60_0;
    %flag_set/vec4 9;
    %flag_get/vec4 9;
    %jmp/0 T_11.7, 9;
    %load/vec4 v0x5c337dbbfac0_0;
    %and;
T_11.7;
    %flag_set/vec4 8;
    %jmp/0xz  T_11.5, 8;
    %pushi/vec4 1, 0, 1;
    %assign/vec4 v0x5c337dbbf920_0, 0;
    %load/vec4 v0x5c337dbbfca0_0;
    %assign/vec4 v0x5c337dbbf760_0, 0;
    %load/vec4 v0x5c337dbbe910_0;
    %assign/vec4 v0x5c337dbbf100_0, 0;
    %load/vec4 v0x5c337dbbeac0_0;
    %assign/vec4 v0x5c337dbbf2c0_0, 0;
    %load/vec4 v0x5c337dbbfd90_0;
    %assign/vec4 v0x5c337dbbf840_0, 0;
    %load/vec4 v0x5c337dbbe9b0_0;
    %assign/vec4 v0x5c337dbbf1e0_0, 0;
    %load/vec4 v0x5c337dbbfe80_0;
    %assign/vec4 v0x5c337dbbf9e0_0, 0;
    %load/vec4 v0x5c337dbbe850_0;
    %assign/vec4 v0x5c337dbbf020_0, 0;
    %load/vec4 v0x5c337dbbee00_0;
    %assign/vec4 v0x5c337dbbf520_0, 0;
    %load/vec4 v0x5c337dbbeef0_0;
    %assign/vec4 v0x5c337dbbf5e0_0, 0;
    %load/vec4 v0x5c337dbbec20_0;
    %assign/vec4 v0x5c337dbbf3a0_0, 0;
    %load/vec4 v0x5c337dbbed10_0;
    %assign/vec4 v0x5c337dbbf460_0, 0;
T_11.5 ;
T_11.1 ;
    %jmp T_11;
    .thread T_11;
    .scope S_0x5c337dbc0310;
T_12 ;
    %wait E_0x5c337db46c60;
    %load/vec4 v0x5c337dbc8190_0;
    %nor/r;
    %flag_set/vec4 8;
    %jmp/0xz  T_12.0, 8;
    %jmp T_12.1;
T_12.0 ;
    %load/vec4 v0x5c337dbc8b20_0;
    %flag_set/vec4 8;
    %jmp/0xz  T_12.2, 8;
    %load/vec4 v0x5c337dbc8be0_0;
    %flag_set/vec4 8;
    %jmp/0xz  T_12.4, 8;
    %load/vec4 v0x5c337dbc8a40_0;
    %load/vec4 v0x5c337dbc8960_0;
    %pad/u 6;
    %ix/vec4 3;
    %ix/load 4, 0, 0; Constant delay
    %assign/vec4/a/d v0x5c337dbc8230, 0, 4;
    %jmp T_12.5;
T_12.4 ;
    %load/vec4 v0x5c337dbc8a40_0;
    %load/vec4 v0x5c337dbc8960_0;
    %pad/u 6;
    %ix/vec4 3;
    %ix/load 4, 0, 0; Constant delay
    %assign/vec4/a/d v0x5c337dbc8610, 0, 4;
T_12.5 ;
T_12.2 ;
T_12.1 ;
    %jmp T_12;
    .thread T_12;
    .scope S_0x5c337dbc0310;
T_13 ;
    %wait E_0x5c337db460c0;
    %pushi/vec4 0, 0, 1;
    %store/vec4 v0x5c337dbc7ce0_0, 0, 1;
    %pushi/vec4 0, 0, 4;
    %store/vec4 v0x5c337dbc7da0_0, 0, 4;
    %load/vec4 v0x5c337dbc8050_0;
    %flag_set/vec4 8;
    %jmp/0xz  T_13.0, 8;
    %pushi/vec4 0, 0, 32;
    %store/vec4 v0x5c337dbc7e60_0, 0, 32;
T_13.2 ;
    %load/vec4 v0x5c337dbc7e60_0;
    %cmpi/s 16, 0, 32;
    %jmp/0xz T_13.3, 5;
    %load/vec4 v0x5c337dbc80f0_0;
    %load/vec4 v0x5c337dbc7e60_0;
    %part/s 1;
    %flag_set/vec4 9;
    %flag_get/vec4 9;
    %jmp/0 T_13.6, 9;
    %load/vec4 v0x5c337dbc7ce0_0;
    %nor/r;
    %and;
T_13.6;
    %flag_set/vec4 8;
    %jmp/0xz  T_13.4, 8;
    %pushi/vec4 1, 0, 1;
    %store/vec4 v0x5c337dbc7ce0_0, 0, 1;
    %load/vec4 v0x5c337dbc7e60_0;
    %parti/s 4, 0, 2;
    %store/vec4 v0x5c337dbc7da0_0, 0, 4;
T_13.4 ;
    %load/vec4 v0x5c337dbc7e60_0;
    %addi 1, 0, 32;
    %store/vec4 v0x5c337dbc7e60_0, 0, 32;
    %jmp T_13.2;
T_13.3 ;
T_13.0 ;
    %jmp T_13;
    .thread T_13, $push;
    .scope S_0x5c337dbc8de0;
T_14 ;
    %wait E_0x5c337db46c60;
    %load/vec4 v0x5c337dbc9440_0;
    %nor/r;
    %flag_set/vec4 8;
    %jmp/0xz  T_14.0, 8;
    %pushi/vec4 0, 0, 1;
    %assign/vec4 v0x5c337dbc9300_0, 0;
    %jmp T_14.1;
T_14.0 ;
    %load/vec4 v0x5c337dbc9300_0;
    %flag_set/vec4 9;
    %flag_get/vec4 9;
    %jmp/0 T_14.4, 9;
    %load/vec4 v0x5c337dbc9260_0;
    %and;
T_14.4;
    %flag_set/vec4 8;
    %jmp/0xz  T_14.2, 8;
    %pushi/vec4 0, 0, 1;
    %assign/vec4 v0x5c337dbc9300_0, 0;
T_14.2 ;
    %load/vec4 v0x5c337dbc9780_0;
    %flag_set/vec4 9;
    %flag_get/vec4 9;
    %jmp/0 T_14.7, 9;
    %load/vec4 v0x5c337dbc9650_0;
    %and;
T_14.7;
    %flag_set/vec4 8;
    %jmp/0xz  T_14.5, 8;
    %pushi/vec4 1, 0, 1;
    %assign/vec4 v0x5c337dbc9300_0, 0;
    %load/vec4 v0x5c337dbc94e0_0;
    %assign/vec4 v0x5c337dbc9100_0, 0;
    %load/vec4 v0x5c337dbc9580_0;
    %assign/vec4 v0x5c337dbc91c0_0, 0;
T_14.5 ;
T_14.1 ;
    %jmp T_14;
    .thread T_14;
    .scope S_0x5c337dbb5c60;
T_15 ;
    %wait E_0x5c337db46680;
    %load/vec4 v0x5c337dbb69c0_0;
    %flag_set/vec4 8;
    %jmp/0xz  T_15.0, 8;
    %load/vec4 v0x5c337dbb6820_0;
    %load/vec4 v0x5c337dbb6740_0;
    %pad/u 6;
    %ix/vec4 3;
    %ix/load 4, 0, 0; Constant delay
    %assign/vec4/a/d v0x5c337dbb6500, 0, 4;
T_15.0 ;
    %load/vec4 v0x5c337dbb6900_0;
    %flag_set/vec4 8;
    %jmp/0xz  T_15.2, 8;
    %load/vec4 v0x5c337dbb6230_0;
    %assign/vec4 v0x5c337db5e5a0_0, 0;
T_15.2 ;
    %jmp T_15;
    .thread T_15;
    .scope S_0x5c337dbb5c60;
T_16 ;
    %wait E_0x5c337db46c60;
    %load/vec4 v0x5c337dbb65c0_0;
    %nor/r;
    %flag_set/vec4 8;
    %jmp/0xz  T_16.0, 8;
    %pushi/vec4 0, 0, 1;
    %assign/vec4 v0x5c337db5ee70_0, 0;
    %jmp T_16.1;
T_16.0 ;
    %load/vec4 v0x5c337dbb6680_0;
    %assign/vec4 v0x5c337db5ee70_0, 0;
    %load/vec4 v0x5c337dbb6680_0;
    %flag_set/vec4 8;
    %jmp/0xz  T_16.2, 8;
    %load/vec4 v0x5c337dbb6360_0;
    %flag_set/vec4 8;
    %jmp/0xz  T_16.4, 8;
    %load/vec4 v0x5c337dbb6420_0;
    %pad/u 6;
    %ix/vec4 4;
    %load/vec4a v0x5c337dbb6500, 4;
    %assign/vec4 v0x5c337db9fc40_0, 0;
    %jmp T_16.5;
T_16.4 ;
    %load/vec4 v0x5c337db5e5a0_0;
    %assign/vec4 v0x5c337db9fc40_0, 0;
T_16.5 ;
T_16.2 ;
T_16.1 ;
    %jmp T_16;
    .thread T_16;
    .scope S_0x5c337db9bb40;
T_17 ;
    %vpi_call 2 8 "$dumpfile", "pipe.vcd" {0 0 0};
    %vpi_call 2 10 "$dumpvars", 32'sb00000000000000000000000000000000, S_0x5c337db9bb40 {0 0 0};
    %pushi/vec4 0, 0, 32;
    %store/vec4 v0x5c337dbcdc10_0, 0, 32;
T_17.0 ;
    %load/vec4 v0x5c337dbcdc10_0;
    %cmpi/s 16, 0, 32;
    %jmp/0xz T_17.1, 5;
    %vpi_call 2 13 "$dumpvars", 32'sb00000000000000000000000000000000, &A<v0x5c337dbba500, v0x5c337dbcdc10_0 > {0 0 0};
    %vpi_call 2 14 "$dumpvars", 32'sb00000000000000000000000000000000, &A<v0x5c337dbbac20, v0x5c337dbcdc10_0 > {0 0 0};
    %load/vec4 v0x5c337dbcdc10_0;
    %addi 1, 0, 32;
    %store/vec4 v0x5c337dbcdc10_0, 0, 32;
    %jmp T_17.0;
T_17.1 ;
    %end;
    .thread T_17;
    .scope S_0x5c337db9bb40;
T_18 ;
    %pushi/vec4 0, 0, 1;
    %store/vec4 v0x5c337dbcdb70_0, 0, 1;
T_18.0 ;
    %delay 2000, 0;
    %load/vec4 v0x5c337dbcdb70_0;
    %inv;
    %store/vec4 v0x5c337dbcdb70_0, 0, 1;
    %jmp T_18.0;
    %end;
    .thread T_18;
    .scope S_0x5c337db9bb40;
T_19 ;
    %pushi/vec4 0, 0, 1;
    %store/vec4 v0x5c337dbcdcf0_0, 0, 1;
    %pushi/vec4 0, 0, 1;
    %store/vec4 v0x5c337dbce030_0, 0, 1;
    %pushi/vec4 0, 0, 8;
    %store/vec4 v0x5c337dbcdd90_0, 0, 8;
    %pushi/vec4 0, 0, 1;
    %store/vec4 v0x5c337dbcde50_0, 0, 1;
    %pushi/vec4 0, 0, 1;
    %store/vec4 v0x5c337dbce340_0, 0, 1;
    %pushi/vec4 0, 0, 1;
    %store/vec4 v0x5c337dbcda30_0, 0, 1;
    %pushi/vec4 0, 0, 1;
    %store/vec4 v0x5c337dbcd940_0, 0, 1;
    %delay 40000, 0;
    %pushi/vec4 1, 0, 1;
    %store/vec4 v0x5c337dbcdcf0_0, 0, 1;
    %end;
    .thread T_19;
    .scope S_0x5c337db9bb40;
T_20 ;
    %wait E_0x5c337db44dc0;
    %delay 20000, 0;
    %pushi/vec4 0, 0, 4;
    %store/vec4 v0x5c337dbcd430_0, 0, 4;
    %pushi/vec4 3221225472, 0, 101;
    %concati/vec4 32, 0, 27;
    %store/vec4 v0x5c337dbcd530_0, 0, 128;
    %fork TD_tb_pipe_top.tcam_write_value, S_0x5c337dbcd250;
    %join;
    %pushi/vec4 0, 0, 4;
    %store/vec4 v0x5c337dbcd070_0, 0, 4;
    %pushi/vec4 4294967295, 0, 32;
    %concati/vec4 4294967295, 0, 32;
    %concati/vec4 4294967295, 0, 40;
    %concati/vec4 32, 0, 24;
    %store/vec4 v0x5c337dbcd170_0, 0, 128;
    %fork TD_tb_pipe_top.tcam_write_mask, S_0x5c337dbcce90;
    %join;
    %pushi/vec4 1, 0, 4;
    %store/vec4 v0x5c337dbcd430_0, 0, 4;
    %pushi/vec4 2281701376, 0, 99;
    %concati/vec4 32, 0, 29;
    %store/vec4 v0x5c337dbcd530_0, 0, 128;
    %fork TD_tb_pipe_top.tcam_write_value, S_0x5c337dbcd250;
    %join;
    %pushi/vec4 1, 0, 4;
    %store/vec4 v0x5c337dbcd070_0, 0, 4;
    %pushi/vec4 4294967295, 0, 32;
    %concati/vec4 4294967295, 0, 32;
    %concati/vec4 4294967295, 0, 40;
    %concati/vec4 32, 0, 24;
    %store/vec4 v0x5c337dbcd170_0, 0, 128;
    %fork TD_tb_pipe_top.tcam_write_mask, S_0x5c337dbcce90;
    %join;
    %pushi/vec4 0, 0, 4;
    %store/vec4 v0x5c337db6b1d0_0, 0, 4;
    %pushi/vec4 2863315899, 0, 32;
    %concati/vec4 3435978205, 0, 32;
    %store/vec4 v0x5c337db6c770_0, 0, 64;
    %fork TD_tb_pipe_top.action_write, S_0x5c337db9b8f0;
    %join;
    %pushi/vec4 1, 0, 4;
    %store/vec4 v0x5c337db6b1d0_0, 0, 4;
    %pushi/vec4 2290684177, 0, 35;
    %concati/vec4 322126916, 0, 29;
    %store/vec4 v0x5c337db6c770_0, 0, 64;
    %fork TD_tb_pipe_top.action_write, S_0x5c337db9b8f0;
    %join;
    %pushi/vec4 3735936685, 0, 32;
    %concati/vec4 3735936685, 0, 32;
    %store/vec4 v0x5c337db6b270_0, 0, 64;
    %fork TD_tb_pipe_top.action_write_default, S_0x5c337dbb5390;
    %join;
    %delay 43000, 0;
    %vpi_call 2 267 "$display", "Short IPv4 TCP" {0 0 0};
    %pushi/vec4 64, 0, 32;
    %store/vec4 v0x5c337dbcccf0_0, 0, 32;
    %pushi/vec4 16, 0, 8;
    %store/vec4 v0x5c337dbccdd0_0, 0, 8;
    %fork TD_tb_pipe_top.send_packet, S_0x5c337dbcc9c0;
    %join;
    %delay 7000, 0;
    %vpi_call 2 271 "$display", "Long packet >192 bytes" {0 0 0};
    %pushi/vec4 300, 0, 32;
    %store/vec4 v0x5c337dbcccf0_0, 0, 32;
    %pushi/vec4 64, 0, 8;
    %store/vec4 v0x5c337dbccdd0_0, 0, 8;
    %fork TD_tb_pipe_top.send_packet, S_0x5c337dbcc9c0;
    %join;
    %delay 7000, 0;
    %vpi_call 2 275 "$display", "Back-to-back packets" {0 0 0};
    %pushi/vec4 80, 0, 32;
    %store/vec4 v0x5c337dbcccf0_0, 0, 32;
    %pushi/vec4 32, 0, 8;
    %store/vec4 v0x5c337dbccdd0_0, 0, 8;
    %fork TD_tb_pipe_top.send_packet, S_0x5c337dbcc9c0;
    %join;
    %pushi/vec4 40, 0, 32;
    %store/vec4 v0x5c337dbcccf0_0, 0, 32;
    %pushi/vec4 48, 0, 8;
    %store/vec4 v0x5c337dbccdd0_0, 0, 8;
    %fork TD_tb_pipe_top.send_packet, S_0x5c337dbcc9c0;
    %join;
    %pushi/vec4 16, 0, 32;
    %store/vec4 v0x5c337dbcccf0_0, 0, 32;
    %pushi/vec4 80, 0, 8;
    %store/vec4 v0x5c337dbccdd0_0, 0, 8;
    %fork TD_tb_pipe_top.send_packet, S_0x5c337dbcc9c0;
    %join;
    %delay 500000, 0;
    %vpi_call 2 281 "$display", "DONE" {0 0 0};
    %vpi_call 2 282 "$finish" {0 0 0};
    %end;
    .thread T_20;
# The file index is used to find the file name in the following table.
:file_names 13;
    "N/A";
    "<interactive>";
    "tb_pipe_top.v";
    "pipe_top.v";
    "action_pipe.v";
    "header_buffer_pipe_fifo.v";
    "header_to_parser_pipe_reg.v";
    "key_builder_pipe.v";
    "mac_rx_fifo.v";
    "parser_fsm_pipe.v";
    "parser_to_key_pipe.v";
    "tcam_ctrl_pipe.v";
    "tcam_to_action_pipe.v";
